running develop
running egg_info
creating gui.egg-info
writing gui.egg-info/PKG-INFO
writing dependency_links to gui.egg-info/dependency_links.txt
writing entry points to gui.egg-info/entry_points.txt
writing requirements to gui.egg-info/requires.txt
writing top-level names to gui.egg-info/top_level.txt
writing manifest file 'gui.egg-info/SOURCES.txt'
reading manifest file 'gui.egg-info/SOURCES.txt'
writing manifest file 'gui.egg-info/SOURCES.txt'
running build_ext
Creating /home/g1/ff_ws/install/gui/lib/python3.10/site-packages/gui.egg-link (link to .)
Installing gui script to /home/g1/ff_ws/install/gui/lib/gui
Installing jobactionserber script to /home/g1/ff_ws/install/gui/lib/gui
Installing sub_img script to /home/g1/ff_ws/install/gui/lib/gui

Installed /home/g1/ff_ws/build/gui
running symlink_data
creating /home/g1/ff_ws/install/gui/share/ament_index/resource_index/packages
symbolically linking /home/g1/ff_ws/build/gui/resource/gui -> /home/g1/ff_ws/install/gui/share/ament_index/resource_index/packages
symbolically linking /home/g1/ff_ws/build/gui/package.xml -> /home/g1/ff_ws/install/gui/share/gui
