[0.242s] Invoking command in '/home/g1/ff_ws/build/moveit_interfaces': CMAKE_PREFIX_PATH=/opt/ros/humble /usr/bin/cmake --build /home/g1/ff_ws/build/moveit_interfaces -- -j16 -l16
[0.303s] [  1%] Built target moveit_interfaces__cpp
[0.309s] [  3%] Built target ament_cmake_python_symlink_moveit_interfaces
[0.309s] [ 12%] Built target moveit_interfaces__rosidl_generator_c
[0.325s] [ 46%] Built target moveit_interfaces__rosidl_typesupport_introspection_cpp
[0.326s] [ 46%] Built target moveit_interfaces__rosidl_typesupport_cpp
[0.326s] [ 46%] Built target moveit_interfaces__rosidl_typesupport_fastrtps_cpp
[0.329s] [ 68%] Built target moveit_interfaces__rosidl_typesupport_c
[0.329s] [ 68%] Built target moveit_interfaces__rosidl_typesupport_introspection_c
[0.331s] [ 79%] Built target moveit_interfaces__rosidl_typesupport_fastrtps_c
[0.349s] [ 79%] Built target moveit_interfaces
[0.367s] [ 80%] Built target moveit_interfaces__py
[0.389s] [ 90%] Built target moveit_interfaces__rosidl_generator_py
[0.408s] [100%] Built target moveit_interfaces__rosidl_typesupport_c__pyext
[0.408s] [100%] Built target moveit_interfaces__rosidl_typesupport_introspection_c__pyext
[0.408s] [100%] Built target moveit_interfaces__rosidl_typesupport_fastrtps_c__pyext
[0.441s] running egg_info
[0.451s] writing moveit_interfaces.egg-info/PKG-INFO
[0.451s] writing dependency_links to moveit_interfaces.egg-info/dependency_links.txt
[0.451s] writing top-level names to moveit_interfaces.egg-info/top_level.txt
[0.480s] reading manifest file 'moveit_interfaces.egg-info/SOURCES.txt'
[0.481s] writing manifest file 'moveit_interfaces.egg-info/SOURCES.txt'
[0.500s] [100%] Built target ament_cmake_python_build_moveit_interfaces_egg
[0.512s] Invoked command in '/home/g1/ff_ws/build/moveit_interfaces' returned '0': CMAKE_PREFIX_PATH=/opt/ros/humble /usr/bin/cmake --build /home/g1/ff_ws/build/moveit_interfaces -- -j16 -l16
[0.523s] Invoking command in '/home/g1/ff_ws/build/moveit_interfaces': CMAKE_PREFIX_PATH=/opt/ros/humble /usr/bin/cmake --install /home/g1/ff_ws/build/moveit_interfaces
[0.528s] -- Install configuration: ""
[0.529s] -- Execute custom install script
[0.530s] -- Up-to-date symlink: /home/g1/ff_ws/install/moveit_interfaces/share/ament_index/resource_index/rosidl_interfaces/moveit_interfaces
[0.530s] -- Up-to-date symlink: /home/g1/ff_ws/install/moveit_interfaces/include/moveit_interfaces/moveit_interfaces/action/conveyor.h
[0.531s] -- Up-to-date symlink: /home/g1/ff_ws/install/moveit_interfaces/include/moveit_interfaces/moveit_interfaces/action/detail/conveyor__functions.h
[0.531s] -- Up-to-date symlink: /home/g1/ff_ws/install/moveit_interfaces/include/moveit_interfaces/moveit_interfaces/action/detail/conveyor__struct.h
[0.531s] -- Up-to-date symlink: /home/g1/ff_ws/install/moveit_interfaces/include/moveit_interfaces/moveit_interfaces/action/detail/conveyor__type_support.h
[0.531s] -- Up-to-date symlink: /home/g1/ff_ws/install/moveit_interfaces/include/moveit_interfaces/moveit_interfaces/msg/detail/detection__functions.h
[0.531s] -- Up-to-date symlink: /home/g1/ff_ws/install/moveit_interfaces/include/moveit_interfaces/moveit_interfaces/msg/detail/detection__struct.h
[0.531s] -- Up-to-date symlink: /home/g1/ff_ws/install/moveit_interfaces/include/moveit_interfaces/moveit_interfaces/msg/detail/detection__type_support.h
[0.531s] -- Up-to-date symlink: /home/g1/ff_ws/install/moveit_interfaces/include/moveit_interfaces/moveit_interfaces/msg/detail/detection_array__functions.h
[0.531s] -- Up-to-date symlink: /home/g1/ff_ws/install/moveit_interfaces/include/moveit_interfaces/moveit_interfaces/msg/detail/detection_array__struct.h
[0.531s] -- Up-to-date symlink: /home/g1/ff_ws/install/moveit_interfaces/include/moveit_interfaces/moveit_interfaces/msg/detail/detection_array__type_support.h
[0.531s] -- Up-to-date symlink: /home/g1/ff_ws/install/moveit_interfaces/include/moveit_interfaces/moveit_interfaces/msg/detail/multi_box_position__functions.h
[0.531s] -- Up-to-date symlink: /home/g1/ff_ws/install/moveit_interfaces/include/moveit_interfaces/moveit_interfaces/msg/detail/multi_box_position__struct.h
[0.531s] -- Up-to-date symlink: /home/g1/ff_ws/install/moveit_interfaces/include/moveit_interfaces/moveit_interfaces/msg/detail/multi_box_position__type_support.h
[0.531s] -- Up-to-date symlink: /home/g1/ff_ws/install/moveit_interfaces/include/moveit_interfaces/moveit_interfaces/msg/detection.h
[0.531s] -- Up-to-date symlink: /home/g1/ff_ws/install/moveit_interfaces/include/moveit_interfaces/moveit_interfaces/msg/detection_array.h
[0.532s] -- Up-to-date symlink: /home/g1/ff_ws/install/moveit_interfaces/include/moveit_interfaces/moveit_interfaces/msg/multi_box_position.h
[0.532s] -- Up-to-date symlink: /home/g1/ff_ws/install/moveit_interfaces/include/moveit_interfaces/moveit_interfaces/msg/rosidl_generator_c__visibility_control.h
[0.532s] -- Up-to-date symlink: /home/g1/ff_ws/install/moveit_interfaces/include/moveit_interfaces/moveit_interfaces/srv/box_position.h
[0.532s] -- Up-to-date symlink: /home/g1/ff_ws/install/moveit_interfaces/include/moveit_interfaces/moveit_interfaces/srv/detail/box_position__functions.h
[0.532s] -- Up-to-date symlink: /home/g1/ff_ws/install/moveit_interfaces/include/moveit_interfaces/moveit_interfaces/srv/detail/box_position__struct.h
[0.532s] -- Up-to-date symlink: /home/g1/ff_ws/install/moveit_interfaces/include/moveit_interfaces/moveit_interfaces/srv/detail/box_position__type_support.h
[0.532s] -- Up-to-date symlink: /home/g1/ff_ws/install/moveit_interfaces/share/moveit_interfaces/environment/library_path.sh
[0.532s] -- Up-to-date symlink: /home/g1/ff_ws/install/moveit_interfaces/share/moveit_interfaces/environment/library_path.dsv
[0.532s] -- Up-to-date symlink: /home/g1/ff_ws/install/moveit_interfaces/include/moveit_interfaces/moveit_interfaces/action/detail/conveyor__rosidl_typesupport_fastrtps_c.h
[0.533s] -- Up-to-date symlink: /home/g1/ff_ws/install/moveit_interfaces/include/moveit_interfaces/moveit_interfaces/msg/detail/detection__rosidl_typesupport_fastrtps_c.h
[0.533s] -- Up-to-date symlink: /home/g1/ff_ws/install/moveit_interfaces/include/moveit_interfaces/moveit_interfaces/msg/detail/detection_array__rosidl_typesupport_fastrtps_c.h
[0.533s] -- Up-to-date symlink: /home/g1/ff_ws/install/moveit_interfaces/include/moveit_interfaces/moveit_interfaces/msg/detail/multi_box_position__rosidl_typesupport_fastrtps_c.h
[0.533s] -- Up-to-date symlink: /home/g1/ff_ws/install/moveit_interfaces/include/moveit_interfaces/moveit_interfaces/msg/rosidl_typesupport_fastrtps_c__visibility_control.h
[0.533s] -- Up-to-date symlink: /home/g1/ff_ws/install/moveit_interfaces/include/moveit_interfaces/moveit_interfaces/srv/detail/box_position__rosidl_typesupport_fastrtps_c.h
[0.533s] -- Up-to-date symlink: /home/g1/ff_ws/install/moveit_interfaces/include/moveit_interfaces/moveit_interfaces/action/conveyor.hpp
[0.533s] -- Up-to-date symlink: /home/g1/ff_ws/install/moveit_interfaces/include/moveit_interfaces/moveit_interfaces/action/detail/conveyor__builder.hpp
[0.533s] -- Up-to-date symlink: /home/g1/ff_ws/install/moveit_interfaces/include/moveit_interfaces/moveit_interfaces/action/detail/conveyor__struct.hpp
[0.533s] -- Up-to-date symlink: /home/g1/ff_ws/install/moveit_interfaces/include/moveit_interfaces/moveit_interfaces/action/detail/conveyor__traits.hpp
[0.533s] -- Up-to-date symlink: /home/g1/ff_ws/install/moveit_interfaces/include/moveit_interfaces/moveit_interfaces/action/detail/conveyor__type_support.hpp
[0.534s] -- Up-to-date symlink: /home/g1/ff_ws/install/moveit_interfaces/include/moveit_interfaces/moveit_interfaces/msg/detail/detection__builder.hpp
[0.534s] -- Up-to-date symlink: /home/g1/ff_ws/install/moveit_interfaces/include/moveit_interfaces/moveit_interfaces/msg/detail/detection__struct.hpp
[0.534s] -- Up-to-date symlink: /home/g1/ff_ws/install/moveit_interfaces/include/moveit_interfaces/moveit_interfaces/msg/detail/detection__traits.hpp
[0.534s] -- Up-to-date symlink: /home/g1/ff_ws/install/moveit_interfaces/include/moveit_interfaces/moveit_interfaces/msg/detail/detection__type_support.hpp
[0.534s] -- Up-to-date symlink: /home/g1/ff_ws/install/moveit_interfaces/include/moveit_interfaces/moveit_interfaces/msg/detail/detection_array__builder.hpp
[0.534s] -- Up-to-date symlink: /home/g1/ff_ws/install/moveit_interfaces/include/moveit_interfaces/moveit_interfaces/msg/detail/detection_array__struct.hpp
[0.534s] -- Up-to-date symlink: /home/g1/ff_ws/install/moveit_interfaces/include/moveit_interfaces/moveit_interfaces/msg/detail/detection_array__traits.hpp
[0.534s] -- Up-to-date symlink: /home/g1/ff_ws/install/moveit_interfaces/include/moveit_interfaces/moveit_interfaces/msg/detail/detection_array__type_support.hpp
[0.534s] -- Up-to-date symlink: /home/g1/ff_ws/install/moveit_interfaces/include/moveit_interfaces/moveit_interfaces/msg/detail/multi_box_position__builder.hpp
[0.534s] -- Up-to-date symlink: /home/g1/ff_ws/install/moveit_interfaces/include/moveit_interfaces/moveit_interfaces/msg/detail/multi_box_position__struct.hpp
[0.534s] -- Up-to-date symlink: /home/g1/ff_ws/install/moveit_interfaces/include/moveit_interfaces/moveit_interfaces/msg/detail/multi_box_position__traits.hpp
[0.534s] -- Up-to-date symlink: /home/g1/ff_ws/install/moveit_interfaces/include/moveit_interfaces/moveit_interfaces/msg/detail/multi_box_position__type_support.hpp
[0.535s] -- Up-to-date symlink: /home/g1/ff_ws/install/moveit_interfaces/include/moveit_interfaces/moveit_interfaces/msg/detection.hpp
[0.535s] -- Up-to-date symlink: /home/g1/ff_ws/install/moveit_interfaces/include/moveit_interfaces/moveit_interfaces/msg/detection_array.hpp
[0.535s] -- Up-to-date symlink: /home/g1/ff_ws/install/moveit_interfaces/include/moveit_interfaces/moveit_interfaces/msg/multi_box_position.hpp
[0.535s] -- Up-to-date symlink: /home/g1/ff_ws/install/moveit_interfaces/include/moveit_interfaces/moveit_interfaces/msg/rosidl_generator_cpp__visibility_control.hpp
[0.535s] -- Up-to-date symlink: /home/g1/ff_ws/install/moveit_interfaces/include/moveit_interfaces/moveit_interfaces/srv/box_position.hpp
[0.535s] -- Up-to-date symlink: /home/g1/ff_ws/install/moveit_interfaces/include/moveit_interfaces/moveit_interfaces/srv/detail/box_position__builder.hpp
[0.535s] -- Up-to-date symlink: /home/g1/ff_ws/install/moveit_interfaces/include/moveit_interfaces/moveit_interfaces/srv/detail/box_position__struct.hpp
[0.535s] -- Up-to-date symlink: /home/g1/ff_ws/install/moveit_interfaces/include/moveit_interfaces/moveit_interfaces/srv/detail/box_position__traits.hpp
[0.535s] -- Up-to-date symlink: /home/g1/ff_ws/install/moveit_interfaces/include/moveit_interfaces/moveit_interfaces/srv/detail/box_position__type_support.hpp
[0.536s] -- Up-to-date symlink: /home/g1/ff_ws/install/moveit_interfaces/include/moveit_interfaces/moveit_interfaces/action/detail/conveyor__rosidl_typesupport_fastrtps_cpp.hpp
[0.536s] -- Up-to-date symlink: /home/g1/ff_ws/install/moveit_interfaces/include/moveit_interfaces/moveit_interfaces/msg/detail/detection__rosidl_typesupport_fastrtps_cpp.hpp
[0.536s] -- Up-to-date symlink: /home/g1/ff_ws/install/moveit_interfaces/include/moveit_interfaces/moveit_interfaces/msg/detail/detection_array__rosidl_typesupport_fastrtps_cpp.hpp
[0.536s] -- Up-to-date symlink: /home/g1/ff_ws/install/moveit_interfaces/include/moveit_interfaces/moveit_interfaces/msg/detail/multi_box_position__rosidl_typesupport_fastrtps_cpp.hpp
[0.536s] -- Up-to-date symlink: /home/g1/ff_ws/install/moveit_interfaces/include/moveit_interfaces/moveit_interfaces/msg/rosidl_typesupport_fastrtps_cpp__visibility_control.h
[0.536s] -- Up-to-date symlink: /home/g1/ff_ws/install/moveit_interfaces/include/moveit_interfaces/moveit_interfaces/srv/detail/box_position__rosidl_typesupport_fastrtps_cpp.hpp
[0.536s] -- Up-to-date symlink: /home/g1/ff_ws/install/moveit_interfaces/include/moveit_interfaces/moveit_interfaces/action/detail/conveyor__rosidl_typesupport_introspection_c.h
[0.536s] -- Up-to-date symlink: /home/g1/ff_ws/install/moveit_interfaces/include/moveit_interfaces/moveit_interfaces/msg/detail/detection__rosidl_typesupport_introspection_c.h
[0.536s] -- Up-to-date symlink: /home/g1/ff_ws/install/moveit_interfaces/include/moveit_interfaces/moveit_interfaces/msg/detail/detection_array__rosidl_typesupport_introspection_c.h
[0.536s] -- Up-to-date symlink: /home/g1/ff_ws/install/moveit_interfaces/include/moveit_interfaces/moveit_interfaces/msg/detail/multi_box_position__rosidl_typesupport_introspection_c.h
[0.536s] -- Up-to-date symlink: /home/g1/ff_ws/install/moveit_interfaces/include/moveit_interfaces/moveit_interfaces/msg/rosidl_typesupport_introspection_c__visibility_control.h
[0.536s] -- Up-to-date symlink: /home/g1/ff_ws/install/moveit_interfaces/include/moveit_interfaces/moveit_interfaces/srv/detail/box_position__rosidl_typesupport_introspection_c.h
[0.537s] -- Up-to-date symlink: /home/g1/ff_ws/install/moveit_interfaces/include/moveit_interfaces/moveit_interfaces/action/detail/conveyor__rosidl_typesupport_introspection_cpp.hpp
[0.537s] -- Up-to-date symlink: /home/g1/ff_ws/install/moveit_interfaces/include/moveit_interfaces/moveit_interfaces/msg/detail/detection__rosidl_typesupport_introspection_cpp.hpp
[0.537s] -- Up-to-date symlink: /home/g1/ff_ws/install/moveit_interfaces/include/moveit_interfaces/moveit_interfaces/msg/detail/detection_array__rosidl_typesupport_introspection_cpp.hpp
[0.537s] -- Up-to-date symlink: /home/g1/ff_ws/install/moveit_interfaces/include/moveit_interfaces/moveit_interfaces/msg/detail/multi_box_position__rosidl_typesupport_introspection_cpp.hpp
[0.537s] -- Up-to-date symlink: /home/g1/ff_ws/install/moveit_interfaces/include/moveit_interfaces/moveit_interfaces/srv/detail/box_position__rosidl_typesupport_introspection_cpp.hpp
[0.537s] -- Up-to-date symlink: /home/g1/ff_ws/install/moveit_interfaces/share/moveit_interfaces/environment/pythonpath.sh
[0.537s] -- Up-to-date symlink: /home/g1/ff_ws/install/moveit_interfaces/share/moveit_interfaces/environment/pythonpath.dsv
[0.537s] -- Up-to-date symlink: /home/g1/ff_ws/install/moveit_interfaces/local/lib/python3.10/dist-packages/moveit_interfaces-0.0.0-py3.10.egg-info/PKG-INFO
[0.537s] -- Up-to-date symlink: /home/g1/ff_ws/install/moveit_interfaces/local/lib/python3.10/dist-packages/moveit_interfaces-0.0.0-py3.10.egg-info/SOURCES.txt
[0.538s] -- Up-to-date symlink: /home/g1/ff_ws/install/moveit_interfaces/local/lib/python3.10/dist-packages/moveit_interfaces-0.0.0-py3.10.egg-info/dependency_links.txt
[0.538s] -- Up-to-date symlink: /home/g1/ff_ws/install/moveit_interfaces/local/lib/python3.10/dist-packages/moveit_interfaces-0.0.0-py3.10.egg-info/top_level.txt
[0.538s] -- Up-to-date symlink: /home/g1/ff_ws/install/moveit_interfaces/local/lib/python3.10/dist-packages/moveit_interfaces/__init__.py
[0.538s] -- Up-to-date symlink: /home/g1/ff_ws/install/moveit_interfaces/local/lib/python3.10/dist-packages/moveit_interfaces/_moveit_interfaces_s.ep.rosidl_typesupport_c.c
[0.538s] -- Up-to-date symlink: /home/g1/ff_ws/install/moveit_interfaces/local/lib/python3.10/dist-packages/moveit_interfaces/_moveit_interfaces_s.ep.rosidl_typesupport_fastrtps_c.c
[0.538s] -- Up-to-date symlink: /home/g1/ff_ws/install/moveit_interfaces/local/lib/python3.10/dist-packages/moveit_interfaces/_moveit_interfaces_s.ep.rosidl_typesupport_introspection_c.c
[0.538s] -- Up-to-date symlink: /home/g1/ff_ws/install/moveit_interfaces/local/lib/python3.10/dist-packages/moveit_interfaces/action/__init__.py
[0.538s] -- Up-to-date symlink: /home/g1/ff_ws/install/moveit_interfaces/local/lib/python3.10/dist-packages/moveit_interfaces/action/_conveyor.py
[0.539s] -- Up-to-date symlink: /home/g1/ff_ws/install/moveit_interfaces/local/lib/python3.10/dist-packages/moveit_interfaces/action/_conveyor_s.c
[0.539s] -- Up-to-date symlink: /home/g1/ff_ws/install/moveit_interfaces/local/lib/python3.10/dist-packages/moveit_interfaces/libmoveit_interfaces__rosidl_generator_py.so
[0.539s] -- Up-to-date symlink: /home/g1/ff_ws/install/moveit_interfaces/local/lib/python3.10/dist-packages/moveit_interfaces/moveit_interfaces_s__rosidl_typesupport_c.cpython-310-x86_64-linux-gnu.so
[0.539s] -- Up-to-date symlink: /home/g1/ff_ws/install/moveit_interfaces/local/lib/python3.10/dist-packages/moveit_interfaces/moveit_interfaces_s__rosidl_typesupport_fastrtps_c.cpython-310-x86_64-linux-gnu.so
[0.539s] -- Up-to-date symlink: /home/g1/ff_ws/install/moveit_interfaces/local/lib/python3.10/dist-packages/moveit_interfaces/moveit_interfaces_s__rosidl_typesupport_introspection_c.cpython-310-x86_64-linux-gnu.so
[0.539s] -- Up-to-date symlink: /home/g1/ff_ws/install/moveit_interfaces/local/lib/python3.10/dist-packages/moveit_interfaces/msg/__init__.py
[0.539s] -- Up-to-date symlink: /home/g1/ff_ws/install/moveit_interfaces/local/lib/python3.10/dist-packages/moveit_interfaces/msg/_detection.py
[0.539s] -- Up-to-date symlink: /home/g1/ff_ws/install/moveit_interfaces/local/lib/python3.10/dist-packages/moveit_interfaces/msg/_detection_array.py
[0.539s] -- Up-to-date symlink: /home/g1/ff_ws/install/moveit_interfaces/local/lib/python3.10/dist-packages/moveit_interfaces/msg/_detection_array_s.c
[0.539s] -- Up-to-date symlink: /home/g1/ff_ws/install/moveit_interfaces/local/lib/python3.10/dist-packages/moveit_interfaces/msg/_detection_s.c
[0.539s] -- Up-to-date symlink: /home/g1/ff_ws/install/moveit_interfaces/local/lib/python3.10/dist-packages/moveit_interfaces/msg/_multi_box_position.py
[0.539s] -- Up-to-date symlink: /home/g1/ff_ws/install/moveit_interfaces/local/lib/python3.10/dist-packages/moveit_interfaces/msg/_multi_box_position_s.c
[0.539s] -- Up-to-date symlink: /home/g1/ff_ws/install/moveit_interfaces/local/lib/python3.10/dist-packages/moveit_interfaces/srv/__init__.py
[0.539s] -- Up-to-date symlink: /home/g1/ff_ws/install/moveit_interfaces/local/lib/python3.10/dist-packages/moveit_interfaces/srv/_box_position.py
[0.540s] -- Up-to-date symlink: /home/g1/ff_ws/install/moveit_interfaces/local/lib/python3.10/dist-packages/moveit_interfaces/srv/_box_position_s.c
[0.540s] -- Up-to-date symlink: /home/g1/ff_ws/install/moveit_interfaces/local/lib/python3.10/dist-packages/moveit_interfaces/moveit_interfaces_s__rosidl_typesupport_fastrtps_c.cpython-310-x86_64-linux-gnu.so
[0.540s] -- Up-to-date symlink: /home/g1/ff_ws/install/moveit_interfaces/local/lib/python3.10/dist-packages/moveit_interfaces/moveit_interfaces_s__rosidl_typesupport_introspection_c.cpython-310-x86_64-linux-gnu.so
[0.541s] -- Up-to-date symlink: /home/g1/ff_ws/install/moveit_interfaces/local/lib/python3.10/dist-packages/moveit_interfaces/moveit_interfaces_s__rosidl_typesupport_c.cpython-310-x86_64-linux-gnu.so
[0.541s] -- Up-to-date symlink: /home/g1/ff_ws/install/moveit_interfaces/share/moveit_interfaces/msg/MultiBoxPosition.idl
[0.541s] -- Up-to-date symlink: /home/g1/ff_ws/install/moveit_interfaces/share/moveit_interfaces/msg/Detection.idl
[0.541s] -- Up-to-date symlink: /home/g1/ff_ws/install/moveit_interfaces/share/moveit_interfaces/msg/DetectionArray.idl
[0.541s] -- Up-to-date symlink: /home/g1/ff_ws/install/moveit_interfaces/share/moveit_interfaces/srv/BoxPosition.idl
[0.541s] -- Up-to-date symlink: /home/g1/ff_ws/install/moveit_interfaces/share/moveit_interfaces/action/Conveyor.idl
[0.541s] -- Up-to-date symlink: /home/g1/ff_ws/install/moveit_interfaces/share/moveit_interfaces/msg/MultiBoxPosition.msg
[0.541s] -- Up-to-date symlink: /home/g1/ff_ws/install/moveit_interfaces/share/moveit_interfaces/msg/Detection.msg
[0.541s] -- Up-to-date symlink: /home/g1/ff_ws/install/moveit_interfaces/share/moveit_interfaces/msg/DetectionArray.msg
[0.541s] -- Up-to-date symlink: /home/g1/ff_ws/install/moveit_interfaces/share/moveit_interfaces/srv/BoxPosition.srv
[0.541s] -- Up-to-date symlink: /home/g1/ff_ws/install/moveit_interfaces/share/moveit_interfaces/srv/BoxPosition_Request.msg
[0.541s] -- Up-to-date symlink: /home/g1/ff_ws/install/moveit_interfaces/share/moveit_interfaces/srv/BoxPosition_Response.msg
[0.541s] -- Up-to-date symlink: /home/g1/ff_ws/install/moveit_interfaces/share/moveit_interfaces/action/Conveyor.action
[0.542s] -- Up-to-date symlink: /home/g1/ff_ws/install/moveit_interfaces/share/ament_index/resource_index/package_run_dependencies/moveit_interfaces
[0.542s] -- Up-to-date symlink: /home/g1/ff_ws/install/moveit_interfaces/share/ament_index/resource_index/parent_prefix_path/moveit_interfaces
[0.542s] -- Up-to-date symlink: /home/g1/ff_ws/install/moveit_interfaces/share/moveit_interfaces/environment/ament_prefix_path.sh
[0.542s] -- Up-to-date symlink: /home/g1/ff_ws/install/moveit_interfaces/share/moveit_interfaces/environment/ament_prefix_path.dsv
[0.542s] -- Up-to-date symlink: /home/g1/ff_ws/install/moveit_interfaces/share/moveit_interfaces/environment/path.sh
[0.542s] -- Up-to-date symlink: /home/g1/ff_ws/install/moveit_interfaces/share/moveit_interfaces/environment/path.dsv
[0.542s] -- Up-to-date symlink: /home/g1/ff_ws/install/moveit_interfaces/share/moveit_interfaces/local_setup.bash
[0.542s] -- Up-to-date symlink: /home/g1/ff_ws/install/moveit_interfaces/share/moveit_interfaces/local_setup.sh
[0.542s] -- Up-to-date symlink: /home/g1/ff_ws/install/moveit_interfaces/share/moveit_interfaces/local_setup.zsh
[0.542s] -- Up-to-date symlink: /home/g1/ff_ws/install/moveit_interfaces/share/moveit_interfaces/local_setup.dsv
[0.542s] -- Symlinking: /home/g1/ff_ws/install/moveit_interfaces/share/moveit_interfaces/package.dsv
[0.550s] -- Up-to-date symlink: /home/g1/ff_ws/install/moveit_interfaces/share/ament_index/resource_index/packages/moveit_interfaces
[0.550s] -- Up-to-date symlink: /home/g1/ff_ws/install/moveit_interfaces/share/moveit_interfaces/cmake/rosidl_cmake-extras.cmake
[0.550s] -- Up-to-date symlink: /home/g1/ff_ws/install/moveit_interfaces/share/moveit_interfaces/cmake/ament_cmake_export_dependencies-extras.cmake
[0.550s] -- Up-to-date symlink: /home/g1/ff_ws/install/moveit_interfaces/share/moveit_interfaces/cmake/ament_cmake_export_include_directories-extras.cmake
[0.551s] -- Up-to-date symlink: /home/g1/ff_ws/install/moveit_interfaces/share/moveit_interfaces/cmake/ament_cmake_export_libraries-extras.cmake
[0.551s] -- Up-to-date symlink: /home/g1/ff_ws/install/moveit_interfaces/share/moveit_interfaces/cmake/ament_cmake_export_targets-extras.cmake
[0.551s] -- Up-to-date symlink: /home/g1/ff_ws/install/moveit_interfaces/share/moveit_interfaces/cmake/rosidl_cmake_export_typesupport_targets-extras.cmake
[0.551s] -- Up-to-date symlink: /home/g1/ff_ws/install/moveit_interfaces/share/moveit_interfaces/cmake/rosidl_cmake_export_typesupport_libraries-extras.cmake
[0.551s] -- Up-to-date symlink: /home/g1/ff_ws/install/moveit_interfaces/share/moveit_interfaces/cmake/moveit_interfacesConfig.cmake
[0.551s] -- Up-to-date symlink: /home/g1/ff_ws/install/moveit_interfaces/share/moveit_interfaces/cmake/moveit_interfacesConfig-version.cmake
[0.551s] -- Up-to-date symlink: /home/g1/ff_ws/install/moveit_interfaces/share/moveit_interfaces/package.xml
[0.552s] -- Up-to-date: /home/g1/ff_ws/install/moveit_interfaces/lib/libmoveit_interfaces__rosidl_generator_c.so
[0.553s] -- Up-to-date: /home/g1/ff_ws/install/moveit_interfaces/lib/libmoveit_interfaces__rosidl_typesupport_fastrtps_c.so
[0.553s] -- Up-to-date: /home/g1/ff_ws/install/moveit_interfaces/lib/libmoveit_interfaces__rosidl_typesupport_fastrtps_cpp.so
[0.554s] -- Up-to-date: /home/g1/ff_ws/install/moveit_interfaces/lib/libmoveit_interfaces__rosidl_typesupport_introspection_c.so
[0.554s] -- Up-to-date: /home/g1/ff_ws/install/moveit_interfaces/lib/libmoveit_interfaces__rosidl_typesupport_c.so
[0.555s] -- Up-to-date: /home/g1/ff_ws/install/moveit_interfaces/lib/libmoveit_interfaces__rosidl_typesupport_introspection_cpp.so
[0.555s] -- Up-to-date: /home/g1/ff_ws/install/moveit_interfaces/lib/libmoveit_interfaces__rosidl_typesupport_cpp.so
[0.580s] Listing '/home/g1/ff_ws/install/moveit_interfaces/local/lib/python3.10/dist-packages/moveit_interfaces'...
[0.580s] Listing '/home/g1/ff_ws/install/moveit_interfaces/local/lib/python3.10/dist-packages/moveit_interfaces/action'...
[0.580s] Listing '/home/g1/ff_ws/install/moveit_interfaces/local/lib/python3.10/dist-packages/moveit_interfaces/msg'...
[0.580s] Listing '/home/g1/ff_ws/install/moveit_interfaces/local/lib/python3.10/dist-packages/moveit_interfaces/srv'...
[0.584s] -- Up-to-date: /home/g1/ff_ws/install/moveit_interfaces/lib/libmoveit_interfaces__rosidl_generator_py.so
[0.584s] -- Up-to-date: /home/g1/ff_ws/install/moveit_interfaces/share/moveit_interfaces/cmake/export_moveit_interfaces__rosidl_generator_cExport.cmake
[0.584s] -- Up-to-date: /home/g1/ff_ws/install/moveit_interfaces/share/moveit_interfaces/cmake/export_moveit_interfaces__rosidl_generator_cExport-noconfig.cmake
[0.585s] -- Up-to-date: /home/g1/ff_ws/install/moveit_interfaces/share/moveit_interfaces/cmake/export_moveit_interfaces__rosidl_typesupport_fastrtps_cExport.cmake
[0.585s] -- Up-to-date: /home/g1/ff_ws/install/moveit_interfaces/share/moveit_interfaces/cmake/export_moveit_interfaces__rosidl_typesupport_fastrtps_cExport-noconfig.cmake
[0.585s] -- Up-to-date: /home/g1/ff_ws/install/moveit_interfaces/share/moveit_interfaces/cmake/export_moveit_interfaces__rosidl_generator_cppExport.cmake
[0.586s] -- Up-to-date: /home/g1/ff_ws/install/moveit_interfaces/share/moveit_interfaces/cmake/export_moveit_interfaces__rosidl_typesupport_fastrtps_cppExport.cmake
[0.586s] -- Up-to-date: /home/g1/ff_ws/install/moveit_interfaces/share/moveit_interfaces/cmake/export_moveit_interfaces__rosidl_typesupport_fastrtps_cppExport-noconfig.cmake
[0.586s] -- Up-to-date: /home/g1/ff_ws/install/moveit_interfaces/share/moveit_interfaces/cmake/moveit_interfaces__rosidl_typesupport_introspection_cExport.cmake
[0.586s] -- Up-to-date: /home/g1/ff_ws/install/moveit_interfaces/share/moveit_interfaces/cmake/moveit_interfaces__rosidl_typesupport_introspection_cExport-noconfig.cmake
[0.586s] -- Up-to-date: /home/g1/ff_ws/install/moveit_interfaces/share/moveit_interfaces/cmake/moveit_interfaces__rosidl_typesupport_cExport.cmake
[0.587s] -- Up-to-date: /home/g1/ff_ws/install/moveit_interfaces/share/moveit_interfaces/cmake/moveit_interfaces__rosidl_typesupport_cExport-noconfig.cmake
[0.587s] -- Up-to-date: /home/g1/ff_ws/install/moveit_interfaces/share/moveit_interfaces/cmake/moveit_interfaces__rosidl_typesupport_introspection_cppExport.cmake
[0.587s] -- Up-to-date: /home/g1/ff_ws/install/moveit_interfaces/share/moveit_interfaces/cmake/moveit_interfaces__rosidl_typesupport_introspection_cppExport-noconfig.cmake
[0.587s] -- Up-to-date: /home/g1/ff_ws/install/moveit_interfaces/share/moveit_interfaces/cmake/moveit_interfaces__rosidl_typesupport_cppExport.cmake
[0.587s] -- Up-to-date: /home/g1/ff_ws/install/moveit_interfaces/share/moveit_interfaces/cmake/moveit_interfaces__rosidl_typesupport_cppExport-noconfig.cmake
[0.587s] -- Up-to-date: /home/g1/ff_ws/install/moveit_interfaces/share/moveit_interfaces/cmake/export_moveit_interfaces__rosidl_generator_pyExport.cmake
[0.587s] -- Up-to-date: /home/g1/ff_ws/install/moveit_interfaces/share/moveit_interfaces/cmake/export_moveit_interfaces__rosidl_generator_pyExport-noconfig.cmake
[0.590s] Invoked command in '/home/g1/ff_ws/build/moveit_interfaces' returned '0': CMAKE_PREFIX_PATH=/opt/ros/humble /usr/bin/cmake --install /home/g1/ff_ws/build/moveit_interfaces
