[0.264s] Invoking command in '/home/g1/ff_ws/build/moveit_interfaces': CMAKE_PREFIX_PATH=${CMAKE_PREFIX_PATH}:/home/g1/ff_ws/install/moveit:/home/g1/ff_ws/install/conveyor_belt:/opt/ros/humble /usr/bin/cmake --build /home/g1/ff_ws/build/moveit_interfaces -- -j16 -l16
[0.289s] -- Found ament_cmake: 1.3.11 (/opt/ros/humble/share/ament_cmake/cmake)
[0.364s] -- Override CMake install command with custom implementation using symlinks instead of copying resources
[0.369s] -- Found builtin_interfaces: 1.2.1 (/opt/ros/humble/share/builtin_interfaces/cmake)
[0.385s] -- Found rosidl_generator_c: 3.1.6 (/opt/ros/humble/share/rosidl_generator_c/cmake)
[0.386s] -- Found rosidl_adapter: 3.1.6 (/opt/ros/humble/share/rosidl_adapter/cmake)
[0.389s] -- Found rosidl_generator_cpp: 3.1.6 (/opt/ros/humble/share/rosidl_generator_cpp/cmake)
[0.394s] -- Using all available rosidl_typesupport_c: rosidl_typesupport_fastrtps_c;rosidl_typesupport_introspection_c
[0.401s] -- Using all available rosidl_typesupport_cpp: rosidl_typesupport_fastrtps_cpp;rosidl_typesupport_introspection_cpp
[0.408s] -- Found rosidl_default_generators: 1.2.0 (/opt/ros/humble/share/rosidl_default_generators/cmake)
[0.411s] -- Found geometry_msgs: 4.2.4 (/opt/ros/humble/share/geometry_msgs/cmake)
[0.654s] -- Found ament_cmake_ros: 0.10.0 (/opt/ros/humble/share/ament_cmake_ros/cmake)
[0.918s] -- Using all available rosidl_typesupport_c: rosidl_typesupport_fastrtps_c;rosidl_typesupport_introspection_c
[1.026s] -- Using all available rosidl_typesupport_cpp: rosidl_typesupport_fastrtps_cpp;rosidl_typesupport_introspection_cpp
[1.041s] -- Found python_cmake_module: 0.10.0 (/opt/ros/humble/share/python_cmake_module/cmake)
[1.055s] -- Using PYTHON_EXECUTABLE: /usr/bin/python3
[1.056s] -- Using PYTHON_INCLUDE_DIRS: /usr/include/python3.10
[1.056s] -- Using PYTHON_LIBRARIES: /usr/lib/x86_64-linux-gnu/libpython3.10.so
[1.082s] -- Found ament_lint_auto: 0.12.11 (/opt/ros/humble/share/ament_lint_auto/cmake)
[1.088s] -- Added test 'lint_cmake' to check CMake code style
[1.089s] -- Added test 'xmllint' to check XML markup files
[1.090s] -- Configuring done
[1.118s] -- Generating done
[1.127s] -- Build files have been written to: /home/g1/ff_ws/build/moveit_interfaces
[1.148s] [  1%] [34m[1mGenerating C code for ROS interfaces[0m
[1.156s] [  3%] [34m[1mGenerating C++ code for ROS interfaces[0m
[1.164s] [  3%] Built target ament_cmake_python_symlink_moveit_interfaces
[1.297s] running egg_info
[1.308s] writing moveit_interfaces.egg-info/PKG-INFO
[1.308s] writing dependency_links to moveit_interfaces.egg-info/dependency_links.txt
[1.308s] writing top-level names to moveit_interfaces.egg-info/top_level.txt
[1.341s] reading manifest file 'moveit_interfaces.egg-info/SOURCES.txt'
[1.342s] writing manifest file 'moveit_interfaces.egg-info/SOURCES.txt'
[1.364s] [  3%] Built target ament_cmake_python_build_moveit_interfaces_egg
[1.536s] [35m[1mConsolidate compiler generated dependencies of target moveit_interfaces__rosidl_generator_c[0m
[1.546s] [  9%] [32mBuilding C object CMakeFiles/moveit_interfaces__rosidl_generator_c.dir/rosidl_generator_c/moveit_interfaces/msg/detail/detection_array__functions.c.o[0m
[1.546s] [  9%] [32mBuilding C object CMakeFiles/moveit_interfaces__rosidl_generator_c.dir/rosidl_generator_c/moveit_interfaces/msg/detail/multi_box_position__functions.c.o[0m
[1.546s] [ 11%] [32mBuilding C object CMakeFiles/moveit_interfaces__rosidl_generator_c.dir/rosidl_generator_c/moveit_interfaces/srv/detail/box_position__functions.c.o[0m
[1.546s] [ 11%] [32mBuilding C object CMakeFiles/moveit_interfaces__rosidl_generator_c.dir/rosidl_generator_c/moveit_interfaces/msg/detail/detection__functions.c.o[0m
[1.546s] [ 11%] [32mBuilding C object CMakeFiles/moveit_interfaces__rosidl_generator_c.dir/rosidl_generator_c/moveit_interfaces/action/detail/conveyor__functions.c.o[0m
[1.546s] [ 11%] Built target moveit_interfaces__cpp
[1.556s] [ 15%] [34m[1mGenerating C++ introspection for ROS interfaces[0m
[1.556s] [ 15%] [34m[1mGenerating C++ type support dispatch for ROS interfaces[0m
[1.556s] [ 15%] [34m[1mGenerating C++ type support for eProsima Fast-RTPS[0m
[1.630s] [ 17%] [32m[1mLinking C shared library libmoveit_interfaces__rosidl_generator_c.so[0m
[1.660s] [ 17%] Built target moveit_interfaces__rosidl_generator_c
[1.670s] [ 22%] [34m[1mGenerating C type support for eProsima Fast-RTPS[0m
[1.670s] [ 22%] [34m[1mGenerating C introspection for ROS interfaces[0m
[1.670s] [ 22%] [34m[1mGenerating C type support dispatch for ROS interfaces[0m
[1.809s] [35m[1mConsolidate compiler generated dependencies of target moveit_interfaces__rosidl_typesupport_cpp[0m
[1.822s] [ 26%] [32mBuilding CXX object CMakeFiles/moveit_interfaces__rosidl_typesupport_cpp.dir/rosidl_typesupport_cpp/moveit_interfaces/msg/multi_box_position__type_support.cpp.o[0m
[1.822s] [ 26%] [32mBuilding CXX object CMakeFiles/moveit_interfaces__rosidl_typesupport_cpp.dir/rosidl_typesupport_cpp/moveit_interfaces/action/conveyor__type_support.cpp.o[0m
[1.822s] [ 26%] [32mBuilding CXX object CMakeFiles/moveit_interfaces__rosidl_typesupport_cpp.dir/rosidl_typesupport_cpp/moveit_interfaces/srv/box_position__type_support.cpp.o[0m
[1.822s] [ 30%] [32mBuilding CXX object CMakeFiles/moveit_interfaces__rosidl_typesupport_cpp.dir/rosidl_typesupport_cpp/moveit_interfaces/msg/detection__type_support.cpp.o[0m
[1.822s] [ 30%] [32mBuilding CXX object CMakeFiles/moveit_interfaces__rosidl_typesupport_cpp.dir/rosidl_typesupport_cpp/moveit_interfaces/msg/detection_array__type_support.cpp.o[0m
[1.865s] [35m[1mConsolidate compiler generated dependencies of target moveit_interfaces__rosidl_typesupport_introspection_cpp[0m
[1.880s] [ 31%] [32mBuilding CXX object CMakeFiles/moveit_interfaces__rosidl_typesupport_introspection_cpp.dir/rosidl_typesupport_introspection_cpp/moveit_interfaces/msg/detail/detection__type_support.cpp.o[0m
[1.880s] [ 33%] [32mBuilding CXX object CMakeFiles/moveit_interfaces__rosidl_typesupport_introspection_cpp.dir/rosidl_typesupport_introspection_cpp/moveit_interfaces/msg/detail/multi_box_position__type_support.cpp.o[0m
[1.880s] [ 34%] [32mBuilding CXX object CMakeFiles/moveit_interfaces__rosidl_typesupport_introspection_cpp.dir/rosidl_typesupport_introspection_cpp/moveit_interfaces/msg/detail/detection_array__type_support.cpp.o[0m
[1.881s] [ 36%] [32mBuilding CXX object CMakeFiles/moveit_interfaces__rosidl_typesupport_introspection_cpp.dir/rosidl_typesupport_introspection_cpp/moveit_interfaces/srv/detail/box_position__type_support.cpp.o[0m
[1.881s] [ 38%] [32mBuilding CXX object CMakeFiles/moveit_interfaces__rosidl_typesupport_introspection_cpp.dir/rosidl_typesupport_introspection_cpp/moveit_interfaces/action/detail/conveyor__type_support.cpp.o[0m
[1.946s] [35m[1mConsolidate compiler generated dependencies of target moveit_interfaces__rosidl_typesupport_fastrtps_cpp[0m
[1.955s] [35m[1mConsolidate compiler generated dependencies of target moveit_interfaces__rosidl_typesupport_c[0m
[1.962s] [ 42%] [32mBuilding CXX object CMakeFiles/moveit_interfaces__rosidl_typesupport_fastrtps_cpp.dir/rosidl_typesupport_fastrtps_cpp/moveit_interfaces/msg/detail/dds_fastrtps/detection_array__type_support.cpp.o[0m
[1.962s] [ 42%] [32mBuilding CXX object CMakeFiles/moveit_interfaces__rosidl_typesupport_fastrtps_cpp.dir/rosidl_typesupport_fastrtps_cpp/moveit_interfaces/msg/detail/dds_fastrtps/detection__type_support.cpp.o[0m
[1.963s] [ 42%] [32mBuilding CXX object CMakeFiles/moveit_interfaces__rosidl_typesupport_fastrtps_cpp.dir/rosidl_typesupport_fastrtps_cpp/moveit_interfaces/msg/detail/dds_fastrtps/multi_box_position__type_support.cpp.o[0m
[1.972s] [ 44%] [32mBuilding CXX object CMakeFiles/moveit_interfaces__rosidl_typesupport_c.dir/rosidl_typesupport_c/moveit_interfaces/msg/multi_box_position__type_support.cpp.o[0m
[2.005s] [ 46%] [32mBuilding CXX object CMakeFiles/moveit_interfaces__rosidl_typesupport_c.dir/rosidl_typesupport_c/moveit_interfaces/msg/detection__type_support.cpp.o[0m
[2.041s] [ 47%] [32mBuilding CXX object CMakeFiles/moveit_interfaces__rosidl_typesupport_c.dir/rosidl_typesupport_c/moveit_interfaces/msg/detection_array__type_support.cpp.o[0m
[2.041s] [ 49%] [32mBuilding CXX object CMakeFiles/moveit_interfaces__rosidl_typesupport_fastrtps_cpp.dir/rosidl_typesupport_fastrtps_cpp/moveit_interfaces/srv/detail/dds_fastrtps/box_position__type_support.cpp.o[0m
[2.049s] [ 50%] [32mBuilding CXX object CMakeFiles/moveit_interfaces__rosidl_typesupport_c.dir/rosidl_typesupport_c/moveit_interfaces/srv/box_position__type_support.cpp.o[0m
[2.058s] [ 52%] [32mBuilding CXX object CMakeFiles/moveit_interfaces__rosidl_typesupport_fastrtps_cpp.dir/rosidl_typesupport_fastrtps_cpp/moveit_interfaces/action/detail/dds_fastrtps/conveyor__type_support.cpp.o[0m
[2.066s] [ 53%] [32mBuilding CXX object CMakeFiles/moveit_interfaces__rosidl_typesupport_c.dir/rosidl_typesupport_c/moveit_interfaces/action/conveyor__type_support.cpp.o[0m
[2.098s] [35m[1mConsolidate compiler generated dependencies of target moveit_interfaces__rosidl_typesupport_introspection_c[0m
[2.113s] [ 57%] [32mBuilding C object CMakeFiles/moveit_interfaces__rosidl_typesupport_introspection_c.dir/rosidl_typesupport_introspection_c/moveit_interfaces/msg/detail/multi_box_position__type_support.c.o[0m
[2.113s] [ 57%] [32mBuilding C object CMakeFiles/moveit_interfaces__rosidl_typesupport_introspection_c.dir/rosidl_typesupport_introspection_c/moveit_interfaces/msg/detail/detection__type_support.c.o[0m
[2.114s] [ 58%] [32m[1mLinking CXX shared library libmoveit_interfaces__rosidl_typesupport_c.so[0m
[2.116s] [ 60%] [32mBuilding C object CMakeFiles/moveit_interfaces__rosidl_typesupport_introspection_c.dir/rosidl_typesupport_introspection_c/moveit_interfaces/msg/detail/detection_array__type_support.c.o[0m
[2.150s] [ 61%] [32mBuilding C object CMakeFiles/moveit_interfaces__rosidl_typesupport_introspection_c.dir/rosidl_typesupport_introspection_c/moveit_interfaces/srv/detail/box_position__type_support.c.o[0m
[2.154s] [ 63%] [32mBuilding C object CMakeFiles/moveit_interfaces__rosidl_typesupport_introspection_c.dir/rosidl_typesupport_introspection_c/moveit_interfaces/action/detail/conveyor__type_support.c.o[0m
[2.164s] [ 63%] Built target moveit_interfaces__rosidl_typesupport_c
[2.184s] [35m[1mConsolidate compiler generated dependencies of target moveit_interfaces__rosidl_typesupport_fastrtps_c[0m
[2.204s] [ 65%] [32mBuilding CXX object CMakeFiles/moveit_interfaces__rosidl_typesupport_fastrtps_c.dir/rosidl_typesupport_fastrtps_c/moveit_interfaces/msg/detail/detection_array__type_support_c.cpp.o[0m
[2.204s] [ 66%] [32mBuilding CXX object CMakeFiles/moveit_interfaces__rosidl_typesupport_fastrtps_c.dir/rosidl_typesupport_fastrtps_c/moveit_interfaces/msg/detail/detection__type_support_c.cpp.o[0m
[2.204s] [ 68%] [32mBuilding CXX object CMakeFiles/moveit_interfaces__rosidl_typesupport_fastrtps_c.dir/rosidl_typesupport_fastrtps_c/moveit_interfaces/srv/detail/box_position__type_support_c.cpp.o[0m
[2.206s] [ 71%] [32mBuilding CXX object CMakeFiles/moveit_interfaces__rosidl_typesupport_fastrtps_c.dir/rosidl_typesupport_fastrtps_c/moveit_interfaces/msg/detail/multi_box_position__type_support_c.cpp.o[0m
[2.206s] [ 71%] [32m[1mLinking C shared library libmoveit_interfaces__rosidl_typesupport_introspection_c.so[0m
[2.228s] [ 73%] [32mBuilding CXX object CMakeFiles/moveit_interfaces__rosidl_typesupport_fastrtps_c.dir/rosidl_typesupport_fastrtps_c/moveit_interfaces/action/detail/conveyor__type_support_c.cpp.o[0m
[2.238s] [ 74%] [32m[1mLinking CXX shared library libmoveit_interfaces__rosidl_typesupport_cpp.so[0m
[2.246s] [ 74%] Built target moveit_interfaces__rosidl_typesupport_introspection_c
[2.285s] [ 74%] Built target moveit_interfaces__rosidl_typesupport_cpp
[2.358s] [ 76%] [32m[1mLinking CXX shared library libmoveit_interfaces__rosidl_typesupport_introspection_cpp.so[0m
[2.437s] [ 76%] Built target moveit_interfaces__rosidl_typesupport_introspection_cpp
[2.459s] [ 77%] [32m[1mLinking CXX shared library libmoveit_interfaces__rosidl_typesupport_fastrtps_cpp.so[0m
[2.490s] [ 79%] [32m[1mLinking CXX shared library libmoveit_interfaces__rosidl_typesupport_fastrtps_c.so[0m
[2.514s] [ 79%] Built target moveit_interfaces__rosidl_typesupport_fastrtps_cpp
[2.543s] [ 79%] Built target moveit_interfaces__rosidl_typesupport_fastrtps_c
[2.560s] [ 79%] Built target moveit_interfaces
[2.579s] [ 80%] [34m[1mGenerating Python code for ROS interfaces[0m
[3.222s] [ 80%] Built target moveit_interfaces__py
[3.235s] [35m[1mConsolidate compiler generated dependencies of target moveit_interfaces__rosidl_generator_py[0m
[3.247s] [ 88%] [32mBuilding C object CMakeFiles/moveit_interfaces__rosidl_generator_py.dir/rosidl_generator_py/moveit_interfaces/srv/_box_position_s.c.o[0m
[3.247s] [ 88%] [32mBuilding C object CMakeFiles/moveit_interfaces__rosidl_generator_py.dir/rosidl_generator_py/moveit_interfaces/msg/_detection_s.c.o[0m
[3.247s] [ 88%] [32mBuilding C object CMakeFiles/moveit_interfaces__rosidl_generator_py.dir/rosidl_generator_py/moveit_interfaces/msg/_detection_array_s.c.o[0m
[3.247s] [ 88%] [32mBuilding C object CMakeFiles/moveit_interfaces__rosidl_generator_py.dir/rosidl_generator_py/moveit_interfaces/action/_conveyor_s.c.o[0m
[3.247s] [ 88%] [32mBuilding C object CMakeFiles/moveit_interfaces__rosidl_generator_py.dir/rosidl_generator_py/moveit_interfaces/msg/_multi_box_position_s.c.o[0m
[3.332s] [ 90%] [32m[1mLinking C shared library rosidl_generator_py/moveit_interfaces/libmoveit_interfaces__rosidl_generator_py.so[0m
[3.365s] [ 90%] Built target moveit_interfaces__rosidl_generator_py
[3.373s] [35m[1mConsolidate compiler generated dependencies of target moveit_interfaces__rosidl_typesupport_fastrtps_c__pyext[0m
[3.373s] [35m[1mConsolidate compiler generated dependencies of target moveit_interfaces__rosidl_typesupport_c__pyext[0m
[3.373s] [35m[1mConsolidate compiler generated dependencies of target moveit_interfaces__rosidl_typesupport_introspection_c__pyext[0m
[3.382s] [ 95%] [32mBuilding C object CMakeFiles/moveit_interfaces__rosidl_typesupport_c__pyext.dir/rosidl_generator_py/moveit_interfaces/_moveit_interfaces_s.ep.rosidl_typesupport_c.c.o[0m
[3.382s] [ 95%] [32mBuilding C object CMakeFiles/moveit_interfaces__rosidl_typesupport_fastrtps_c__pyext.dir/rosidl_generator_py/moveit_interfaces/_moveit_interfaces_s.ep.rosidl_typesupport_fastrtps_c.c.o[0m
[3.382s] [ 95%] [32mBuilding C object CMakeFiles/moveit_interfaces__rosidl_typesupport_introspection_c__pyext.dir/rosidl_generator_py/moveit_interfaces/_moveit_interfaces_s.ep.rosidl_typesupport_introspection_c.c.o[0m
[3.471s] [100%] [32m[1mLinking C shared library rosidl_generator_py/moveit_interfaces/moveit_interfaces_s__rosidl_typesupport_c.cpython-310-x86_64-linux-gnu.so[0m
[3.471s] [100%] [32m[1mLinking C shared library rosidl_generator_py/moveit_interfaces/moveit_interfaces_s__rosidl_typesupport_introspection_c.cpython-310-x86_64-linux-gnu.so[0m
[3.471s] [100%] [32m[1mLinking C shared library rosidl_generator_py/moveit_interfaces/moveit_interfaces_s__rosidl_typesupport_fastrtps_c.cpython-310-x86_64-linux-gnu.so[0m
[3.502s] [100%] Built target moveit_interfaces__rosidl_typesupport_c__pyext
[3.502s] [100%] Built target moveit_interfaces__rosidl_typesupport_introspection_c__pyext
[3.503s] [100%] Built target moveit_interfaces__rosidl_typesupport_fastrtps_c__pyext
[3.513s] Invoked command in '/home/g1/ff_ws/build/moveit_interfaces' returned '0': CMAKE_PREFIX_PATH=${CMAKE_PREFIX_PATH}:/home/g1/ff_ws/install/moveit:/home/g1/ff_ws/install/conveyor_belt:/opt/ros/humble /usr/bin/cmake --build /home/g1/ff_ws/build/moveit_interfaces -- -j16 -l16
[3.520s] Invoking command in '/home/g1/ff_ws/build/moveit_interfaces': CMAKE_PREFIX_PATH=${CMAKE_PREFIX_PATH}:/home/g1/ff_ws/install/moveit:/home/g1/ff_ws/install/conveyor_belt:/opt/ros/humble /usr/bin/cmake --install /home/g1/ff_ws/build/moveit_interfaces
[3.525s] -- Install configuration: ""
[3.525s] -- Execute custom install script
[3.525s] -- Up-to-date symlink: /home/g1/ff_ws/install/moveit_interfaces/share/ament_index/resource_index/rosidl_interfaces/moveit_interfaces
[3.525s] -- Up-to-date symlink: /home/g1/ff_ws/install/moveit_interfaces/include/moveit_interfaces/moveit_interfaces/action/conveyor.h
[3.526s] -- Up-to-date symlink: /home/g1/ff_ws/install/moveit_interfaces/include/moveit_interfaces/moveit_interfaces/action/detail/conveyor__functions.h
[3.526s] -- Up-to-date symlink: /home/g1/ff_ws/install/moveit_interfaces/include/moveit_interfaces/moveit_interfaces/action/detail/conveyor__struct.h
[3.526s] -- Up-to-date symlink: /home/g1/ff_ws/install/moveit_interfaces/include/moveit_interfaces/moveit_interfaces/action/detail/conveyor__type_support.h
[3.526s] -- Up-to-date symlink: /home/g1/ff_ws/install/moveit_interfaces/include/moveit_interfaces/moveit_interfaces/msg/detail/detection__functions.h
[3.526s] -- Up-to-date symlink: /home/g1/ff_ws/install/moveit_interfaces/include/moveit_interfaces/moveit_interfaces/msg/detail/detection__struct.h
[3.526s] -- Up-to-date symlink: /home/g1/ff_ws/install/moveit_interfaces/include/moveit_interfaces/moveit_interfaces/msg/detail/detection__type_support.h
[3.526s] -- Up-to-date symlink: /home/g1/ff_ws/install/moveit_interfaces/include/moveit_interfaces/moveit_interfaces/msg/detail/detection_array__functions.h
[3.526s] -- Up-to-date symlink: /home/g1/ff_ws/install/moveit_interfaces/include/moveit_interfaces/moveit_interfaces/msg/detail/detection_array__struct.h
[3.526s] -- Up-to-date symlink: /home/g1/ff_ws/install/moveit_interfaces/include/moveit_interfaces/moveit_interfaces/msg/detail/detection_array__type_support.h
[3.526s] -- Up-to-date symlink: /home/g1/ff_ws/install/moveit_interfaces/include/moveit_interfaces/moveit_interfaces/msg/detail/multi_box_position__functions.h
[3.526s] -- Up-to-date symlink: /home/g1/ff_ws/install/moveit_interfaces/include/moveit_interfaces/moveit_interfaces/msg/detail/multi_box_position__struct.h
[3.526s] -- Up-to-date symlink: /home/g1/ff_ws/install/moveit_interfaces/include/moveit_interfaces/moveit_interfaces/msg/detail/multi_box_position__type_support.h
[3.526s] -- Up-to-date symlink: /home/g1/ff_ws/install/moveit_interfaces/include/moveit_interfaces/moveit_interfaces/msg/detection.h
[3.527s] -- Up-to-date symlink: /home/g1/ff_ws/install/moveit_interfaces/include/moveit_interfaces/moveit_interfaces/msg/detection_array.h
[3.527s] -- Up-to-date symlink: /home/g1/ff_ws/install/moveit_interfaces/include/moveit_interfaces/moveit_interfaces/msg/multi_box_position.h
[3.527s] -- Up-to-date symlink: /home/g1/ff_ws/install/moveit_interfaces/include/moveit_interfaces/moveit_interfaces/msg/rosidl_generator_c__visibility_control.h
[3.527s] -- Up-to-date symlink: /home/g1/ff_ws/install/moveit_interfaces/include/moveit_interfaces/moveit_interfaces/srv/box_position.h
[3.527s] -- Up-to-date symlink: /home/g1/ff_ws/install/moveit_interfaces/include/moveit_interfaces/moveit_interfaces/srv/detail/box_position__functions.h
[3.527s] -- Up-to-date symlink: /home/g1/ff_ws/install/moveit_interfaces/include/moveit_interfaces/moveit_interfaces/srv/detail/box_position__struct.h
[3.527s] -- Up-to-date symlink: /home/g1/ff_ws/install/moveit_interfaces/include/moveit_interfaces/moveit_interfaces/srv/detail/box_position__type_support.h
[3.527s] -- Up-to-date symlink: /home/g1/ff_ws/install/moveit_interfaces/share/moveit_interfaces/environment/library_path.sh
[3.527s] -- Up-to-date symlink: /home/g1/ff_ws/install/moveit_interfaces/share/moveit_interfaces/environment/library_path.dsv
[3.528s] -- Up-to-date symlink: /home/g1/ff_ws/install/moveit_interfaces/include/moveit_interfaces/moveit_interfaces/action/detail/conveyor__rosidl_typesupport_fastrtps_c.h
[3.528s] -- Up-to-date symlink: /home/g1/ff_ws/install/moveit_interfaces/include/moveit_interfaces/moveit_interfaces/msg/detail/detection__rosidl_typesupport_fastrtps_c.h
[3.528s] -- Up-to-date symlink: /home/g1/ff_ws/install/moveit_interfaces/include/moveit_interfaces/moveit_interfaces/msg/detail/detection_array__rosidl_typesupport_fastrtps_c.h
[3.528s] -- Up-to-date symlink: /home/g1/ff_ws/install/moveit_interfaces/include/moveit_interfaces/moveit_interfaces/msg/detail/multi_box_position__rosidl_typesupport_fastrtps_c.h
[3.528s] -- Up-to-date symlink: /home/g1/ff_ws/install/moveit_interfaces/include/moveit_interfaces/moveit_interfaces/msg/rosidl_typesupport_fastrtps_c__visibility_control.h
[3.528s] -- Up-to-date symlink: /home/g1/ff_ws/install/moveit_interfaces/include/moveit_interfaces/moveit_interfaces/srv/detail/box_position__rosidl_typesupport_fastrtps_c.h
[3.528s] -- Up-to-date symlink: /home/g1/ff_ws/install/moveit_interfaces/include/moveit_interfaces/moveit_interfaces/action/conveyor.hpp
[3.528s] -- Up-to-date symlink: /home/g1/ff_ws/install/moveit_interfaces/include/moveit_interfaces/moveit_interfaces/action/detail/conveyor__builder.hpp
[3.528s] -- Up-to-date symlink: /home/g1/ff_ws/install/moveit_interfaces/include/moveit_interfaces/moveit_interfaces/action/detail/conveyor__struct.hpp
[3.528s] -- Up-to-date symlink: /home/g1/ff_ws/install/moveit_interfaces/include/moveit_interfaces/moveit_interfaces/action/detail/conveyor__traits.hpp
[3.528s] -- Up-to-date symlink: /home/g1/ff_ws/install/moveit_interfaces/include/moveit_interfaces/moveit_interfaces/action/detail/conveyor__type_support.hpp
[3.529s] -- Up-to-date symlink: /home/g1/ff_ws/install/moveit_interfaces/include/moveit_interfaces/moveit_interfaces/msg/detail/detection__builder.hpp
[3.529s] -- Up-to-date symlink: /home/g1/ff_ws/install/moveit_interfaces/include/moveit_interfaces/moveit_interfaces/msg/detail/detection__struct.hpp
[3.529s] -- Up-to-date symlink: /home/g1/ff_ws/install/moveit_interfaces/include/moveit_interfaces/moveit_interfaces/msg/detail/detection__traits.hpp
[3.529s] -- Up-to-date symlink: /home/g1/ff_ws/install/moveit_interfaces/include/moveit_interfaces/moveit_interfaces/msg/detail/detection__type_support.hpp
[3.529s] -- Up-to-date symlink: /home/g1/ff_ws/install/moveit_interfaces/include/moveit_interfaces/moveit_interfaces/msg/detail/detection_array__builder.hpp
[3.529s] -- Up-to-date symlink: /home/g1/ff_ws/install/moveit_interfaces/include/moveit_interfaces/moveit_interfaces/msg/detail/detection_array__struct.hpp
[3.529s] -- Up-to-date symlink: /home/g1/ff_ws/install/moveit_interfaces/include/moveit_interfaces/moveit_interfaces/msg/detail/detection_array__traits.hpp
[3.529s] -- Up-to-date symlink: /home/g1/ff_ws/install/moveit_interfaces/include/moveit_interfaces/moveit_interfaces/msg/detail/detection_array__type_support.hpp
[3.529s] -- Up-to-date symlink: /home/g1/ff_ws/install/moveit_interfaces/include/moveit_interfaces/moveit_interfaces/msg/detail/multi_box_position__builder.hpp
[3.529s] -- Up-to-date symlink: /home/g1/ff_ws/install/moveit_interfaces/include/moveit_interfaces/moveit_interfaces/msg/detail/multi_box_position__struct.hpp
[3.529s] -- Up-to-date symlink: /home/g1/ff_ws/install/moveit_interfaces/include/moveit_interfaces/moveit_interfaces/msg/detail/multi_box_position__traits.hpp
[3.529s] -- Up-to-date symlink: /home/g1/ff_ws/install/moveit_interfaces/include/moveit_interfaces/moveit_interfaces/msg/detail/multi_box_position__type_support.hpp
[3.529s] -- Up-to-date symlink: /home/g1/ff_ws/install/moveit_interfaces/include/moveit_interfaces/moveit_interfaces/msg/detection.hpp
[3.529s] -- Up-to-date symlink: /home/g1/ff_ws/install/moveit_interfaces/include/moveit_interfaces/moveit_interfaces/msg/detection_array.hpp
[3.529s] -- Up-to-date symlink: /home/g1/ff_ws/install/moveit_interfaces/include/moveit_interfaces/moveit_interfaces/msg/multi_box_position.hpp
[3.530s] -- Up-to-date symlink: /home/g1/ff_ws/install/moveit_interfaces/include/moveit_interfaces/moveit_interfaces/msg/rosidl_generator_cpp__visibility_control.hpp
[3.530s] -- Up-to-date symlink: /home/g1/ff_ws/install/moveit_interfaces/include/moveit_interfaces/moveit_interfaces/srv/box_position.hpp
[3.530s] -- Up-to-date symlink: /home/g1/ff_ws/install/moveit_interfaces/include/moveit_interfaces/moveit_interfaces/srv/detail/box_position__builder.hpp
[3.530s] -- Up-to-date symlink: /home/g1/ff_ws/install/moveit_interfaces/include/moveit_interfaces/moveit_interfaces/srv/detail/box_position__struct.hpp
[3.530s] -- Up-to-date symlink: /home/g1/ff_ws/install/moveit_interfaces/include/moveit_interfaces/moveit_interfaces/srv/detail/box_position__traits.hpp
[3.530s] -- Up-to-date symlink: /home/g1/ff_ws/install/moveit_interfaces/include/moveit_interfaces/moveit_interfaces/srv/detail/box_position__type_support.hpp
[3.530s] -- Up-to-date symlink: /home/g1/ff_ws/install/moveit_interfaces/include/moveit_interfaces/moveit_interfaces/action/detail/conveyor__rosidl_typesupport_fastrtps_cpp.hpp
[3.530s] -- Up-to-date symlink: /home/g1/ff_ws/install/moveit_interfaces/include/moveit_interfaces/moveit_interfaces/msg/detail/detection__rosidl_typesupport_fastrtps_cpp.hpp
[3.530s] -- Up-to-date symlink: /home/g1/ff_ws/install/moveit_interfaces/include/moveit_interfaces/moveit_interfaces/msg/detail/detection_array__rosidl_typesupport_fastrtps_cpp.hpp
[3.530s] -- Up-to-date symlink: /home/g1/ff_ws/install/moveit_interfaces/include/moveit_interfaces/moveit_interfaces/msg/detail/multi_box_position__rosidl_typesupport_fastrtps_cpp.hpp
[3.531s] -- Up-to-date symlink: /home/g1/ff_ws/install/moveit_interfaces/include/moveit_interfaces/moveit_interfaces/msg/rosidl_typesupport_fastrtps_cpp__visibility_control.h
[3.531s] -- Up-to-date symlink: /home/g1/ff_ws/install/moveit_interfaces/include/moveit_interfaces/moveit_interfaces/srv/detail/box_position__rosidl_typesupport_fastrtps_cpp.hpp
[3.531s] -- Up-to-date symlink: /home/g1/ff_ws/install/moveit_interfaces/include/moveit_interfaces/moveit_interfaces/action/detail/conveyor__rosidl_typesupport_introspection_c.h
[3.531s] -- Up-to-date symlink: /home/g1/ff_ws/install/moveit_interfaces/include/moveit_interfaces/moveit_interfaces/msg/detail/detection__rosidl_typesupport_introspection_c.h
[3.531s] -- Up-to-date symlink: /home/g1/ff_ws/install/moveit_interfaces/include/moveit_interfaces/moveit_interfaces/msg/detail/detection_array__rosidl_typesupport_introspection_c.h
[3.531s] -- Up-to-date symlink: /home/g1/ff_ws/install/moveit_interfaces/include/moveit_interfaces/moveit_interfaces/msg/detail/multi_box_position__rosidl_typesupport_introspection_c.h
[3.531s] -- Up-to-date symlink: /home/g1/ff_ws/install/moveit_interfaces/include/moveit_interfaces/moveit_interfaces/msg/rosidl_typesupport_introspection_c__visibility_control.h
[3.531s] -- Up-to-date symlink: /home/g1/ff_ws/install/moveit_interfaces/include/moveit_interfaces/moveit_interfaces/srv/detail/box_position__rosidl_typesupport_introspection_c.h
[3.531s] -- Up-to-date symlink: /home/g1/ff_ws/install/moveit_interfaces/include/moveit_interfaces/moveit_interfaces/action/detail/conveyor__rosidl_typesupport_introspection_cpp.hpp
[3.532s] -- Up-to-date symlink: /home/g1/ff_ws/install/moveit_interfaces/include/moveit_interfaces/moveit_interfaces/msg/detail/detection__rosidl_typesupport_introspection_cpp.hpp
[3.532s] -- Up-to-date symlink: /home/g1/ff_ws/install/moveit_interfaces/include/moveit_interfaces/moveit_interfaces/msg/detail/detection_array__rosidl_typesupport_introspection_cpp.hpp
[3.532s] -- Up-to-date symlink: /home/g1/ff_ws/install/moveit_interfaces/include/moveit_interfaces/moveit_interfaces/msg/detail/multi_box_position__rosidl_typesupport_introspection_cpp.hpp
[3.532s] -- Up-to-date symlink: /home/g1/ff_ws/install/moveit_interfaces/include/moveit_interfaces/moveit_interfaces/srv/detail/box_position__rosidl_typesupport_introspection_cpp.hpp
[3.532s] -- Up-to-date symlink: /home/g1/ff_ws/install/moveit_interfaces/share/moveit_interfaces/environment/pythonpath.sh
[3.532s] -- Up-to-date symlink: /home/g1/ff_ws/install/moveit_interfaces/share/moveit_interfaces/environment/pythonpath.dsv
[3.532s] -- Up-to-date symlink: /home/g1/ff_ws/install/moveit_interfaces/local/lib/python3.10/dist-packages/moveit_interfaces-0.0.0-py3.10.egg-info/PKG-INFO
[3.532s] -- Up-to-date symlink: /home/g1/ff_ws/install/moveit_interfaces/local/lib/python3.10/dist-packages/moveit_interfaces-0.0.0-py3.10.egg-info/SOURCES.txt
[3.532s] -- Up-to-date symlink: /home/g1/ff_ws/install/moveit_interfaces/local/lib/python3.10/dist-packages/moveit_interfaces-0.0.0-py3.10.egg-info/dependency_links.txt
[3.532s] -- Up-to-date symlink: /home/g1/ff_ws/install/moveit_interfaces/local/lib/python3.10/dist-packages/moveit_interfaces-0.0.0-py3.10.egg-info/top_level.txt
[3.533s] -- Up-to-date symlink: /home/g1/ff_ws/install/moveit_interfaces/local/lib/python3.10/dist-packages/moveit_interfaces/__init__.py
[3.533s] -- Up-to-date symlink: /home/g1/ff_ws/install/moveit_interfaces/local/lib/python3.10/dist-packages/moveit_interfaces/_moveit_interfaces_s.ep.rosidl_typesupport_c.c
[3.533s] -- Up-to-date symlink: /home/g1/ff_ws/install/moveit_interfaces/local/lib/python3.10/dist-packages/moveit_interfaces/_moveit_interfaces_s.ep.rosidl_typesupport_fastrtps_c.c
[3.533s] -- Up-to-date symlink: /home/g1/ff_ws/install/moveit_interfaces/local/lib/python3.10/dist-packages/moveit_interfaces/_moveit_interfaces_s.ep.rosidl_typesupport_introspection_c.c
[3.533s] -- Up-to-date symlink: /home/g1/ff_ws/install/moveit_interfaces/local/lib/python3.10/dist-packages/moveit_interfaces/action/__init__.py
[3.533s] -- Up-to-date symlink: /home/g1/ff_ws/install/moveit_interfaces/local/lib/python3.10/dist-packages/moveit_interfaces/action/_conveyor.py
[3.533s] -- Up-to-date symlink: /home/g1/ff_ws/install/moveit_interfaces/local/lib/python3.10/dist-packages/moveit_interfaces/action/_conveyor_s.c
[3.533s] -- Up-to-date symlink: /home/g1/ff_ws/install/moveit_interfaces/local/lib/python3.10/dist-packages/moveit_interfaces/libmoveit_interfaces__rosidl_generator_py.so
[3.533s] -- Up-to-date symlink: /home/g1/ff_ws/install/moveit_interfaces/local/lib/python3.10/dist-packages/moveit_interfaces/moveit_interfaces_s__rosidl_typesupport_c.cpython-310-x86_64-linux-gnu.so
[3.533s] -- Up-to-date symlink: /home/g1/ff_ws/install/moveit_interfaces/local/lib/python3.10/dist-packages/moveit_interfaces/moveit_interfaces_s__rosidl_typesupport_fastrtps_c.cpython-310-x86_64-linux-gnu.so
[3.533s] -- Up-to-date symlink: /home/g1/ff_ws/install/moveit_interfaces/local/lib/python3.10/dist-packages/moveit_interfaces/moveit_interfaces_s__rosidl_typesupport_introspection_c.cpython-310-x86_64-linux-gnu.so
[3.533s] -- Up-to-date symlink: /home/g1/ff_ws/install/moveit_interfaces/local/lib/python3.10/dist-packages/moveit_interfaces/msg/__init__.py
[3.533s] -- Up-to-date symlink: /home/g1/ff_ws/install/moveit_interfaces/local/lib/python3.10/dist-packages/moveit_interfaces/msg/_detection.py
[3.534s] -- Up-to-date symlink: /home/g1/ff_ws/install/moveit_interfaces/local/lib/python3.10/dist-packages/moveit_interfaces/msg/_detection_array.py
[3.534s] -- Up-to-date symlink: /home/g1/ff_ws/install/moveit_interfaces/local/lib/python3.10/dist-packages/moveit_interfaces/msg/_detection_array_s.c
[3.534s] -- Up-to-date symlink: /home/g1/ff_ws/install/moveit_interfaces/local/lib/python3.10/dist-packages/moveit_interfaces/msg/_detection_s.c
[3.534s] -- Up-to-date symlink: /home/g1/ff_ws/install/moveit_interfaces/local/lib/python3.10/dist-packages/moveit_interfaces/msg/_multi_box_position.py
[3.534s] -- Up-to-date symlink: /home/g1/ff_ws/install/moveit_interfaces/local/lib/python3.10/dist-packages/moveit_interfaces/msg/_multi_box_position_s.c
[3.534s] -- Up-to-date symlink: /home/g1/ff_ws/install/moveit_interfaces/local/lib/python3.10/dist-packages/moveit_interfaces/srv/__init__.py
[3.534s] -- Up-to-date symlink: /home/g1/ff_ws/install/moveit_interfaces/local/lib/python3.10/dist-packages/moveit_interfaces/srv/_box_position.py
[3.534s] -- Up-to-date symlink: /home/g1/ff_ws/install/moveit_interfaces/local/lib/python3.10/dist-packages/moveit_interfaces/srv/_box_position_s.c
[3.534s] -- Up-to-date symlink: /home/g1/ff_ws/install/moveit_interfaces/local/lib/python3.10/dist-packages/moveit_interfaces/moveit_interfaces_s__rosidl_typesupport_fastrtps_c.cpython-310-x86_64-linux-gnu.so
[3.534s] -- Up-to-date symlink: /home/g1/ff_ws/install/moveit_interfaces/local/lib/python3.10/dist-packages/moveit_interfaces/moveit_interfaces_s__rosidl_typesupport_introspection_c.cpython-310-x86_64-linux-gnu.so
[3.534s] -- Up-to-date symlink: /home/g1/ff_ws/install/moveit_interfaces/local/lib/python3.10/dist-packages/moveit_interfaces/moveit_interfaces_s__rosidl_typesupport_c.cpython-310-x86_64-linux-gnu.so
[3.535s] -- Up-to-date symlink: /home/g1/ff_ws/install/moveit_interfaces/share/moveit_interfaces/msg/MultiBoxPosition.idl
[3.535s] -- Up-to-date symlink: /home/g1/ff_ws/install/moveit_interfaces/share/moveit_interfaces/msg/Detection.idl
[3.535s] -- Up-to-date symlink: /home/g1/ff_ws/install/moveit_interfaces/share/moveit_interfaces/msg/DetectionArray.idl
[3.535s] -- Up-to-date symlink: /home/g1/ff_ws/install/moveit_interfaces/share/moveit_interfaces/srv/BoxPosition.idl
[3.535s] -- Up-to-date symlink: /home/g1/ff_ws/install/moveit_interfaces/share/moveit_interfaces/action/Conveyor.idl
[3.535s] -- Up-to-date symlink: /home/g1/ff_ws/install/moveit_interfaces/share/moveit_interfaces/msg/MultiBoxPosition.msg
[3.535s] -- Up-to-date symlink: /home/g1/ff_ws/install/moveit_interfaces/share/moveit_interfaces/msg/Detection.msg
[3.535s] -- Up-to-date symlink: /home/g1/ff_ws/install/moveit_interfaces/share/moveit_interfaces/msg/DetectionArray.msg
[3.535s] -- Up-to-date symlink: /home/g1/ff_ws/install/moveit_interfaces/share/moveit_interfaces/srv/BoxPosition.srv
[3.536s] -- Up-to-date symlink: /home/g1/ff_ws/install/moveit_interfaces/share/moveit_interfaces/srv/BoxPosition_Request.msg
[3.536s] -- Up-to-date symlink: /home/g1/ff_ws/install/moveit_interfaces/share/moveit_interfaces/srv/BoxPosition_Response.msg
[3.536s] -- Up-to-date symlink: /home/g1/ff_ws/install/moveit_interfaces/share/moveit_interfaces/action/Conveyor.action
[3.536s] -- Up-to-date symlink: /home/g1/ff_ws/install/moveit_interfaces/share/ament_index/resource_index/package_run_dependencies/moveit_interfaces
[3.536s] -- Up-to-date symlink: /home/g1/ff_ws/install/moveit_interfaces/share/ament_index/resource_index/parent_prefix_path/moveit_interfaces
[3.536s] -- Up-to-date symlink: /home/g1/ff_ws/install/moveit_interfaces/share/moveit_interfaces/environment/ament_prefix_path.sh
[3.536s] -- Up-to-date symlink: /home/g1/ff_ws/install/moveit_interfaces/share/moveit_interfaces/environment/ament_prefix_path.dsv
[3.536s] -- Up-to-date symlink: /home/g1/ff_ws/install/moveit_interfaces/share/moveit_interfaces/environment/path.sh
[3.536s] -- Up-to-date symlink: /home/g1/ff_ws/install/moveit_interfaces/share/moveit_interfaces/environment/path.dsv
[3.536s] -- Up-to-date symlink: /home/g1/ff_ws/install/moveit_interfaces/share/moveit_interfaces/local_setup.bash
[3.537s] -- Up-to-date symlink: /home/g1/ff_ws/install/moveit_interfaces/share/moveit_interfaces/local_setup.sh
[3.537s] -- Up-to-date symlink: /home/g1/ff_ws/install/moveit_interfaces/share/moveit_interfaces/local_setup.zsh
[3.537s] -- Up-to-date symlink: /home/g1/ff_ws/install/moveit_interfaces/share/moveit_interfaces/local_setup.dsv
[3.537s] -- Symlinking: /home/g1/ff_ws/install/moveit_interfaces/share/moveit_interfaces/package.dsv
[3.545s] -- Up-to-date symlink: /home/g1/ff_ws/install/moveit_interfaces/share/ament_index/resource_index/packages/moveit_interfaces
[3.545s] -- Up-to-date symlink: /home/g1/ff_ws/install/moveit_interfaces/share/moveit_interfaces/cmake/rosidl_cmake-extras.cmake
[3.545s] -- Up-to-date symlink: /home/g1/ff_ws/install/moveit_interfaces/share/moveit_interfaces/cmake/ament_cmake_export_dependencies-extras.cmake
[3.545s] -- Up-to-date symlink: /home/g1/ff_ws/install/moveit_interfaces/share/moveit_interfaces/cmake/ament_cmake_export_include_directories-extras.cmake
[3.545s] -- Up-to-date symlink: /home/g1/ff_ws/install/moveit_interfaces/share/moveit_interfaces/cmake/ament_cmake_export_libraries-extras.cmake
[3.545s] -- Up-to-date symlink: /home/g1/ff_ws/install/moveit_interfaces/share/moveit_interfaces/cmake/ament_cmake_export_targets-extras.cmake
[3.546s] -- Up-to-date symlink: /home/g1/ff_ws/install/moveit_interfaces/share/moveit_interfaces/cmake/rosidl_cmake_export_typesupport_targets-extras.cmake
[3.546s] -- Up-to-date symlink: /home/g1/ff_ws/install/moveit_interfaces/share/moveit_interfaces/cmake/rosidl_cmake_export_typesupport_libraries-extras.cmake
[3.546s] -- Up-to-date symlink: /home/g1/ff_ws/install/moveit_interfaces/share/moveit_interfaces/cmake/moveit_interfacesConfig.cmake
[3.546s] -- Up-to-date symlink: /home/g1/ff_ws/install/moveit_interfaces/share/moveit_interfaces/cmake/moveit_interfacesConfig-version.cmake
[3.546s] -- Up-to-date symlink: /home/g1/ff_ws/install/moveit_interfaces/share/moveit_interfaces/package.xml
[3.546s] -- Installing: /home/g1/ff_ws/install/moveit_interfaces/lib/libmoveit_interfaces__rosidl_generator_c.so
[3.547s] -- Set runtime path of "/home/g1/ff_ws/install/moveit_interfaces/lib/libmoveit_interfaces__rosidl_generator_c.so" to ""
[3.547s] -- Installing: /home/g1/ff_ws/install/moveit_interfaces/lib/libmoveit_interfaces__rosidl_typesupport_fastrtps_c.so
[3.547s] -- Set runtime path of "/home/g1/ff_ws/install/moveit_interfaces/lib/libmoveit_interfaces__rosidl_typesupport_fastrtps_c.so" to ""
[3.547s] -- Installing: /home/g1/ff_ws/install/moveit_interfaces/lib/libmoveit_interfaces__rosidl_typesupport_fastrtps_cpp.so
[3.548s] -- Set runtime path of "/home/g1/ff_ws/install/moveit_interfaces/lib/libmoveit_interfaces__rosidl_typesupport_fastrtps_cpp.so" to ""
[3.548s] -- Installing: /home/g1/ff_ws/install/moveit_interfaces/lib/libmoveit_interfaces__rosidl_typesupport_introspection_c.so
[3.548s] -- Set runtime path of "/home/g1/ff_ws/install/moveit_interfaces/lib/libmoveit_interfaces__rosidl_typesupport_introspection_c.so" to ""
[3.548s] -- Installing: /home/g1/ff_ws/install/moveit_interfaces/lib/libmoveit_interfaces__rosidl_typesupport_c.so
[3.549s] -- Set runtime path of "/home/g1/ff_ws/install/moveit_interfaces/lib/libmoveit_interfaces__rosidl_typesupport_c.so" to ""
[3.549s] -- Installing: /home/g1/ff_ws/install/moveit_interfaces/lib/libmoveit_interfaces__rosidl_typesupport_introspection_cpp.so
[3.549s] -- Set runtime path of "/home/g1/ff_ws/install/moveit_interfaces/lib/libmoveit_interfaces__rosidl_typesupport_introspection_cpp.so" to ""
[3.550s] -- Installing: /home/g1/ff_ws/install/moveit_interfaces/lib/libmoveit_interfaces__rosidl_typesupport_cpp.so
[3.550s] -- Set runtime path of "/home/g1/ff_ws/install/moveit_interfaces/lib/libmoveit_interfaces__rosidl_typesupport_cpp.so" to ""
[3.579s] Listing '/home/g1/ff_ws/install/moveit_interfaces/local/lib/python3.10/dist-packages/moveit_interfaces'...
[3.579s] Compiling '/home/g1/ff_ws/install/moveit_interfaces/local/lib/python3.10/dist-packages/moveit_interfaces/__init__.py'...
[3.579s] Listing '/home/g1/ff_ws/install/moveit_interfaces/local/lib/python3.10/dist-packages/moveit_interfaces/action'...
[3.579s] Compiling '/home/g1/ff_ws/install/moveit_interfaces/local/lib/python3.10/dist-packages/moveit_interfaces/action/__init__.py'...
[3.579s] Compiling '/home/g1/ff_ws/install/moveit_interfaces/local/lib/python3.10/dist-packages/moveit_interfaces/action/_conveyor.py'...
[3.579s] Listing '/home/g1/ff_ws/install/moveit_interfaces/local/lib/python3.10/dist-packages/moveit_interfaces/msg'...
[3.580s] Compiling '/home/g1/ff_ws/install/moveit_interfaces/local/lib/python3.10/dist-packages/moveit_interfaces/msg/__init__.py'...
[3.580s] Compiling '/home/g1/ff_ws/install/moveit_interfaces/local/lib/python3.10/dist-packages/moveit_interfaces/msg/_detection.py'...
[3.580s] Compiling '/home/g1/ff_ws/install/moveit_interfaces/local/lib/python3.10/dist-packages/moveit_interfaces/msg/_detection_array.py'...
[3.580s] Compiling '/home/g1/ff_ws/install/moveit_interfaces/local/lib/python3.10/dist-packages/moveit_interfaces/msg/_multi_box_position.py'...
[3.580s] Listing '/home/g1/ff_ws/install/moveit_interfaces/local/lib/python3.10/dist-packages/moveit_interfaces/srv'...
[3.580s] Compiling '/home/g1/ff_ws/install/moveit_interfaces/local/lib/python3.10/dist-packages/moveit_interfaces/srv/__init__.py'...
[3.580s] Compiling '/home/g1/ff_ws/install/moveit_interfaces/local/lib/python3.10/dist-packages/moveit_interfaces/srv/_box_position.py'...
[3.584s] -- Installing: /home/g1/ff_ws/install/moveit_interfaces/lib/libmoveit_interfaces__rosidl_generator_py.so
[3.585s] -- Set runtime path of "/home/g1/ff_ws/install/moveit_interfaces/lib/libmoveit_interfaces__rosidl_generator_py.so" to ""
[3.585s] -- Up-to-date: /home/g1/ff_ws/install/moveit_interfaces/share/moveit_interfaces/cmake/export_moveit_interfaces__rosidl_generator_cExport.cmake
[3.585s] -- Up-to-date: /home/g1/ff_ws/install/moveit_interfaces/share/moveit_interfaces/cmake/export_moveit_interfaces__rosidl_generator_cExport-noconfig.cmake
[3.585s] -- Up-to-date: /home/g1/ff_ws/install/moveit_interfaces/share/moveit_interfaces/cmake/export_moveit_interfaces__rosidl_typesupport_fastrtps_cExport.cmake
[3.585s] -- Up-to-date: /home/g1/ff_ws/install/moveit_interfaces/share/moveit_interfaces/cmake/export_moveit_interfaces__rosidl_typesupport_fastrtps_cExport-noconfig.cmake
[3.585s] -- Up-to-date: /home/g1/ff_ws/install/moveit_interfaces/share/moveit_interfaces/cmake/export_moveit_interfaces__rosidl_generator_cppExport.cmake
[3.585s] -- Up-to-date: /home/g1/ff_ws/install/moveit_interfaces/share/moveit_interfaces/cmake/export_moveit_interfaces__rosidl_typesupport_fastrtps_cppExport.cmake
[3.586s] -- Up-to-date: /home/g1/ff_ws/install/moveit_interfaces/share/moveit_interfaces/cmake/export_moveit_interfaces__rosidl_typesupport_fastrtps_cppExport-noconfig.cmake
[3.586s] -- Up-to-date: /home/g1/ff_ws/install/moveit_interfaces/share/moveit_interfaces/cmake/moveit_interfaces__rosidl_typesupport_introspection_cExport.cmake
[3.586s] -- Up-to-date: /home/g1/ff_ws/install/moveit_interfaces/share/moveit_interfaces/cmake/moveit_interfaces__rosidl_typesupport_introspection_cExport-noconfig.cmake
[3.586s] -- Up-to-date: /home/g1/ff_ws/install/moveit_interfaces/share/moveit_interfaces/cmake/moveit_interfaces__rosidl_typesupport_cExport.cmake
[3.586s] -- Up-to-date: /home/g1/ff_ws/install/moveit_interfaces/share/moveit_interfaces/cmake/moveit_interfaces__rosidl_typesupport_cExport-noconfig.cmake
[3.586s] -- Up-to-date: /home/g1/ff_ws/install/moveit_interfaces/share/moveit_interfaces/cmake/moveit_interfaces__rosidl_typesupport_introspection_cppExport.cmake
[3.586s] -- Up-to-date: /home/g1/ff_ws/install/moveit_interfaces/share/moveit_interfaces/cmake/moveit_interfaces__rosidl_typesupport_introspection_cppExport-noconfig.cmake
[3.586s] -- Up-to-date: /home/g1/ff_ws/install/moveit_interfaces/share/moveit_interfaces/cmake/moveit_interfaces__rosidl_typesupport_cppExport.cmake
[3.586s] -- Up-to-date: /home/g1/ff_ws/install/moveit_interfaces/share/moveit_interfaces/cmake/moveit_interfaces__rosidl_typesupport_cppExport-noconfig.cmake
[3.586s] -- Up-to-date: /home/g1/ff_ws/install/moveit_interfaces/share/moveit_interfaces/cmake/export_moveit_interfaces__rosidl_generator_pyExport.cmake
[3.586s] -- Up-to-date: /home/g1/ff_ws/install/moveit_interfaces/share/moveit_interfaces/cmake/export_moveit_interfaces__rosidl_generator_pyExport-noconfig.cmake
[3.589s] Invoked command in '/home/g1/ff_ws/build/moveit_interfaces' returned '0': CMAKE_PREFIX_PATH=${CMAKE_PREFIX_PATH}:/home/g1/ff_ws/install/moveit:/home/g1/ff_ws/install/conveyor_belt:/opt/ros/humble /usr/bin/cmake --install /home/g1/ff_ws/build/moveit_interfaces
