[0.258s] Invoking command in '/home/g1/ff_ws/build/moveit_interfaces': CMAKE_PREFIX_PATH=${CMAKE_PREFIX_PATH}:/home/g1/ff_ws/install/moveit:/home/g1/ff_ws/install/conveyor_belt:/opt/ros/humble /usr/bin/cmake --build /home/g1/ff_ws/build/moveit_interfaces -- -j16 -l16
[0.276s] -- Found ament_cmake: 1.3.11 (/opt/ros/humble/share/ament_cmake/cmake)
[0.348s] -- Override CMake install command with custom implementation using symlinks instead of copying resources
[0.352s] -- Found builtin_interfaces: 1.2.1 (/opt/ros/humble/share/builtin_interfaces/cmake)
[0.366s] -- Found rosidl_generator_c: 3.1.6 (/opt/ros/humble/share/rosidl_generator_c/cmake)
[0.367s] -- Found rosidl_adapter: 3.1.6 (/opt/ros/humble/share/rosidl_adapter/cmake)
[0.370s] -- Found rosidl_generator_cpp: 3.1.6 (/opt/ros/humble/share/rosidl_generator_cpp/cmake)
[0.375s] -- Using all available rosidl_typesupport_c: rosidl_typesupport_fastrtps_c;rosidl_typesupport_introspection_c
[0.381s] -- Using all available rosidl_typesupport_cpp: rosidl_typesupport_fastrtps_cpp;rosidl_typesupport_introspection_cpp
[0.387s] -- Found rosidl_default_generators: 1.2.0 (/opt/ros/humble/share/rosidl_default_generators/cmake)
[0.392s] -- Found geometry_msgs: 4.2.4 (/opt/ros/humble/share/geometry_msgs/cmake)
[0.618s] -- Found ament_cmake_ros: 0.10.0 (/opt/ros/humble/share/ament_cmake_ros/cmake)
[0.870s] -- Using all available rosidl_typesupport_c: rosidl_typesupport_fastrtps_c;rosidl_typesupport_introspection_c
[0.972s] -- Using all available rosidl_typesupport_cpp: rosidl_typesupport_fastrtps_cpp;rosidl_typesupport_introspection_cpp
[0.987s] -- Found python_cmake_module: 0.10.0 (/opt/ros/humble/share/python_cmake_module/cmake)
[1.000s] -- Using PYTHON_EXECUTABLE: /usr/bin/python3
[1.001s] -- Using PYTHON_INCLUDE_DIRS: /usr/include/python3.10
[1.001s] -- Using PYTHON_LIBRARIES: /usr/lib/x86_64-linux-gnu/libpython3.10.so
[1.028s] -- Found ament_lint_auto: 0.12.11 (/opt/ros/humble/share/ament_lint_auto/cmake)
[1.034s] -- Added test 'lint_cmake' to check CMake code style
[1.035s] -- Added test 'xmllint' to check XML markup files
[1.037s] -- Configuring done
[1.066s] -- Generating done
[1.075s] -- Build files have been written to: /home/g1/ff_ws/build/moveit_interfaces
[1.102s] [  1%] [34m[1mGenerating C code for ROS interfaces[0m
[1.111s] [  3%] [34m[1mGenerating C++ code for ROS interfaces[0m
[1.118s] [  3%] Built target ament_cmake_python_symlink_moveit_interfaces
[1.253s] running egg_info
[1.268s] writing moveit_interfaces.egg-info/PKG-INFO
[1.268s] writing dependency_links to moveit_interfaces.egg-info/dependency_links.txt
[1.268s] writing top-level names to moveit_interfaces.egg-info/top_level.txt
[1.303s] reading manifest file 'moveit_interfaces.egg-info/SOURCES.txt'
[1.304s] writing manifest file 'moveit_interfaces.egg-info/SOURCES.txt'
[1.328s] [  3%] Built target ament_cmake_python_build_moveit_interfaces_egg
[1.474s] [35m[1mConsolidate compiler generated dependencies of target moveit_interfaces__rosidl_generator_c[0m
[1.480s] [  3%] Built target moveit_interfaces__cpp
[1.483s] [  9%] [32mBuilding C object CMakeFiles/moveit_interfaces__rosidl_generator_c.dir/rosidl_generator_c/moveit_interfaces/msg/detail/multi_box_position__functions.c.o[0m
[1.483s] [  9%] [32mBuilding C object CMakeFiles/moveit_interfaces__rosidl_generator_c.dir/rosidl_generator_c/moveit_interfaces/action/detail/conveyor__functions.c.o[0m
[1.483s] [  9%] [32mBuilding C object CMakeFiles/moveit_interfaces__rosidl_generator_c.dir/rosidl_generator_c/moveit_interfaces/msg/detail/detection__functions.c.o[0m
[1.483s] [ 10%] [32mBuilding C object CMakeFiles/moveit_interfaces__rosidl_generator_c.dir/rosidl_generator_c/moveit_interfaces/srv/detail/box_position__functions.c.o[0m
[1.486s] [ 12%] [34m[1mGenerating C++ type support dispatch for ROS interfaces[0m
[1.486s] [ 14%] [34m[1mGenerating C++ type support for eProsima Fast-RTPS[0m
[1.487s] [ 16%] [34m[1mGenerating C++ introspection for ROS interfaces[0m
[1.561s] [ 18%] [32m[1mLinking C shared library libmoveit_interfaces__rosidl_generator_c.so[0m
[1.592s] [ 18%] Built target moveit_interfaces__rosidl_generator_c
[1.599s] [ 21%] [34m[1mGenerating C type support for eProsima Fast-RTPS[0m
[1.599s] [ 21%] [34m[1mGenerating C introspection for ROS interfaces[0m
[1.600s] [ 23%] [34m[1mGenerating C type support dispatch for ROS interfaces[0m
[1.730s] [35m[1mConsolidate compiler generated dependencies of target moveit_interfaces__rosidl_typesupport_cpp[0m
[1.742s] [ 29%] [32mBuilding CXX object CMakeFiles/moveit_interfaces__rosidl_typesupport_cpp.dir/rosidl_typesupport_cpp/moveit_interfaces/msg/multi_box_position__type_support.cpp.o[0m
[1.742s] [ 29%] [32mBuilding CXX object CMakeFiles/moveit_interfaces__rosidl_typesupport_cpp.dir/rosidl_typesupport_cpp/moveit_interfaces/srv/box_position__type_support.cpp.o[0m
[1.742s] [ 29%] [32mBuilding CXX object CMakeFiles/moveit_interfaces__rosidl_typesupport_cpp.dir/rosidl_typesupport_cpp/moveit_interfaces/msg/detection__type_support.cpp.o[0m
[1.743s] [ 30%] [32mBuilding CXX object CMakeFiles/moveit_interfaces__rosidl_typesupport_cpp.dir/rosidl_typesupport_cpp/moveit_interfaces/action/conveyor__type_support.cpp.o[0m
[1.774s] [35m[1mConsolidate compiler generated dependencies of target moveit_interfaces__rosidl_typesupport_introspection_cpp[0m
[1.788s] [ 38%] [32mBuilding CXX object CMakeFiles/moveit_interfaces__rosidl_typesupport_introspection_cpp.dir/rosidl_typesupport_introspection_cpp/moveit_interfaces/msg/detail/multi_box_position__type_support.cpp.o[0m
[1.788s] [ 38%] [32mBuilding CXX object CMakeFiles/moveit_interfaces__rosidl_typesupport_introspection_cpp.dir/rosidl_typesupport_introspection_cpp/moveit_interfaces/action/detail/conveyor__type_support.cpp.o[0m
[1.788s] [ 38%] [32mBuilding CXX object CMakeFiles/moveit_interfaces__rosidl_typesupport_introspection_cpp.dir/rosidl_typesupport_introspection_cpp/moveit_interfaces/msg/detail/detection__type_support.cpp.o[0m
[1.789s] [ 38%] [32mBuilding CXX object CMakeFiles/moveit_interfaces__rosidl_typesupport_introspection_cpp.dir/rosidl_typesupport_introspection_cpp/moveit_interfaces/srv/detail/box_position__type_support.cpp.o[0m
[1.852s] [35m[1mConsolidate compiler generated dependencies of target moveit_interfaces__rosidl_typesupport_fastrtps_cpp[0m
[1.871s] [ 40%] [32mBuilding CXX object CMakeFiles/moveit_interfaces__rosidl_typesupport_fastrtps_cpp.dir/rosidl_typesupport_fastrtps_cpp/moveit_interfaces/msg/detail/dds_fastrtps/multi_box_position__type_support.cpp.o[0m
[1.871s] [ 41%] [32mBuilding CXX object CMakeFiles/moveit_interfaces__rosidl_typesupport_fastrtps_cpp.dir/rosidl_typesupport_fastrtps_cpp/moveit_interfaces/msg/detail/dds_fastrtps/detection__type_support.cpp.o[0m
[1.877s] [ 43%] [32mBuilding CXX object CMakeFiles/moveit_interfaces__rosidl_typesupport_fastrtps_cpp.dir/rosidl_typesupport_fastrtps_cpp/moveit_interfaces/action/detail/dds_fastrtps/conveyor__type_support.cpp.o[0m
[1.877s] [ 45%] [32mBuilding CXX object CMakeFiles/moveit_interfaces__rosidl_typesupport_fastrtps_cpp.dir/rosidl_typesupport_fastrtps_cpp/moveit_interfaces/srv/detail/dds_fastrtps/box_position__type_support.cpp.o[0m
[1.884s] [35m[1mConsolidate compiler generated dependencies of target moveit_interfaces__rosidl_typesupport_c[0m
[1.894s] [ 47%] [32mBuilding CXX object CMakeFiles/moveit_interfaces__rosidl_typesupport_c.dir/rosidl_typesupport_c/moveit_interfaces/msg/multi_box_position__type_support.cpp.o[0m
[1.907s] [ 49%] [32mBuilding CXX object CMakeFiles/moveit_interfaces__rosidl_typesupport_c.dir/rosidl_typesupport_c/moveit_interfaces/msg/detection__type_support.cpp.o[0m
[1.943s] [ 50%] [32mBuilding CXX object CMakeFiles/moveit_interfaces__rosidl_typesupport_c.dir/rosidl_typesupport_c/moveit_interfaces/srv/box_position__type_support.cpp.o[0m
[1.976s] [ 52%] [32mBuilding CXX object CMakeFiles/moveit_interfaces__rosidl_typesupport_c.dir/rosidl_typesupport_c/moveit_interfaces/action/conveyor__type_support.cpp.o[0m
[1.998s] [35m[1mConsolidate compiler generated dependencies of target moveit_interfaces__rosidl_typesupport_introspection_c[0m
[2.005s] [35m[1mConsolidate compiler generated dependencies of target moveit_interfaces__rosidl_typesupport_fastrtps_c[0m
[2.014s] [ 58%] [32mBuilding C object CMakeFiles/moveit_interfaces__rosidl_typesupport_introspection_c.dir/rosidl_typesupport_introspection_c/moveit_interfaces/msg/detail/detection__type_support.c.o[0m
[2.014s] [ 58%] [32mBuilding C object CMakeFiles/moveit_interfaces__rosidl_typesupport_introspection_c.dir/rosidl_typesupport_introspection_c/moveit_interfaces/action/detail/conveyor__type_support.c.o[0m
[2.014s] [ 58%] [32mBuilding C object CMakeFiles/moveit_interfaces__rosidl_typesupport_introspection_c.dir/rosidl_typesupport_introspection_c/moveit_interfaces/msg/detail/multi_box_position__type_support.c.o[0m
[2.015s] [ 60%] [32mBuilding C object CMakeFiles/moveit_interfaces__rosidl_typesupport_introspection_c.dir/rosidl_typesupport_introspection_c/moveit_interfaces/srv/detail/box_position__type_support.c.o[0m
[2.023s] [ 63%] [32mBuilding CXX object CMakeFiles/moveit_interfaces__rosidl_typesupport_fastrtps_c.dir/rosidl_typesupport_fastrtps_c/moveit_interfaces/msg/detail/multi_box_position__type_support_c.cpp.o[0m
[2.023s] [ 63%] [32mBuilding CXX object CMakeFiles/moveit_interfaces__rosidl_typesupport_fastrtps_c.dir/rosidl_typesupport_fastrtps_c/moveit_interfaces/msg/detail/detection__type_support_c.cpp.o[0m
[2.033s] [ 65%] [32m[1mLinking CXX shared library libmoveit_interfaces__rosidl_typesupport_c.so[0m
[2.058s] [ 67%] [32mBuilding CXX object CMakeFiles/moveit_interfaces__rosidl_typesupport_fastrtps_c.dir/rosidl_typesupport_fastrtps_c/moveit_interfaces/srv/detail/box_position__type_support_c.cpp.o[0m
[2.066s] [ 69%] [32mBuilding CXX object CMakeFiles/moveit_interfaces__rosidl_typesupport_fastrtps_c.dir/rosidl_typesupport_fastrtps_c/moveit_interfaces/action/detail/conveyor__type_support_c.cpp.o[0m
[2.072s] [ 70%] [32m[1mLinking C shared library libmoveit_interfaces__rosidl_typesupport_introspection_c.so[0m
[2.088s] [ 70%] Built target moveit_interfaces__rosidl_typesupport_c
[2.129s] [ 70%] Built target moveit_interfaces__rosidl_typesupport_introspection_c
[2.170s] [ 72%] [32m[1mLinking CXX shared library libmoveit_interfaces__rosidl_typesupport_cpp.so[0m
[2.206s] [ 72%] Built target moveit_interfaces__rosidl_typesupport_cpp
[2.333s] [ 74%] [32m[1mLinking CXX shared library libmoveit_interfaces__rosidl_typesupport_introspection_cpp.so[0m
[2.373s] [ 78%] [32m[1mLinking CXX shared library libmoveit_interfaces__rosidl_typesupport_fastrtps_c.so[0m
[2.373s] [ 78%] [32m[1mLinking CXX shared library libmoveit_interfaces__rosidl_typesupport_fastrtps_cpp.so[0m
[2.392s] [ 78%] Built target moveit_interfaces__rosidl_typesupport_introspection_cpp
[2.431s] [ 78%] Built target moveit_interfaces__rosidl_typesupport_fastrtps_c
[2.433s] [ 78%] Built target moveit_interfaces__rosidl_typesupport_fastrtps_cpp
[2.452s] [ 78%] Built target moveit_interfaces
[2.468s] [ 80%] [34m[1mGenerating Python code for ROS interfaces[0m
[3.071s] [ 80%] Built target moveit_interfaces__py
[3.081s] [35m[1mConsolidate compiler generated dependencies of target moveit_interfaces__rosidl_generator_py[0m
[3.092s] [ 85%] [32mBuilding C object CMakeFiles/moveit_interfaces__rosidl_generator_py.dir/rosidl_generator_py/moveit_interfaces/msg/_multi_box_position_s.c.o[0m
[3.092s] [ 85%] [32mBuilding C object CMakeFiles/moveit_interfaces__rosidl_generator_py.dir/rosidl_generator_py/moveit_interfaces/msg/_detection_s.c.o[0m
[3.092s] [ 85%] [32mBuilding C object CMakeFiles/moveit_interfaces__rosidl_generator_py.dir/rosidl_generator_py/moveit_interfaces/srv/_box_position_s.c.o[0m
[3.092s] [ 87%] [32mBuilding C object CMakeFiles/moveit_interfaces__rosidl_generator_py.dir/rosidl_generator_py/moveit_interfaces/action/_conveyor_s.c.o[0m
[3.175s] [ 89%] [32m[1mLinking C shared library rosidl_generator_py/moveit_interfaces/libmoveit_interfaces__rosidl_generator_py.so[0m
[3.208s] [ 89%] Built target moveit_interfaces__rosidl_generator_py
[3.214s] [35m[1mConsolidate compiler generated dependencies of target moveit_interfaces__rosidl_typesupport_fastrtps_c__pyext[0m
[3.216s] [35m[1mConsolidate compiler generated dependencies of target moveit_interfaces__rosidl_typesupport_introspection_c__pyext[0m
[3.217s] [35m[1mConsolidate compiler generated dependencies of target moveit_interfaces__rosidl_typesupport_c__pyext[0m
[3.226s] [ 90%] [32mBuilding C object CMakeFiles/moveit_interfaces__rosidl_typesupport_fastrtps_c__pyext.dir/rosidl_generator_py/moveit_interfaces/_moveit_interfaces_s.ep.rosidl_typesupport_fastrtps_c.c.o[0m
[3.227s] [ 92%] [32mBuilding C object CMakeFiles/moveit_interfaces__rosidl_typesupport_c__pyext.dir/rosidl_generator_py/moveit_interfaces/_moveit_interfaces_s.ep.rosidl_typesupport_c.c.o[0m
[3.228s] [ 94%] [32mBuilding C object CMakeFiles/moveit_interfaces__rosidl_typesupport_introspection_c__pyext.dir/rosidl_generator_py/moveit_interfaces/_moveit_interfaces_s.ep.rosidl_typesupport_introspection_c.c.o[0m
[3.307s] [100%] [32m[1mLinking C shared library rosidl_generator_py/moveit_interfaces/moveit_interfaces_s__rosidl_typesupport_fastrtps_c.cpython-310-x86_64-linux-gnu.so[0m
[3.308s] [100%] [32m[1mLinking C shared library rosidl_generator_py/moveit_interfaces/moveit_interfaces_s__rosidl_typesupport_c.cpython-310-x86_64-linux-gnu.so[0m
[3.308s] [100%] [32m[1mLinking C shared library rosidl_generator_py/moveit_interfaces/moveit_interfaces_s__rosidl_typesupport_introspection_c.cpython-310-x86_64-linux-gnu.so[0m
[3.342s] [100%] Built target moveit_interfaces__rosidl_typesupport_introspection_c__pyext
[3.342s] [100%] Built target moveit_interfaces__rosidl_typesupport_c__pyext
[3.342s] [100%] Built target moveit_interfaces__rosidl_typesupport_fastrtps_c__pyext
[3.351s] Invoked command in '/home/g1/ff_ws/build/moveit_interfaces' returned '0': CMAKE_PREFIX_PATH=${CMAKE_PREFIX_PATH}:/home/g1/ff_ws/install/moveit:/home/g1/ff_ws/install/conveyor_belt:/opt/ros/humble /usr/bin/cmake --build /home/g1/ff_ws/build/moveit_interfaces -- -j16 -l16
[3.360s] Invoking command in '/home/g1/ff_ws/build/moveit_interfaces': CMAKE_PREFIX_PATH=${CMAKE_PREFIX_PATH}:/home/g1/ff_ws/install/moveit:/home/g1/ff_ws/install/conveyor_belt:/opt/ros/humble /usr/bin/cmake --install /home/g1/ff_ws/build/moveit_interfaces
[3.364s] -- Install configuration: ""
[3.365s] -- Execute custom install script
[3.365s] -- Up-to-date symlink: /home/g1/ff_ws/install/moveit_interfaces/share/ament_index/resource_index/rosidl_interfaces/moveit_interfaces
[3.365s] -- Up-to-date symlink: /home/g1/ff_ws/install/moveit_interfaces/include/moveit_interfaces/moveit_interfaces/action/conveyor.h
[3.365s] -- Up-to-date symlink: /home/g1/ff_ws/install/moveit_interfaces/include/moveit_interfaces/moveit_interfaces/action/detail/conveyor__functions.h
[3.365s] -- Up-to-date symlink: /home/g1/ff_ws/install/moveit_interfaces/include/moveit_interfaces/moveit_interfaces/action/detail/conveyor__struct.h
[3.365s] -- Up-to-date symlink: /home/g1/ff_ws/install/moveit_interfaces/include/moveit_interfaces/moveit_interfaces/action/detail/conveyor__type_support.h
[3.365s] -- Symlinking: /home/g1/ff_ws/install/moveit_interfaces/include/moveit_interfaces/moveit_interfaces/msg/detail/detection__functions.h
[3.372s] -- Symlinking: /home/g1/ff_ws/install/moveit_interfaces/include/moveit_interfaces/moveit_interfaces/msg/detail/detection__struct.h
[3.377s] -- Symlinking: /home/g1/ff_ws/install/moveit_interfaces/include/moveit_interfaces/moveit_interfaces/msg/detail/detection__type_support.h
[3.384s] -- Up-to-date symlink: /home/g1/ff_ws/install/moveit_interfaces/include/moveit_interfaces/moveit_interfaces/msg/detail/multi_box_position__functions.h
[3.384s] -- Up-to-date symlink: /home/g1/ff_ws/install/moveit_interfaces/include/moveit_interfaces/moveit_interfaces/msg/detail/multi_box_position__struct.h
[3.384s] -- Up-to-date symlink: /home/g1/ff_ws/install/moveit_interfaces/include/moveit_interfaces/moveit_interfaces/msg/detail/multi_box_position__type_support.h
[3.384s] -- Symlinking: /home/g1/ff_ws/install/moveit_interfaces/include/moveit_interfaces/moveit_interfaces/msg/detection.h
[3.390s] -- Up-to-date symlink: /home/g1/ff_ws/install/moveit_interfaces/include/moveit_interfaces/moveit_interfaces/msg/multi_box_position.h
[3.391s] -- Up-to-date symlink: /home/g1/ff_ws/install/moveit_interfaces/include/moveit_interfaces/moveit_interfaces/msg/rosidl_generator_c__visibility_control.h
[3.391s] -- Up-to-date symlink: /home/g1/ff_ws/install/moveit_interfaces/include/moveit_interfaces/moveit_interfaces/srv/box_position.h
[3.391s] -- Up-to-date symlink: /home/g1/ff_ws/install/moveit_interfaces/include/moveit_interfaces/moveit_interfaces/srv/detail/box_position__functions.h
[3.391s] -- Up-to-date symlink: /home/g1/ff_ws/install/moveit_interfaces/include/moveit_interfaces/moveit_interfaces/srv/detail/box_position__struct.h
[3.391s] -- Up-to-date symlink: /home/g1/ff_ws/install/moveit_interfaces/include/moveit_interfaces/moveit_interfaces/srv/detail/box_position__type_support.h
[3.391s] -- Up-to-date symlink: /home/g1/ff_ws/install/moveit_interfaces/share/moveit_interfaces/environment/library_path.sh
[3.391s] -- Up-to-date symlink: /home/g1/ff_ws/install/moveit_interfaces/share/moveit_interfaces/environment/library_path.dsv
[3.392s] -- Up-to-date symlink: /home/g1/ff_ws/install/moveit_interfaces/include/moveit_interfaces/moveit_interfaces/action/detail/conveyor__rosidl_typesupport_fastrtps_c.h
[3.392s] -- Symlinking: /home/g1/ff_ws/install/moveit_interfaces/include/moveit_interfaces/moveit_interfaces/msg/detail/detection__rosidl_typesupport_fastrtps_c.h
[3.399s] -- Up-to-date symlink: /home/g1/ff_ws/install/moveit_interfaces/include/moveit_interfaces/moveit_interfaces/msg/detail/multi_box_position__rosidl_typesupport_fastrtps_c.h
[3.399s] -- Up-to-date symlink: /home/g1/ff_ws/install/moveit_interfaces/include/moveit_interfaces/moveit_interfaces/msg/rosidl_typesupport_fastrtps_c__visibility_control.h
[3.399s] -- Up-to-date symlink: /home/g1/ff_ws/install/moveit_interfaces/include/moveit_interfaces/moveit_interfaces/srv/detail/box_position__rosidl_typesupport_fastrtps_c.h
[3.399s] -- Up-to-date symlink: /home/g1/ff_ws/install/moveit_interfaces/include/moveit_interfaces/moveit_interfaces/action/conveyor.hpp
[3.399s] -- Up-to-date symlink: /home/g1/ff_ws/install/moveit_interfaces/include/moveit_interfaces/moveit_interfaces/action/detail/conveyor__builder.hpp
[3.399s] -- Up-to-date symlink: /home/g1/ff_ws/install/moveit_interfaces/include/moveit_interfaces/moveit_interfaces/action/detail/conveyor__struct.hpp
[3.399s] -- Up-to-date symlink: /home/g1/ff_ws/install/moveit_interfaces/include/moveit_interfaces/moveit_interfaces/action/detail/conveyor__traits.hpp
[3.399s] -- Up-to-date symlink: /home/g1/ff_ws/install/moveit_interfaces/include/moveit_interfaces/moveit_interfaces/action/detail/conveyor__type_support.hpp
[3.399s] -- Symlinking: /home/g1/ff_ws/install/moveit_interfaces/include/moveit_interfaces/moveit_interfaces/msg/detail/detection__builder.hpp
[3.406s] -- Symlinking: /home/g1/ff_ws/install/moveit_interfaces/include/moveit_interfaces/moveit_interfaces/msg/detail/detection__struct.hpp
[3.415s] -- Symlinking: /home/g1/ff_ws/install/moveit_interfaces/include/moveit_interfaces/moveit_interfaces/msg/detail/detection__traits.hpp
[3.423s] -- Symlinking: /home/g1/ff_ws/install/moveit_interfaces/include/moveit_interfaces/moveit_interfaces/msg/detail/detection__type_support.hpp
[3.432s] -- Up-to-date symlink: /home/g1/ff_ws/install/moveit_interfaces/include/moveit_interfaces/moveit_interfaces/msg/detail/multi_box_position__builder.hpp
[3.432s] -- Up-to-date symlink: /home/g1/ff_ws/install/moveit_interfaces/include/moveit_interfaces/moveit_interfaces/msg/detail/multi_box_position__struct.hpp
[3.432s] -- Up-to-date symlink: /home/g1/ff_ws/install/moveit_interfaces/include/moveit_interfaces/moveit_interfaces/msg/detail/multi_box_position__traits.hpp
[3.432s] -- Up-to-date symlink: /home/g1/ff_ws/install/moveit_interfaces/include/moveit_interfaces/moveit_interfaces/msg/detail/multi_box_position__type_support.hpp
[3.432s] -- Symlinking: /home/g1/ff_ws/install/moveit_interfaces/include/moveit_interfaces/moveit_interfaces/msg/detection.hpp
[3.439s] -- Up-to-date symlink: /home/g1/ff_ws/install/moveit_interfaces/include/moveit_interfaces/moveit_interfaces/msg/multi_box_position.hpp
[3.440s] -- Up-to-date symlink: /home/g1/ff_ws/install/moveit_interfaces/include/moveit_interfaces/moveit_interfaces/msg/rosidl_generator_cpp__visibility_control.hpp
[3.440s] -- Up-to-date symlink: /home/g1/ff_ws/install/moveit_interfaces/include/moveit_interfaces/moveit_interfaces/srv/box_position.hpp
[3.440s] -- Up-to-date symlink: /home/g1/ff_ws/install/moveit_interfaces/include/moveit_interfaces/moveit_interfaces/srv/detail/box_position__builder.hpp
[3.440s] -- Up-to-date symlink: /home/g1/ff_ws/install/moveit_interfaces/include/moveit_interfaces/moveit_interfaces/srv/detail/box_position__struct.hpp
[3.440s] -- Up-to-date symlink: /home/g1/ff_ws/install/moveit_interfaces/include/moveit_interfaces/moveit_interfaces/srv/detail/box_position__traits.hpp
[3.440s] -- Up-to-date symlink: /home/g1/ff_ws/install/moveit_interfaces/include/moveit_interfaces/moveit_interfaces/srv/detail/box_position__type_support.hpp
[3.440s] -- Up-to-date symlink: /home/g1/ff_ws/install/moveit_interfaces/include/moveit_interfaces/moveit_interfaces/action/detail/conveyor__rosidl_typesupport_fastrtps_cpp.hpp
[3.441s] -- Symlinking: /home/g1/ff_ws/install/moveit_interfaces/include/moveit_interfaces/moveit_interfaces/msg/detail/detection__rosidl_typesupport_fastrtps_cpp.hpp
[3.447s] -- Up-to-date symlink: /home/g1/ff_ws/install/moveit_interfaces/include/moveit_interfaces/moveit_interfaces/msg/detail/multi_box_position__rosidl_typesupport_fastrtps_cpp.hpp
[3.447s] -- Up-to-date symlink: /home/g1/ff_ws/install/moveit_interfaces/include/moveit_interfaces/moveit_interfaces/msg/rosidl_typesupport_fastrtps_cpp__visibility_control.h
[3.447s] -- Up-to-date symlink: /home/g1/ff_ws/install/moveit_interfaces/include/moveit_interfaces/moveit_interfaces/srv/detail/box_position__rosidl_typesupport_fastrtps_cpp.hpp
[3.448s] -- Up-to-date symlink: /home/g1/ff_ws/install/moveit_interfaces/include/moveit_interfaces/moveit_interfaces/action/detail/conveyor__rosidl_typesupport_introspection_c.h
[3.448s] -- Symlinking: /home/g1/ff_ws/install/moveit_interfaces/include/moveit_interfaces/moveit_interfaces/msg/detail/detection__rosidl_typesupport_introspection_c.h
[3.454s] -- Up-to-date symlink: /home/g1/ff_ws/install/moveit_interfaces/include/moveit_interfaces/moveit_interfaces/msg/detail/multi_box_position__rosidl_typesupport_introspection_c.h
[3.455s] -- Up-to-date symlink: /home/g1/ff_ws/install/moveit_interfaces/include/moveit_interfaces/moveit_interfaces/msg/rosidl_typesupport_introspection_c__visibility_control.h
[3.455s] -- Up-to-date symlink: /home/g1/ff_ws/install/moveit_interfaces/include/moveit_interfaces/moveit_interfaces/srv/detail/box_position__rosidl_typesupport_introspection_c.h
[3.455s] -- Up-to-date symlink: /home/g1/ff_ws/install/moveit_interfaces/include/moveit_interfaces/moveit_interfaces/action/detail/conveyor__rosidl_typesupport_introspection_cpp.hpp
[3.455s] -- Symlinking: /home/g1/ff_ws/install/moveit_interfaces/include/moveit_interfaces/moveit_interfaces/msg/detail/detection__rosidl_typesupport_introspection_cpp.hpp
[3.461s] -- Up-to-date symlink: /home/g1/ff_ws/install/moveit_interfaces/include/moveit_interfaces/moveit_interfaces/msg/detail/multi_box_position__rosidl_typesupport_introspection_cpp.hpp
[3.461s] -- Up-to-date symlink: /home/g1/ff_ws/install/moveit_interfaces/include/moveit_interfaces/moveit_interfaces/srv/detail/box_position__rosidl_typesupport_introspection_cpp.hpp
[3.461s] -- Up-to-date symlink: /home/g1/ff_ws/install/moveit_interfaces/share/moveit_interfaces/environment/pythonpath.sh
[3.462s] -- Up-to-date symlink: /home/g1/ff_ws/install/moveit_interfaces/share/moveit_interfaces/environment/pythonpath.dsv
[3.462s] -- Up-to-date symlink: /home/g1/ff_ws/install/moveit_interfaces/local/lib/python3.10/dist-packages/moveit_interfaces-0.0.0-py3.10.egg-info/PKG-INFO
[3.462s] -- Up-to-date symlink: /home/g1/ff_ws/install/moveit_interfaces/local/lib/python3.10/dist-packages/moveit_interfaces-0.0.0-py3.10.egg-info/SOURCES.txt
[3.462s] -- Up-to-date symlink: /home/g1/ff_ws/install/moveit_interfaces/local/lib/python3.10/dist-packages/moveit_interfaces-0.0.0-py3.10.egg-info/dependency_links.txt
[3.462s] -- Up-to-date symlink: /home/g1/ff_ws/install/moveit_interfaces/local/lib/python3.10/dist-packages/moveit_interfaces-0.0.0-py3.10.egg-info/top_level.txt
[3.462s] -- Up-to-date symlink: /home/g1/ff_ws/install/moveit_interfaces/local/lib/python3.10/dist-packages/moveit_interfaces/__init__.py
[3.462s] -- Up-to-date symlink: /home/g1/ff_ws/install/moveit_interfaces/local/lib/python3.10/dist-packages/moveit_interfaces/_moveit_interfaces_s.ep.rosidl_typesupport_c.c
[3.462s] -- Up-to-date symlink: /home/g1/ff_ws/install/moveit_interfaces/local/lib/python3.10/dist-packages/moveit_interfaces/_moveit_interfaces_s.ep.rosidl_typesupport_fastrtps_c.c
[3.463s] -- Up-to-date symlink: /home/g1/ff_ws/install/moveit_interfaces/local/lib/python3.10/dist-packages/moveit_interfaces/_moveit_interfaces_s.ep.rosidl_typesupport_introspection_c.c
[3.463s] -- Up-to-date symlink: /home/g1/ff_ws/install/moveit_interfaces/local/lib/python3.10/dist-packages/moveit_interfaces/action/__init__.py
[3.463s] -- Up-to-date symlink: /home/g1/ff_ws/install/moveit_interfaces/local/lib/python3.10/dist-packages/moveit_interfaces/action/_conveyor.py
[3.463s] -- Up-to-date symlink: /home/g1/ff_ws/install/moveit_interfaces/local/lib/python3.10/dist-packages/moveit_interfaces/action/_conveyor_s.c
[3.463s] -- Up-to-date symlink: /home/g1/ff_ws/install/moveit_interfaces/local/lib/python3.10/dist-packages/moveit_interfaces/libmoveit_interfaces__rosidl_generator_py.so
[3.463s] -- Up-to-date symlink: /home/g1/ff_ws/install/moveit_interfaces/local/lib/python3.10/dist-packages/moveit_interfaces/moveit_interfaces_s__rosidl_typesupport_c.cpython-310-x86_64-linux-gnu.so
[3.463s] -- Up-to-date symlink: /home/g1/ff_ws/install/moveit_interfaces/local/lib/python3.10/dist-packages/moveit_interfaces/moveit_interfaces_s__rosidl_typesupport_fastrtps_c.cpython-310-x86_64-linux-gnu.so
[3.463s] -- Up-to-date symlink: /home/g1/ff_ws/install/moveit_interfaces/local/lib/python3.10/dist-packages/moveit_interfaces/moveit_interfaces_s__rosidl_typesupport_introspection_c.cpython-310-x86_64-linux-gnu.so
[3.463s] -- Up-to-date symlink: /home/g1/ff_ws/install/moveit_interfaces/local/lib/python3.10/dist-packages/moveit_interfaces/msg/__init__.py
[3.463s] -- Symlinking: /home/g1/ff_ws/install/moveit_interfaces/local/lib/python3.10/dist-packages/moveit_interfaces/msg/_detection.py
[3.469s] -- Symlinking: /home/g1/ff_ws/install/moveit_interfaces/local/lib/python3.10/dist-packages/moveit_interfaces/msg/_detection_s.c
[3.476s] -- Up-to-date symlink: /home/g1/ff_ws/install/moveit_interfaces/local/lib/python3.10/dist-packages/moveit_interfaces/msg/_multi_box_position.py
[3.476s] -- Up-to-date symlink: /home/g1/ff_ws/install/moveit_interfaces/local/lib/python3.10/dist-packages/moveit_interfaces/msg/_multi_box_position_s.c
[3.476s] -- Up-to-date symlink: /home/g1/ff_ws/install/moveit_interfaces/local/lib/python3.10/dist-packages/moveit_interfaces/srv/__init__.py
[3.476s] -- Up-to-date symlink: /home/g1/ff_ws/install/moveit_interfaces/local/lib/python3.10/dist-packages/moveit_interfaces/srv/_box_position.py
[3.476s] -- Up-to-date symlink: /home/g1/ff_ws/install/moveit_interfaces/local/lib/python3.10/dist-packages/moveit_interfaces/srv/_box_position_s.c
[3.476s] -- Up-to-date symlink: /home/g1/ff_ws/install/moveit_interfaces/local/lib/python3.10/dist-packages/moveit_interfaces/moveit_interfaces_s__rosidl_typesupport_fastrtps_c.cpython-310-x86_64-linux-gnu.so
[3.476s] -- Up-to-date symlink: /home/g1/ff_ws/install/moveit_interfaces/local/lib/python3.10/dist-packages/moveit_interfaces/moveit_interfaces_s__rosidl_typesupport_introspection_c.cpython-310-x86_64-linux-gnu.so
[3.476s] -- Up-to-date symlink: /home/g1/ff_ws/install/moveit_interfaces/local/lib/python3.10/dist-packages/moveit_interfaces/moveit_interfaces_s__rosidl_typesupport_c.cpython-310-x86_64-linux-gnu.so
[3.476s] -- Up-to-date symlink: /home/g1/ff_ws/install/moveit_interfaces/share/moveit_interfaces/msg/MultiBoxPosition.idl
[3.476s] -- Symlinking: /home/g1/ff_ws/install/moveit_interfaces/share/moveit_interfaces/msg/Detection.idl
[3.483s] -- Up-to-date symlink: /home/g1/ff_ws/install/moveit_interfaces/share/moveit_interfaces/srv/BoxPosition.idl
[3.483s] -- Up-to-date symlink: /home/g1/ff_ws/install/moveit_interfaces/share/moveit_interfaces/action/Conveyor.idl
[3.483s] -- Up-to-date symlink: /home/g1/ff_ws/install/moveit_interfaces/share/moveit_interfaces/msg/MultiBoxPosition.msg
[3.483s] -- Symlinking: /home/g1/ff_ws/install/moveit_interfaces/share/moveit_interfaces/msg/Detection.msg
[3.489s] -- Up-to-date symlink: /home/g1/ff_ws/install/moveit_interfaces/share/moveit_interfaces/srv/BoxPosition.srv
[3.489s] -- Up-to-date symlink: /home/g1/ff_ws/install/moveit_interfaces/share/moveit_interfaces/srv/BoxPosition_Request.msg
[3.490s] -- Up-to-date symlink: /home/g1/ff_ws/install/moveit_interfaces/share/moveit_interfaces/srv/BoxPosition_Response.msg
[3.490s] -- Up-to-date symlink: /home/g1/ff_ws/install/moveit_interfaces/share/moveit_interfaces/action/Conveyor.action
[3.490s] -- Up-to-date symlink: /home/g1/ff_ws/install/moveit_interfaces/share/ament_index/resource_index/package_run_dependencies/moveit_interfaces
[3.490s] -- Up-to-date symlink: /home/g1/ff_ws/install/moveit_interfaces/share/ament_index/resource_index/parent_prefix_path/moveit_interfaces
[3.490s] -- Up-to-date symlink: /home/g1/ff_ws/install/moveit_interfaces/share/moveit_interfaces/environment/ament_prefix_path.sh
[3.490s] -- Up-to-date symlink: /home/g1/ff_ws/install/moveit_interfaces/share/moveit_interfaces/environment/ament_prefix_path.dsv
[3.490s] -- Up-to-date symlink: /home/g1/ff_ws/install/moveit_interfaces/share/moveit_interfaces/environment/path.sh
[3.490s] -- Up-to-date symlink: /home/g1/ff_ws/install/moveit_interfaces/share/moveit_interfaces/environment/path.dsv
[3.490s] -- Up-to-date symlink: /home/g1/ff_ws/install/moveit_interfaces/share/moveit_interfaces/local_setup.bash
[3.491s] -- Up-to-date symlink: /home/g1/ff_ws/install/moveit_interfaces/share/moveit_interfaces/local_setup.sh
[3.491s] -- Up-to-date symlink: /home/g1/ff_ws/install/moveit_interfaces/share/moveit_interfaces/local_setup.zsh
[3.491s] -- Up-to-date symlink: /home/g1/ff_ws/install/moveit_interfaces/share/moveit_interfaces/local_setup.dsv
[3.491s] -- Symlinking: /home/g1/ff_ws/install/moveit_interfaces/share/moveit_interfaces/package.dsv
[3.498s] -- Up-to-date symlink: /home/g1/ff_ws/install/moveit_interfaces/share/ament_index/resource_index/packages/moveit_interfaces
[3.498s] -- Up-to-date symlink: /home/g1/ff_ws/install/moveit_interfaces/share/moveit_interfaces/cmake/rosidl_cmake-extras.cmake
[3.498s] -- Up-to-date symlink: /home/g1/ff_ws/install/moveit_interfaces/share/moveit_interfaces/cmake/ament_cmake_export_dependencies-extras.cmake
[3.498s] -- Up-to-date symlink: /home/g1/ff_ws/install/moveit_interfaces/share/moveit_interfaces/cmake/ament_cmake_export_include_directories-extras.cmake
[3.498s] -- Up-to-date symlink: /home/g1/ff_ws/install/moveit_interfaces/share/moveit_interfaces/cmake/ament_cmake_export_libraries-extras.cmake
[3.499s] -- Up-to-date symlink: /home/g1/ff_ws/install/moveit_interfaces/share/moveit_interfaces/cmake/ament_cmake_export_targets-extras.cmake
[3.499s] -- Up-to-date symlink: /home/g1/ff_ws/install/moveit_interfaces/share/moveit_interfaces/cmake/rosidl_cmake_export_typesupport_targets-extras.cmake
[3.499s] -- Up-to-date symlink: /home/g1/ff_ws/install/moveit_interfaces/share/moveit_interfaces/cmake/rosidl_cmake_export_typesupport_libraries-extras.cmake
[3.499s] -- Up-to-date symlink: /home/g1/ff_ws/install/moveit_interfaces/share/moveit_interfaces/cmake/moveit_interfacesConfig.cmake
[3.499s] -- Up-to-date symlink: /home/g1/ff_ws/install/moveit_interfaces/share/moveit_interfaces/cmake/moveit_interfacesConfig-version.cmake
[3.499s] -- Up-to-date symlink: /home/g1/ff_ws/install/moveit_interfaces/share/moveit_interfaces/package.xml
[3.499s] -- Installing: /home/g1/ff_ws/install/moveit_interfaces/lib/libmoveit_interfaces__rosidl_generator_c.so
[3.499s] -- Set runtime path of "/home/g1/ff_ws/install/moveit_interfaces/lib/libmoveit_interfaces__rosidl_generator_c.so" to ""
[3.500s] -- Installing: /home/g1/ff_ws/install/moveit_interfaces/lib/libmoveit_interfaces__rosidl_typesupport_fastrtps_c.so
[3.500s] -- Set runtime path of "/home/g1/ff_ws/install/moveit_interfaces/lib/libmoveit_interfaces__rosidl_typesupport_fastrtps_c.so" to ""
[3.500s] -- Installing: /home/g1/ff_ws/install/moveit_interfaces/lib/libmoveit_interfaces__rosidl_typesupport_fastrtps_cpp.so
[3.501s] -- Set runtime path of "/home/g1/ff_ws/install/moveit_interfaces/lib/libmoveit_interfaces__rosidl_typesupport_fastrtps_cpp.so" to ""
[3.501s] -- Installing: /home/g1/ff_ws/install/moveit_interfaces/lib/libmoveit_interfaces__rosidl_typesupport_introspection_c.so
[3.501s] -- Set runtime path of "/home/g1/ff_ws/install/moveit_interfaces/lib/libmoveit_interfaces__rosidl_typesupport_introspection_c.so" to ""
[3.501s] -- Installing: /home/g1/ff_ws/install/moveit_interfaces/lib/libmoveit_interfaces__rosidl_typesupport_c.so
[3.501s] -- Set runtime path of "/home/g1/ff_ws/install/moveit_interfaces/lib/libmoveit_interfaces__rosidl_typesupport_c.so" to ""
[3.501s] -- Installing: /home/g1/ff_ws/install/moveit_interfaces/lib/libmoveit_interfaces__rosidl_typesupport_introspection_cpp.so
[3.502s] -- Set runtime path of "/home/g1/ff_ws/install/moveit_interfaces/lib/libmoveit_interfaces__rosidl_typesupport_introspection_cpp.so" to ""
[3.502s] -- Installing: /home/g1/ff_ws/install/moveit_interfaces/lib/libmoveit_interfaces__rosidl_typesupport_cpp.so
[3.502s] -- Set runtime path of "/home/g1/ff_ws/install/moveit_interfaces/lib/libmoveit_interfaces__rosidl_typesupport_cpp.so" to ""
[3.531s] Listing '/home/g1/ff_ws/install/moveit_interfaces/local/lib/python3.10/dist-packages/moveit_interfaces'...
[3.531s] Compiling '/home/g1/ff_ws/install/moveit_interfaces/local/lib/python3.10/dist-packages/moveit_interfaces/__init__.py'...
[3.531s] Listing '/home/g1/ff_ws/install/moveit_interfaces/local/lib/python3.10/dist-packages/moveit_interfaces/action'...
[3.531s] Compiling '/home/g1/ff_ws/install/moveit_interfaces/local/lib/python3.10/dist-packages/moveit_interfaces/action/__init__.py'...
[3.531s] Compiling '/home/g1/ff_ws/install/moveit_interfaces/local/lib/python3.10/dist-packages/moveit_interfaces/action/_conveyor.py'...
[3.531s] Listing '/home/g1/ff_ws/install/moveit_interfaces/local/lib/python3.10/dist-packages/moveit_interfaces/msg'...
[3.531s] Compiling '/home/g1/ff_ws/install/moveit_interfaces/local/lib/python3.10/dist-packages/moveit_interfaces/msg/__init__.py'...
[3.531s] Compiling '/home/g1/ff_ws/install/moveit_interfaces/local/lib/python3.10/dist-packages/moveit_interfaces/msg/_detection.py'...
[3.531s] Compiling '/home/g1/ff_ws/install/moveit_interfaces/local/lib/python3.10/dist-packages/moveit_interfaces/msg/_multi_box_position.py'...
[3.531s] Listing '/home/g1/ff_ws/install/moveit_interfaces/local/lib/python3.10/dist-packages/moveit_interfaces/srv'...
[3.531s] Compiling '/home/g1/ff_ws/install/moveit_interfaces/local/lib/python3.10/dist-packages/moveit_interfaces/srv/__init__.py'...
[3.531s] Compiling '/home/g1/ff_ws/install/moveit_interfaces/local/lib/python3.10/dist-packages/moveit_interfaces/srv/_box_position.py'...
[3.534s] -- Installing: /home/g1/ff_ws/install/moveit_interfaces/lib/libmoveit_interfaces__rosidl_generator_py.so
[3.535s] -- Set runtime path of "/home/g1/ff_ws/install/moveit_interfaces/lib/libmoveit_interfaces__rosidl_generator_py.so" to ""
[3.535s] -- Up-to-date: /home/g1/ff_ws/install/moveit_interfaces/share/moveit_interfaces/cmake/export_moveit_interfaces__rosidl_generator_cExport.cmake
[3.535s] -- Up-to-date: /home/g1/ff_ws/install/moveit_interfaces/share/moveit_interfaces/cmake/export_moveit_interfaces__rosidl_generator_cExport-noconfig.cmake
[3.535s] -- Up-to-date: /home/g1/ff_ws/install/moveit_interfaces/share/moveit_interfaces/cmake/export_moveit_interfaces__rosidl_typesupport_fastrtps_cExport.cmake
[3.535s] -- Up-to-date: /home/g1/ff_ws/install/moveit_interfaces/share/moveit_interfaces/cmake/export_moveit_interfaces__rosidl_typesupport_fastrtps_cExport-noconfig.cmake
[3.535s] -- Up-to-date: /home/g1/ff_ws/install/moveit_interfaces/share/moveit_interfaces/cmake/export_moveit_interfaces__rosidl_generator_cppExport.cmake
[3.535s] -- Up-to-date: /home/g1/ff_ws/install/moveit_interfaces/share/moveit_interfaces/cmake/export_moveit_interfaces__rosidl_typesupport_fastrtps_cppExport.cmake
[3.535s] -- Up-to-date: /home/g1/ff_ws/install/moveit_interfaces/share/moveit_interfaces/cmake/export_moveit_interfaces__rosidl_typesupport_fastrtps_cppExport-noconfig.cmake
[3.535s] -- Up-to-date: /home/g1/ff_ws/install/moveit_interfaces/share/moveit_interfaces/cmake/moveit_interfaces__rosidl_typesupport_introspection_cExport.cmake
[3.535s] -- Up-to-date: /home/g1/ff_ws/install/moveit_interfaces/share/moveit_interfaces/cmake/moveit_interfaces__rosidl_typesupport_introspection_cExport-noconfig.cmake
[3.536s] -- Up-to-date: /home/g1/ff_ws/install/moveit_interfaces/share/moveit_interfaces/cmake/moveit_interfaces__rosidl_typesupport_cExport.cmake
[3.536s] -- Up-to-date: /home/g1/ff_ws/install/moveit_interfaces/share/moveit_interfaces/cmake/moveit_interfaces__rosidl_typesupport_cExport-noconfig.cmake
[3.536s] -- Up-to-date: /home/g1/ff_ws/install/moveit_interfaces/share/moveit_interfaces/cmake/moveit_interfaces__rosidl_typesupport_introspection_cppExport.cmake
[3.536s] -- Up-to-date: /home/g1/ff_ws/install/moveit_interfaces/share/moveit_interfaces/cmake/moveit_interfaces__rosidl_typesupport_introspection_cppExport-noconfig.cmake
[3.536s] -- Up-to-date: /home/g1/ff_ws/install/moveit_interfaces/share/moveit_interfaces/cmake/moveit_interfaces__rosidl_typesupport_cppExport.cmake
[3.536s] -- Up-to-date: /home/g1/ff_ws/install/moveit_interfaces/share/moveit_interfaces/cmake/moveit_interfaces__rosidl_typesupport_cppExport-noconfig.cmake
[3.536s] -- Up-to-date: /home/g1/ff_ws/install/moveit_interfaces/share/moveit_interfaces/cmake/export_moveit_interfaces__rosidl_generator_pyExport.cmake
[3.536s] -- Up-to-date: /home/g1/ff_ws/install/moveit_interfaces/share/moveit_interfaces/cmake/export_moveit_interfaces__rosidl_generator_pyExport-noconfig.cmake
[3.542s] Invoked command in '/home/g1/ff_ws/build/moveit_interfaces' returned '0': CMAKE_PREFIX_PATH=${CMAKE_PREFIX_PATH}:/home/g1/ff_ws/install/moveit:/home/g1/ff_ws/install/conveyor_belt:/opt/ros/humble /usr/bin/cmake --install /home/g1/ff_ws/build/moveit_interfaces
