[  6%] Built target moveit_interfaces__cpp
[ 12%] Built target moveit_interfaces__rosidl_generator_c
[ 12%] Built target ament_cmake_python_symlink_moveit_interfaces
[ 34%] Built target moveit_interfaces__rosidl_typesupport_introspection_c
[ 34%] Built target moveit_interfaces__rosidl_typesupport_c
[ 46%] Built target moveit_interfaces__rosidl_typesupport_cpp
[ 68%] Built target moveit_interfaces__rosidl_typesupport_fastrtps_cpp
[ 68%] Built target moveit_interfaces__rosidl_typesupport_introspection_cpp
[ 79%] Built target moveit_interfaces__rosidl_typesupport_fastrtps_c
[ 79%] Built target moveit_interfaces
[ 80%] Built target moveit_interfaces__py
[ 90%] Built target moveit_interfaces__rosidl_generator_py
[100%] Built target moveit_interfaces__rosidl_typesupport_fastrtps_c__pyext
[100%] Built target moveit_interfaces__rosidl_typesupport_introspection_c__pyext
[100%] Built target moveit_interfaces__rosidl_typesupport_c__pyext
running egg_info
writing moveit_interfaces.egg-info/PKG-INFO
writing dependency_links to moveit_interfaces.egg-info/dependency_links.txt
writing top-level names to moveit_interfaces.egg-info/top_level.txt
reading manifest file 'moveit_interfaces.egg-info/SOURCES.txt'
writing manifest file 'moveit_interfaces.egg-info/SOURCES.txt'
[100%] Built target ament_cmake_python_build_moveit_interfaces_egg
-- Install configuration: ""
-- Execute custom install script
-- Up-to-date symlink: /home/g1/ff_ws/install/moveit_interfaces/share/ament_index/resource_index/rosidl_interfaces/moveit_interfaces
-- Up-to-date symlink: /home/g1/ff_ws/install/moveit_interfaces/include/moveit_interfaces/moveit_interfaces/action/conveyor.h
-- Up-to-date symlink: /home/g1/ff_ws/install/moveit_interfaces/include/moveit_interfaces/moveit_interfaces/action/detail/conveyor__functions.h
-- Up-to-date symlink: /home/g1/ff_ws/install/moveit_interfaces/include/moveit_interfaces/moveit_interfaces/action/detail/conveyor__struct.h
-- Up-to-date symlink: /home/g1/ff_ws/install/moveit_interfaces/include/moveit_interfaces/moveit_interfaces/action/detail/conveyor__type_support.h
-- Up-to-date symlink: /home/g1/ff_ws/install/moveit_interfaces/include/moveit_interfaces/moveit_interfaces/msg/detail/detection__functions.h
-- Up-to-date symlink: /home/g1/ff_ws/install/moveit_interfaces/include/moveit_interfaces/moveit_interfaces/msg/detail/detection__struct.h
-- Up-to-date symlink: /home/g1/ff_ws/install/moveit_interfaces/include/moveit_interfaces/moveit_interfaces/msg/detail/detection__type_support.h
-- Up-to-date symlink: /home/g1/ff_ws/install/moveit_interfaces/include/moveit_interfaces/moveit_interfaces/msg/detail/detection_array__functions.h
-- Up-to-date symlink: /home/g1/ff_ws/install/moveit_interfaces/include/moveit_interfaces/moveit_interfaces/msg/detail/detection_array__struct.h
-- Up-to-date symlink: /home/g1/ff_ws/install/moveit_interfaces/include/moveit_interfaces/moveit_interfaces/msg/detail/detection_array__type_support.h
-- Up-to-date symlink: /home/g1/ff_ws/install/moveit_interfaces/include/moveit_interfaces/moveit_interfaces/msg/detail/multi_box_position__functions.h
-- Up-to-date symlink: /home/g1/ff_ws/install/moveit_interfaces/include/moveit_interfaces/moveit_interfaces/msg/detail/multi_box_position__struct.h
-- Up-to-date symlink: /home/g1/ff_ws/install/moveit_interfaces/include/moveit_interfaces/moveit_interfaces/msg/detail/multi_box_position__type_support.h
-- Up-to-date symlink: /home/g1/ff_ws/install/moveit_interfaces/include/moveit_interfaces/moveit_interfaces/msg/detection.h
-- Up-to-date symlink: /home/g1/ff_ws/install/moveit_interfaces/include/moveit_interfaces/moveit_interfaces/msg/detection_array.h
-- Up-to-date symlink: /home/g1/ff_ws/install/moveit_interfaces/include/moveit_interfaces/moveit_interfaces/msg/multi_box_position.h
-- Up-to-date symlink: /home/g1/ff_ws/install/moveit_interfaces/include/moveit_interfaces/moveit_interfaces/msg/rosidl_generator_c__visibility_control.h
-- Up-to-date symlink: /home/g1/ff_ws/install/moveit_interfaces/include/moveit_interfaces/moveit_interfaces/srv/box_position.h
-- Up-to-date symlink: /home/g1/ff_ws/install/moveit_interfaces/include/moveit_interfaces/moveit_interfaces/srv/detail/box_position__functions.h
-- Up-to-date symlink: /home/g1/ff_ws/install/moveit_interfaces/include/moveit_interfaces/moveit_interfaces/srv/detail/box_position__struct.h
-- Up-to-date symlink: /home/g1/ff_ws/install/moveit_interfaces/include/moveit_interfaces/moveit_interfaces/srv/detail/box_position__type_support.h
-- Up-to-date symlink: /home/g1/ff_ws/install/moveit_interfaces/share/moveit_interfaces/environment/library_path.sh
-- Up-to-date symlink: /home/g1/ff_ws/install/moveit_interfaces/share/moveit_interfaces/environment/library_path.dsv
-- Up-to-date symlink: /home/g1/ff_ws/install/moveit_interfaces/include/moveit_interfaces/moveit_interfaces/action/detail/conveyor__rosidl_typesupport_fastrtps_c.h
-- Up-to-date symlink: /home/g1/ff_ws/install/moveit_interfaces/include/moveit_interfaces/moveit_interfaces/msg/detail/detection__rosidl_typesupport_fastrtps_c.h
-- Up-to-date symlink: /home/g1/ff_ws/install/moveit_interfaces/include/moveit_interfaces/moveit_interfaces/msg/detail/detection_array__rosidl_typesupport_fastrtps_c.h
-- Up-to-date symlink: /home/g1/ff_ws/install/moveit_interfaces/include/moveit_interfaces/moveit_interfaces/msg/detail/multi_box_position__rosidl_typesupport_fastrtps_c.h
-- Up-to-date symlink: /home/g1/ff_ws/install/moveit_interfaces/include/moveit_interfaces/moveit_interfaces/msg/rosidl_typesupport_fastrtps_c__visibility_control.h
-- Up-to-date symlink: /home/g1/ff_ws/install/moveit_interfaces/include/moveit_interfaces/moveit_interfaces/srv/detail/box_position__rosidl_typesupport_fastrtps_c.h
-- Up-to-date symlink: /home/g1/ff_ws/install/moveit_interfaces/include/moveit_interfaces/moveit_interfaces/action/conveyor.hpp
-- Up-to-date symlink: /home/g1/ff_ws/install/moveit_interfaces/include/moveit_interfaces/moveit_interfaces/action/detail/conveyor__builder.hpp
-- Up-to-date symlink: /home/g1/ff_ws/install/moveit_interfaces/include/moveit_interfaces/moveit_interfaces/action/detail/conveyor__struct.hpp
-- Up-to-date symlink: /home/g1/ff_ws/install/moveit_interfaces/include/moveit_interfaces/moveit_interfaces/action/detail/conveyor__traits.hpp
-- Up-to-date symlink: /home/g1/ff_ws/install/moveit_interfaces/include/moveit_interfaces/moveit_interfaces/action/detail/conveyor__type_support.hpp
-- Up-to-date symlink: /home/g1/ff_ws/install/moveit_interfaces/include/moveit_interfaces/moveit_interfaces/msg/detail/detection__builder.hpp
-- Up-to-date symlink: /home/g1/ff_ws/install/moveit_interfaces/include/moveit_interfaces/moveit_interfaces/msg/detail/detection__struct.hpp
-- Up-to-date symlink: /home/g1/ff_ws/install/moveit_interfaces/include/moveit_interfaces/moveit_interfaces/msg/detail/detection__traits.hpp
-- Up-to-date symlink: /home/g1/ff_ws/install/moveit_interfaces/include/moveit_interfaces/moveit_interfaces/msg/detail/detection__type_support.hpp
-- Up-to-date symlink: /home/g1/ff_ws/install/moveit_interfaces/include/moveit_interfaces/moveit_interfaces/msg/detail/detection_array__builder.hpp
-- Up-to-date symlink: /home/g1/ff_ws/install/moveit_interfaces/include/moveit_interfaces/moveit_interfaces/msg/detail/detection_array__struct.hpp
-- Up-to-date symlink: /home/g1/ff_ws/install/moveit_interfaces/include/moveit_interfaces/moveit_interfaces/msg/detail/detection_array__traits.hpp
-- Up-to-date symlink: /home/g1/ff_ws/install/moveit_interfaces/include/moveit_interfaces/moveit_interfaces/msg/detail/detection_array__type_support.hpp
-- Up-to-date symlink: /home/g1/ff_ws/install/moveit_interfaces/include/moveit_interfaces/moveit_interfaces/msg/detail/multi_box_position__builder.hpp
-- Up-to-date symlink: /home/g1/ff_ws/install/moveit_interfaces/include/moveit_interfaces/moveit_interfaces/msg/detail/multi_box_position__struct.hpp
-- Up-to-date symlink: /home/g1/ff_ws/install/moveit_interfaces/include/moveit_interfaces/moveit_interfaces/msg/detail/multi_box_position__traits.hpp
-- Up-to-date symlink: /home/g1/ff_ws/install/moveit_interfaces/include/moveit_interfaces/moveit_interfaces/msg/detail/multi_box_position__type_support.hpp
-- Up-to-date symlink: /home/g1/ff_ws/install/moveit_interfaces/include/moveit_interfaces/moveit_interfaces/msg/detection.hpp
-- Up-to-date symlink: /home/g1/ff_ws/install/moveit_interfaces/include/moveit_interfaces/moveit_interfaces/msg/detection_array.hpp
-- Up-to-date symlink: /home/g1/ff_ws/install/moveit_interfaces/include/moveit_interfaces/moveit_interfaces/msg/multi_box_position.hpp
-- Up-to-date symlink: /home/g1/ff_ws/install/moveit_interfaces/include/moveit_interfaces/moveit_interfaces/msg/rosidl_generator_cpp__visibility_control.hpp
-- Up-to-date symlink: /home/g1/ff_ws/install/moveit_interfaces/include/moveit_interfaces/moveit_interfaces/srv/box_position.hpp
-- Up-to-date symlink: /home/g1/ff_ws/install/moveit_interfaces/include/moveit_interfaces/moveit_interfaces/srv/detail/box_position__builder.hpp
-- Up-to-date symlink: /home/g1/ff_ws/install/moveit_interfaces/include/moveit_interfaces/moveit_interfaces/srv/detail/box_position__struct.hpp
-- Up-to-date symlink: /home/g1/ff_ws/install/moveit_interfaces/include/moveit_interfaces/moveit_interfaces/srv/detail/box_position__traits.hpp
-- Up-to-date symlink: /home/g1/ff_ws/install/moveit_interfaces/include/moveit_interfaces/moveit_interfaces/srv/detail/box_position__type_support.hpp
-- Up-to-date symlink: /home/g1/ff_ws/install/moveit_interfaces/include/moveit_interfaces/moveit_interfaces/action/detail/conveyor__rosidl_typesupport_fastrtps_cpp.hpp
-- Up-to-date symlink: /home/g1/ff_ws/install/moveit_interfaces/include/moveit_interfaces/moveit_interfaces/msg/detail/detection__rosidl_typesupport_fastrtps_cpp.hpp
-- Up-to-date symlink: /home/g1/ff_ws/install/moveit_interfaces/include/moveit_interfaces/moveit_interfaces/msg/detail/detection_array__rosidl_typesupport_fastrtps_cpp.hpp
-- Up-to-date symlink: /home/g1/ff_ws/install/moveit_interfaces/include/moveit_interfaces/moveit_interfaces/msg/detail/multi_box_position__rosidl_typesupport_fastrtps_cpp.hpp
-- Up-to-date symlink: /home/g1/ff_ws/install/moveit_interfaces/include/moveit_interfaces/moveit_interfaces/msg/rosidl_typesupport_fastrtps_cpp__visibility_control.h
-- Up-to-date symlink: /home/g1/ff_ws/install/moveit_interfaces/include/moveit_interfaces/moveit_interfaces/srv/detail/box_position__rosidl_typesupport_fastrtps_cpp.hpp
-- Up-to-date symlink: /home/g1/ff_ws/install/moveit_interfaces/include/moveit_interfaces/moveit_interfaces/action/detail/conveyor__rosidl_typesupport_introspection_c.h
-- Up-to-date symlink: /home/g1/ff_ws/install/moveit_interfaces/include/moveit_interfaces/moveit_interfaces/msg/detail/detection__rosidl_typesupport_introspection_c.h
-- Up-to-date symlink: /home/g1/ff_ws/install/moveit_interfaces/include/moveit_interfaces/moveit_interfaces/msg/detail/detection_array__rosidl_typesupport_introspection_c.h
-- Up-to-date symlink: /home/g1/ff_ws/install/moveit_interfaces/include/moveit_interfaces/moveit_interfaces/msg/detail/multi_box_position__rosidl_typesupport_introspection_c.h
-- Up-to-date symlink: /home/g1/ff_ws/install/moveit_interfaces/include/moveit_interfaces/moveit_interfaces/msg/rosidl_typesupport_introspection_c__visibility_control.h
-- Up-to-date symlink: /home/g1/ff_ws/install/moveit_interfaces/include/moveit_interfaces/moveit_interfaces/srv/detail/box_position__rosidl_typesupport_introspection_c.h
-- Up-to-date symlink: /home/g1/ff_ws/install/moveit_interfaces/include/moveit_interfaces/moveit_interfaces/action/detail/conveyor__rosidl_typesupport_introspection_cpp.hpp
-- Up-to-date symlink: /home/g1/ff_ws/install/moveit_interfaces/include/moveit_interfaces/moveit_interfaces/msg/detail/detection__rosidl_typesupport_introspection_cpp.hpp
-- Up-to-date symlink: /home/g1/ff_ws/install/moveit_interfaces/include/moveit_interfaces/moveit_interfaces/msg/detail/detection_array__rosidl_typesupport_introspection_cpp.hpp
-- Up-to-date symlink: /home/g1/ff_ws/install/moveit_interfaces/include/moveit_interfaces/moveit_interfaces/msg/detail/multi_box_position__rosidl_typesupport_introspection_cpp.hpp
-- Up-to-date symlink: /home/g1/ff_ws/install/moveit_interfaces/include/moveit_interfaces/moveit_interfaces/srv/detail/box_position__rosidl_typesupport_introspection_cpp.hpp
-- Up-to-date symlink: /home/g1/ff_ws/install/moveit_interfaces/share/moveit_interfaces/environment/pythonpath.sh
-- Up-to-date symlink: /home/g1/ff_ws/install/moveit_interfaces/share/moveit_interfaces/environment/pythonpath.dsv
-- Up-to-date symlink: /home/g1/ff_ws/install/moveit_interfaces/local/lib/python3.10/dist-packages/moveit_interfaces-0.0.0-py3.10.egg-info/PKG-INFO
-- Up-to-date symlink: /home/g1/ff_ws/install/moveit_interfaces/local/lib/python3.10/dist-packages/moveit_interfaces-0.0.0-py3.10.egg-info/SOURCES.txt
-- Up-to-date symlink: /home/g1/ff_ws/install/moveit_interfaces/local/lib/python3.10/dist-packages/moveit_interfaces-0.0.0-py3.10.egg-info/dependency_links.txt
-- Up-to-date symlink: /home/g1/ff_ws/install/moveit_interfaces/local/lib/python3.10/dist-packages/moveit_interfaces-0.0.0-py3.10.egg-info/top_level.txt
-- Up-to-date symlink: /home/g1/ff_ws/install/moveit_interfaces/local/lib/python3.10/dist-packages/moveit_interfaces/__init__.py
-- Up-to-date symlink: /home/g1/ff_ws/install/moveit_interfaces/local/lib/python3.10/dist-packages/moveit_interfaces/_moveit_interfaces_s.ep.rosidl_typesupport_c.c
-- Up-to-date symlink: /home/g1/ff_ws/install/moveit_interfaces/local/lib/python3.10/dist-packages/moveit_interfaces/_moveit_interfaces_s.ep.rosidl_typesupport_fastrtps_c.c
-- Up-to-date symlink: /home/g1/ff_ws/install/moveit_interfaces/local/lib/python3.10/dist-packages/moveit_interfaces/_moveit_interfaces_s.ep.rosidl_typesupport_introspection_c.c
-- Up-to-date symlink: /home/g1/ff_ws/install/moveit_interfaces/local/lib/python3.10/dist-packages/moveit_interfaces/action/__init__.py
-- Up-to-date symlink: /home/g1/ff_ws/install/moveit_interfaces/local/lib/python3.10/dist-packages/moveit_interfaces/action/_conveyor.py
-- Up-to-date symlink: /home/g1/ff_ws/install/moveit_interfaces/local/lib/python3.10/dist-packages/moveit_interfaces/action/_conveyor_s.c
-- Up-to-date symlink: /home/g1/ff_ws/install/moveit_interfaces/local/lib/python3.10/dist-packages/moveit_interfaces/libmoveit_interfaces__rosidl_generator_py.so
-- Up-to-date symlink: /home/g1/ff_ws/install/moveit_interfaces/local/lib/python3.10/dist-packages/moveit_interfaces/moveit_interfaces_s__rosidl_typesupport_c.cpython-310-x86_64-linux-gnu.so
-- Up-to-date symlink: /home/g1/ff_ws/install/moveit_interfaces/local/lib/python3.10/dist-packages/moveit_interfaces/moveit_interfaces_s__rosidl_typesupport_fastrtps_c.cpython-310-x86_64-linux-gnu.so
-- Up-to-date symlink: /home/g1/ff_ws/install/moveit_interfaces/local/lib/python3.10/dist-packages/moveit_interfaces/moveit_interfaces_s__rosidl_typesupport_introspection_c.cpython-310-x86_64-linux-gnu.so
-- Up-to-date symlink: /home/g1/ff_ws/install/moveit_interfaces/local/lib/python3.10/dist-packages/moveit_interfaces/msg/__init__.py
-- Up-to-date symlink: /home/g1/ff_ws/install/moveit_interfaces/local/lib/python3.10/dist-packages/moveit_interfaces/msg/_detection.py
-- Up-to-date symlink: /home/g1/ff_ws/install/moveit_interfaces/local/lib/python3.10/dist-packages/moveit_interfaces/msg/_detection_array.py
-- Up-to-date symlink: /home/g1/ff_ws/install/moveit_interfaces/local/lib/python3.10/dist-packages/moveit_interfaces/msg/_detection_array_s.c
-- Up-to-date symlink: /home/g1/ff_ws/install/moveit_interfaces/local/lib/python3.10/dist-packages/moveit_interfaces/msg/_detection_s.c
-- Up-to-date symlink: /home/g1/ff_ws/install/moveit_interfaces/local/lib/python3.10/dist-packages/moveit_interfaces/msg/_multi_box_position.py
-- Up-to-date symlink: /home/g1/ff_ws/install/moveit_interfaces/local/lib/python3.10/dist-packages/moveit_interfaces/msg/_multi_box_position_s.c
-- Up-to-date symlink: /home/g1/ff_ws/install/moveit_interfaces/local/lib/python3.10/dist-packages/moveit_interfaces/srv/__init__.py
-- Up-to-date symlink: /home/g1/ff_ws/install/moveit_interfaces/local/lib/python3.10/dist-packages/moveit_interfaces/srv/_box_position.py
-- Up-to-date symlink: /home/g1/ff_ws/install/moveit_interfaces/local/lib/python3.10/dist-packages/moveit_interfaces/srv/_box_position_s.c
-- Up-to-date symlink: /home/g1/ff_ws/install/moveit_interfaces/local/lib/python3.10/dist-packages/moveit_interfaces/moveit_interfaces_s__rosidl_typesupport_fastrtps_c.cpython-310-x86_64-linux-gnu.so
-- Up-to-date symlink: /home/g1/ff_ws/install/moveit_interfaces/local/lib/python3.10/dist-packages/moveit_interfaces/moveit_interfaces_s__rosidl_typesupport_introspection_c.cpython-310-x86_64-linux-gnu.so
-- Up-to-date symlink: /home/g1/ff_ws/install/moveit_interfaces/local/lib/python3.10/dist-packages/moveit_interfaces/moveit_interfaces_s__rosidl_typesupport_c.cpython-310-x86_64-linux-gnu.so
-- Up-to-date symlink: /home/g1/ff_ws/install/moveit_interfaces/share/moveit_interfaces/msg/MultiBoxPosition.idl
-- Up-to-date symlink: /home/g1/ff_ws/install/moveit_interfaces/share/moveit_interfaces/msg/Detection.idl
-- Up-to-date symlink: /home/g1/ff_ws/install/moveit_interfaces/share/moveit_interfaces/msg/DetectionArray.idl
-- Up-to-date symlink: /home/g1/ff_ws/install/moveit_interfaces/share/moveit_interfaces/srv/BoxPosition.idl
-- Up-to-date symlink: /home/g1/ff_ws/install/moveit_interfaces/share/moveit_interfaces/action/Conveyor.idl
-- Up-to-date symlink: /home/g1/ff_ws/install/moveit_interfaces/share/moveit_interfaces/msg/MultiBoxPosition.msg
-- Up-to-date symlink: /home/g1/ff_ws/install/moveit_interfaces/share/moveit_interfaces/msg/Detection.msg
-- Up-to-date symlink: /home/g1/ff_ws/install/moveit_interfaces/share/moveit_interfaces/msg/DetectionArray.msg
-- Up-to-date symlink: /home/g1/ff_ws/install/moveit_interfaces/share/moveit_interfaces/srv/BoxPosition.srv
-- Up-to-date symlink: /home/g1/ff_ws/install/moveit_interfaces/share/moveit_interfaces/srv/BoxPosition_Request.msg
-- Up-to-date symlink: /home/g1/ff_ws/install/moveit_interfaces/share/moveit_interfaces/srv/BoxPosition_Response.msg
-- Up-to-date symlink: /home/g1/ff_ws/install/moveit_interfaces/share/moveit_interfaces/action/Conveyor.action
-- Up-to-date symlink: /home/g1/ff_ws/install/moveit_interfaces/share/ament_index/resource_index/package_run_dependencies/moveit_interfaces
-- Up-to-date symlink: /home/g1/ff_ws/install/moveit_interfaces/share/ament_index/resource_index/parent_prefix_path/moveit_interfaces
-- Up-to-date symlink: /home/g1/ff_ws/install/moveit_interfaces/share/moveit_interfaces/environment/ament_prefix_path.sh
-- Up-to-date symlink: /home/g1/ff_ws/install/moveit_interfaces/share/moveit_interfaces/environment/ament_prefix_path.dsv
-- Up-to-date symlink: /home/g1/ff_ws/install/moveit_interfaces/share/moveit_interfaces/environment/path.sh
-- Up-to-date symlink: /home/g1/ff_ws/install/moveit_interfaces/share/moveit_interfaces/environment/path.dsv
-- Up-to-date symlink: /home/g1/ff_ws/install/moveit_interfaces/share/moveit_interfaces/local_setup.bash
-- Up-to-date symlink: /home/g1/ff_ws/install/moveit_interfaces/share/moveit_interfaces/local_setup.sh
-- Up-to-date symlink: /home/g1/ff_ws/install/moveit_interfaces/share/moveit_interfaces/local_setup.zsh
-- Up-to-date symlink: /home/g1/ff_ws/install/moveit_interfaces/share/moveit_interfaces/local_setup.dsv
-- Symlinking: /home/g1/ff_ws/install/moveit_interfaces/share/moveit_interfaces/package.dsv
-- Up-to-date symlink: /home/g1/ff_ws/install/moveit_interfaces/share/ament_index/resource_index/packages/moveit_interfaces
-- Up-to-date symlink: /home/g1/ff_ws/install/moveit_interfaces/share/moveit_interfaces/cmake/rosidl_cmake-extras.cmake
-- Up-to-date symlink: /home/g1/ff_ws/install/moveit_interfaces/share/moveit_interfaces/cmake/ament_cmake_export_dependencies-extras.cmake
-- Up-to-date symlink: /home/g1/ff_ws/install/moveit_interfaces/share/moveit_interfaces/cmake/ament_cmake_export_include_directories-extras.cmake
-- Up-to-date symlink: /home/g1/ff_ws/install/moveit_interfaces/share/moveit_interfaces/cmake/ament_cmake_export_libraries-extras.cmake
-- Up-to-date symlink: /home/g1/ff_ws/install/moveit_interfaces/share/moveit_interfaces/cmake/ament_cmake_export_targets-extras.cmake
-- Up-to-date symlink: /home/g1/ff_ws/install/moveit_interfaces/share/moveit_interfaces/cmake/rosidl_cmake_export_typesupport_targets-extras.cmake
-- Up-to-date symlink: /home/g1/ff_ws/install/moveit_interfaces/share/moveit_interfaces/cmake/rosidl_cmake_export_typesupport_libraries-extras.cmake
-- Up-to-date symlink: /home/g1/ff_ws/install/moveit_interfaces/share/moveit_interfaces/cmake/moveit_interfacesConfig.cmake
-- Up-to-date symlink: /home/g1/ff_ws/install/moveit_interfaces/share/moveit_interfaces/cmake/moveit_interfacesConfig-version.cmake
-- Up-to-date symlink: /home/g1/ff_ws/install/moveit_interfaces/share/moveit_interfaces/package.xml
-- Up-to-date: /home/g1/ff_ws/install/moveit_interfaces/lib/libmoveit_interfaces__rosidl_generator_c.so
-- Up-to-date: /home/g1/ff_ws/install/moveit_interfaces/lib/libmoveit_interfaces__rosidl_typesupport_fastrtps_c.so
-- Up-to-date: /home/g1/ff_ws/install/moveit_interfaces/lib/libmoveit_interfaces__rosidl_typesupport_fastrtps_cpp.so
-- Up-to-date: /home/g1/ff_ws/install/moveit_interfaces/lib/libmoveit_interfaces__rosidl_typesupport_introspection_c.so
-- Up-to-date: /home/g1/ff_ws/install/moveit_interfaces/lib/libmoveit_interfaces__rosidl_typesupport_c.so
-- Up-to-date: /home/g1/ff_ws/install/moveit_interfaces/lib/libmoveit_interfaces__rosidl_typesupport_introspection_cpp.so
-- Up-to-date: /home/g1/ff_ws/install/moveit_interfaces/lib/libmoveit_interfaces__rosidl_typesupport_cpp.so
Listing '/home/g1/ff_ws/install/moveit_interfaces/local/lib/python3.10/dist-packages/moveit_interfaces'...
Listing '/home/g1/ff_ws/install/moveit_interfaces/local/lib/python3.10/dist-packages/moveit_interfaces/action'...
Listing '/home/g1/ff_ws/install/moveit_interfaces/local/lib/python3.10/dist-packages/moveit_interfaces/msg'...
Listing '/home/g1/ff_ws/install/moveit_interfaces/local/lib/python3.10/dist-packages/moveit_interfaces/srv'...
-- Up-to-date: /home/g1/ff_ws/install/moveit_interfaces/lib/libmoveit_interfaces__rosidl_generator_py.so
-- Up-to-date: /home/g1/ff_ws/install/moveit_interfaces/share/moveit_interfaces/cmake/export_moveit_interfaces__rosidl_generator_cExport.cmake
-- Up-to-date: /home/g1/ff_ws/install/moveit_interfaces/share/moveit_interfaces/cmake/export_moveit_interfaces__rosidl_generator_cExport-noconfig.cmake
-- Up-to-date: /home/g1/ff_ws/install/moveit_interfaces/share/moveit_interfaces/cmake/export_moveit_interfaces__rosidl_typesupport_fastrtps_cExport.cmake
-- Up-to-date: /home/g1/ff_ws/install/moveit_interfaces/share/moveit_interfaces/cmake/export_moveit_interfaces__rosidl_typesupport_fastrtps_cExport-noconfig.cmake
-- Up-to-date: /home/g1/ff_ws/install/moveit_interfaces/share/moveit_interfaces/cmake/export_moveit_interfaces__rosidl_generator_cppExport.cmake
-- Up-to-date: /home/g1/ff_ws/install/moveit_interfaces/share/moveit_interfaces/cmake/export_moveit_interfaces__rosidl_typesupport_fastrtps_cppExport.cmake
-- Up-to-date: /home/g1/ff_ws/install/moveit_interfaces/share/moveit_interfaces/cmake/export_moveit_interfaces__rosidl_typesupport_fastrtps_cppExport-noconfig.cmake
-- Up-to-date: /home/g1/ff_ws/install/moveit_interfaces/share/moveit_interfaces/cmake/moveit_interfaces__rosidl_typesupport_introspection_cExport.cmake
-- Up-to-date: /home/g1/ff_ws/install/moveit_interfaces/share/moveit_interfaces/cmake/moveit_interfaces__rosidl_typesupport_introspection_cExport-noconfig.cmake
-- Up-to-date: /home/g1/ff_ws/install/moveit_interfaces/share/moveit_interfaces/cmake/moveit_interfaces__rosidl_typesupport_cExport.cmake
-- Up-to-date: /home/g1/ff_ws/install/moveit_interfaces/share/moveit_interfaces/cmake/moveit_interfaces__rosidl_typesupport_cExport-noconfig.cmake
-- Up-to-date: /home/g1/ff_ws/install/moveit_interfaces/share/moveit_interfaces/cmake/moveit_interfaces__rosidl_typesupport_introspection_cppExport.cmake
-- Up-to-date: /home/g1/ff_ws/install/moveit_interfaces/share/moveit_interfaces/cmake/moveit_interfaces__rosidl_typesupport_introspection_cppExport-noconfig.cmake
-- Up-to-date: /home/g1/ff_ws/install/moveit_interfaces/share/moveit_interfaces/cmake/moveit_interfaces__rosidl_typesupport_cppExport.cmake
-- Up-to-date: /home/g1/ff_ws/install/moveit_interfaces/share/moveit_interfaces/cmake/moveit_interfaces__rosidl_typesupport_cppExport-noconfig.cmake
-- Up-to-date: /home/g1/ff_ws/install/moveit_interfaces/share/moveit_interfaces/cmake/export_moveit_interfaces__rosidl_generator_pyExport.cmake
-- Up-to-date: /home/g1/ff_ws/install/moveit_interfaces/share/moveit_interfaces/cmake/export_moveit_interfaces__rosidl_generator_pyExport-noconfig.cmake
