[0.252s] Invoking command in '/home/g1/ff_ws/build/moveit_interfaces': CMAKE_PREFIX_PATH=${CMAKE_PREFIX_PATH}:/home/g1/ff_ws/install/moveit:/home/g1/ff_ws/install/conveyor_belt:/opt/ros/humble /usr/bin/cmake --build /home/g1/ff_ws/build/moveit_interfaces -- -j16 -l16
[0.274s] [33mCMake Warning (dev) at CMakeLists.txt:20:
[0.274s]   Syntax Warning in cmake code at column 29
[0.275s] 
[0.275s]   Argument not separated from preceding token by whitespace.
[0.275s] This warning is for project developers.  Use -Wno-dev to suppress it.
[0.275s] [0m
[0.277s] -- Found ament_cmake: 1.3.11 (/opt/ros/humble/share/ament_cmake/cmake)
[0.349s] -- Override CMake install command with custom implementation using symlinks instead of copying resources
[0.353s] -- Found builtin_interfaces: 1.2.1 (/opt/ros/humble/share/builtin_interfaces/cmake)
[0.367s] -- Found rosidl_generator_c: 3.1.6 (/opt/ros/humble/share/rosidl_generator_c/cmake)
[0.369s] -- Found rosidl_adapter: 3.1.6 (/opt/ros/humble/share/rosidl_adapter/cmake)
[0.372s] -- Found rosidl_generator_cpp: 3.1.6 (/opt/ros/humble/share/rosidl_generator_cpp/cmake)
[0.377s] -- Using all available rosidl_typesupport_c: rosidl_typesupport_fastrtps_c;rosidl_typesupport_introspection_c
[0.383s] -- Using all available rosidl_typesupport_cpp: rosidl_typesupport_fastrtps_cpp;rosidl_typesupport_introspection_cpp
[0.389s] -- Found rosidl_default_generators: 1.2.0 (/opt/ros/humble/share/rosidl_default_generators/cmake)
[0.392s] -- Found geometry_msgs: 4.2.4 (/opt/ros/humble/share/geometry_msgs/cmake)
[0.406s] [31mCMake Error at /opt/ros/humble/share/rosidl_cmake/cmake/rosidl_generate_interfaces.cmake:93 (message):
[0.406s]   rosidl_generate_interfaces() the passed file ',' doesn't exist relative to
[0.406s]   the CMAKE_CURRENT_SOURCE_DIR '/home/g1/ff_ws/src/moveit_interfaces'
[0.406s] Call Stack (most recent call first):
[0.406s]   CMakeLists.txt:29 (rosidl_generate_interfaces)
[0.406s] 
[0.406s] [0m
[0.406s] -- Configuring incomplete, errors occurred!
[0.406s] See also "/home/g1/ff_ws/build/moveit_interfaces/CMakeFiles/CMakeOutput.log".
[0.409s] gmake: *** [Makefile:1179: cmake_check_build_system] Error 1
[0.413s] Invoked command in '/home/g1/ff_ws/build/moveit_interfaces' returned '2': CMAKE_PREFIX_PATH=${CMAKE_PREFIX_PATH}:/home/g1/ff_ws/install/moveit:/home/g1/ff_ws/install/conveyor_belt:/opt/ros/humble /usr/bin/cmake --build /home/g1/ff_ws/build/moveit_interfaces -- -j16 -l16
