[0.247s] Invoking command in '/home/g1/ff_ws/build/moveit_interfaces': CMAKE_PREFIX_PATH=/opt/ros/humble /usr/bin/cmake --build /home/g1/ff_ws/build/moveit_interfaces -- -j16 -l16
[0.265s] -- Found ament_cmake: 1.3.11 (/opt/ros/humble/share/ament_cmake/cmake)
[0.333s] -- Override CMake install command with custom implementation using symlinks instead of copying resources
[0.337s] -- Found builtin_interfaces: 1.2.1 (/opt/ros/humble/share/builtin_interfaces/cmake)
[0.351s] -- Found rosidl_generator_c: 3.1.6 (/opt/ros/humble/share/rosidl_generator_c/cmake)
[0.353s] -- Found rosidl_adapter: 3.1.6 (/opt/ros/humble/share/rosidl_adapter/cmake)
[0.356s] -- Found rosidl_generator_cpp: 3.1.6 (/opt/ros/humble/share/rosidl_generator_cpp/cmake)
[0.361s] -- Using all available rosidl_typesupport_c: rosidl_typesupport_fastrtps_c;rosidl_typesupport_introspection_c
[0.367s] -- Using all available rosidl_typesupport_cpp: rosidl_typesupport_fastrtps_cpp;rosidl_typesupport_introspection_cpp
[0.373s] -- Found rosidl_default_generators: 1.2.0 (/opt/ros/humble/share/rosidl_default_generators/cmake)
[0.376s] -- Found geometry_msgs: 4.2.4 (/opt/ros/humble/share/geometry_msgs/cmake)
[0.593s] -- Found ament_cmake_ros: 0.10.0 (/opt/ros/humble/share/ament_cmake_ros/cmake)
[0.839s] -- Using all available rosidl_typesupport_c: rosidl_typesupport_fastrtps_c;rosidl_typesupport_introspection_c
[0.936s] -- Using all available rosidl_typesupport_cpp: rosidl_typesupport_fastrtps_cpp;rosidl_typesupport_introspection_cpp
[0.949s] -- Found python_cmake_module: 0.10.0 (/opt/ros/humble/share/python_cmake_module/cmake)
[0.962s] -- Using PYTHON_EXECUTABLE: /usr/bin/python3
[0.962s] -- Using PYTHON_INCLUDE_DIRS: /usr/include/python3.10
[0.962s] -- Using PYTHON_LIBRARIES: /usr/lib/x86_64-linux-gnu/libpython3.10.so
[0.985s] -- Found ament_lint_auto: 0.12.11 (/opt/ros/humble/share/ament_lint_auto/cmake)
[0.993s] -- Added test 'lint_cmake' to check CMake code style
[0.994s] -- Added test 'xmllint' to check XML markup files
[0.995s] -- Configuring done
[1.022s] -- Generating done
[1.030s] -- Build files have been written to: /home/g1/ff_ws/build/moveit_interfaces
[1.053s] [  1%] [34m[1mGenerating C code for ROS interfaces[0m
[1.061s] [  3%] [34m[1mGenerating C++ code for ROS interfaces[0m
[1.066s] [  3%] Built target ament_cmake_python_symlink_moveit_interfaces
[1.192s] running egg_info
[1.202s] writing moveit_interfaces.egg-info/PKG-INFO
[1.202s] writing dependency_links to moveit_interfaces.egg-info/dependency_links.txt
[1.202s] writing top-level names to moveit_interfaces.egg-info/top_level.txt
[1.235s] reading manifest file 'moveit_interfaces.egg-info/SOURCES.txt'
[1.235s] writing manifest file 'moveit_interfaces.egg-info/SOURCES.txt'
[1.258s] [  3%] Built target ament_cmake_python_build_moveit_interfaces_egg
[1.425s] [35m[1mConsolidate compiler generated dependencies of target moveit_interfaces__rosidl_generator_c[0m
[1.431s] [  3%] Built target moveit_interfaces__cpp
[1.435s] [ 11%] [32mBuilding C object CMakeFiles/moveit_interfaces__rosidl_generator_c.dir/rosidl_generator_c/moveit_interfaces/srv/detail/box_position__functions.c.o[0m
[1.435s] [ 11%] [32mBuilding C object CMakeFiles/moveit_interfaces__rosidl_generator_c.dir/rosidl_generator_c/moveit_interfaces/action/detail/conveyor__functions.c.o[0m
[1.435s] [ 11%] [32mBuilding C object CMakeFiles/moveit_interfaces__rosidl_generator_c.dir/rosidl_generator_c/moveit_interfaces/msg/detail/detection_array__functions.c.o[0m
[1.435s] [ 11%] [32mBuilding C object CMakeFiles/moveit_interfaces__rosidl_generator_c.dir/rosidl_generator_c/moveit_interfaces/msg/detail/detection__functions.c.o[0m
[1.435s] [ 11%] [32mBuilding C object CMakeFiles/moveit_interfaces__rosidl_generator_c.dir/rosidl_generator_c/moveit_interfaces/msg/detail/multi_box_position__functions.c.o[0m
[1.438s] [ 14%] [34m[1mGenerating C++ type support dispatch for ROS interfaces[0m
[1.438s] [ 14%] [34m[1mGenerating C++ introspection for ROS interfaces[0m
[1.438s] [ 15%] [34m[1mGenerating C++ type support for eProsima Fast-RTPS[0m
[1.510s] [ 17%] [32m[1mLinking C shared library libmoveit_interfaces__rosidl_generator_c.so[0m
[1.542s] [ 17%] Built target moveit_interfaces__rosidl_generator_c
[1.550s] [ 19%] [34m[1mGenerating C type support for eProsima Fast-RTPS[0m
[1.551s] [ 20%] [34m[1mGenerating C introspection for ROS interfaces[0m
[1.551s] [ 22%] [34m[1mGenerating C type support dispatch for ROS interfaces[0m
[1.681s] [35m[1mConsolidate compiler generated dependencies of target moveit_interfaces__rosidl_typesupport_cpp[0m
[1.694s] [ 26%] [32mBuilding CXX object CMakeFiles/moveit_interfaces__rosidl_typesupport_cpp.dir/rosidl_typesupport_cpp/moveit_interfaces/msg/detection__type_support.cpp.o[0m
[1.694s] [ 26%] [32mBuilding CXX object CMakeFiles/moveit_interfaces__rosidl_typesupport_cpp.dir/rosidl_typesupport_cpp/moveit_interfaces/srv/box_position__type_support.cpp.o[0m
[1.694s] [ 26%] [32mBuilding CXX object CMakeFiles/moveit_interfaces__rosidl_typesupport_cpp.dir/rosidl_typesupport_cpp/moveit_interfaces/msg/multi_box_position__type_support.cpp.o[0m
[1.695s] [ 28%] [32mBuilding CXX object CMakeFiles/moveit_interfaces__rosidl_typesupport_cpp.dir/rosidl_typesupport_cpp/moveit_interfaces/msg/detection_array__type_support.cpp.o[0m
[1.695s] [ 30%] [32mBuilding CXX object CMakeFiles/moveit_interfaces__rosidl_typesupport_cpp.dir/rosidl_typesupport_cpp/moveit_interfaces/action/conveyor__type_support.cpp.o[0m
[1.733s] [35m[1mConsolidate compiler generated dependencies of target moveit_interfaces__rosidl_typesupport_introspection_cpp[0m
[1.746s] [ 34%] [32mBuilding CXX object CMakeFiles/moveit_interfaces__rosidl_typesupport_introspection_cpp.dir/rosidl_typesupport_introspection_cpp/moveit_interfaces/msg/detail/multi_box_position__type_support.cpp.o[0m
[1.746s] [ 34%] [32mBuilding CXX object CMakeFiles/moveit_interfaces__rosidl_typesupport_introspection_cpp.dir/rosidl_typesupport_introspection_cpp/moveit_interfaces/msg/detail/detection__type_support.cpp.o[0m
[1.746s] [ 34%] [32mBuilding CXX object CMakeFiles/moveit_interfaces__rosidl_typesupport_introspection_cpp.dir/rosidl_typesupport_introspection_cpp/moveit_interfaces/msg/detail/detection_array__type_support.cpp.o[0m
[1.747s] [ 36%] [32mBuilding CXX object CMakeFiles/moveit_interfaces__rosidl_typesupport_introspection_cpp.dir/rosidl_typesupport_introspection_cpp/moveit_interfaces/srv/detail/box_position__type_support.cpp.o[0m
[1.747s] [ 38%] [32mBuilding CXX object CMakeFiles/moveit_interfaces__rosidl_typesupport_introspection_cpp.dir/rosidl_typesupport_introspection_cpp/moveit_interfaces/action/detail/conveyor__type_support.cpp.o[0m
[1.794s] [35m[1mConsolidate compiler generated dependencies of target moveit_interfaces__rosidl_typesupport_fastrtps_cpp[0m
[1.810s] [ 42%] [32mBuilding CXX object CMakeFiles/moveit_interfaces__rosidl_typesupport_fastrtps_cpp.dir/rosidl_typesupport_fastrtps_cpp/moveit_interfaces/msg/detail/dds_fastrtps/detection_array__type_support.cpp.o[0m
[1.810s] [ 42%] [32mBuilding CXX object CMakeFiles/moveit_interfaces__rosidl_typesupport_fastrtps_cpp.dir/rosidl_typesupport_fastrtps_cpp/moveit_interfaces/msg/detail/dds_fastrtps/multi_box_position__type_support.cpp.o[0m
[1.810s] [ 42%] [32mBuilding CXX object CMakeFiles/moveit_interfaces__rosidl_typesupport_fastrtps_cpp.dir/rosidl_typesupport_fastrtps_cpp/moveit_interfaces/msg/detail/dds_fastrtps/detection__type_support.cpp.o[0m
[1.892s] [35m[1mConsolidate compiler generated dependencies of target moveit_interfaces__rosidl_typesupport_c[0m
[1.903s] [ 44%] [32mBuilding CXX object CMakeFiles/moveit_interfaces__rosidl_typesupport_fastrtps_cpp.dir/rosidl_typesupport_fastrtps_cpp/moveit_interfaces/srv/detail/dds_fastrtps/box_position__type_support.cpp.o[0m
[1.904s] [ 46%] [32mBuilding CXX object CMakeFiles/moveit_interfaces__rosidl_typesupport_c.dir/rosidl_typesupport_c/moveit_interfaces/msg/multi_box_position__type_support.cpp.o[0m
[1.910s] [ 47%] [32mBuilding CXX object CMakeFiles/moveit_interfaces__rosidl_typesupport_fastrtps_cpp.dir/rosidl_typesupport_fastrtps_cpp/moveit_interfaces/action/detail/dds_fastrtps/conveyor__type_support.cpp.o[0m
[1.933s] [ 49%] [32mBuilding CXX object CMakeFiles/moveit_interfaces__rosidl_typesupport_c.dir/rosidl_typesupport_c/moveit_interfaces/msg/detection__type_support.cpp.o[0m
[1.933s] [ 50%] [32mBuilding CXX object CMakeFiles/moveit_interfaces__rosidl_typesupport_c.dir/rosidl_typesupport_c/moveit_interfaces/msg/detection_array__type_support.cpp.o[0m
[1.936s] [ 52%] [32mBuilding CXX object CMakeFiles/moveit_interfaces__rosidl_typesupport_c.dir/rosidl_typesupport_c/moveit_interfaces/srv/box_position__type_support.cpp.o[0m
[1.961s] [ 53%] [32mBuilding CXX object CMakeFiles/moveit_interfaces__rosidl_typesupport_c.dir/rosidl_typesupport_c/moveit_interfaces/action/conveyor__type_support.cpp.o[0m
[1.996s] [35m[1mConsolidate compiler generated dependencies of target moveit_interfaces__rosidl_typesupport_introspection_c[0m
[2.002s] [35m[1mConsolidate compiler generated dependencies of target moveit_interfaces__rosidl_typesupport_fastrtps_c[0m
[2.009s] [ 55%] [32m[1mLinking CXX shared library libmoveit_interfaces__rosidl_typesupport_c.so[0m
[2.010s] [ 57%] [32mBuilding C object CMakeFiles/moveit_interfaces__rosidl_typesupport_introspection_c.dir/rosidl_typesupport_introspection_c/moveit_interfaces/msg/detail/multi_box_position__type_support.c.o[0m
[2.010s] [ 58%] [32mBuilding C object CMakeFiles/moveit_interfaces__rosidl_typesupport_introspection_c.dir/rosidl_typesupport_introspection_c/moveit_interfaces/msg/detail/detection__type_support.c.o[0m
[2.014s] [ 60%] [32mBuilding C object CMakeFiles/moveit_interfaces__rosidl_typesupport_introspection_c.dir/rosidl_typesupport_introspection_c/moveit_interfaces/msg/detail/detection_array__type_support.c.o[0m
[2.021s] [ 61%] [32mBuilding CXX object CMakeFiles/moveit_interfaces__rosidl_typesupport_fastrtps_c.dir/rosidl_typesupport_fastrtps_c/moveit_interfaces/msg/detail/multi_box_position__type_support_c.cpp.o[0m
[2.046s] [ 63%] [32mBuilding CXX object CMakeFiles/moveit_interfaces__rosidl_typesupport_fastrtps_c.dir/rosidl_typesupport_fastrtps_c/moveit_interfaces/msg/detail/detection__type_support_c.cpp.o[0m
[2.049s] [ 66%] [32mBuilding CXX object CMakeFiles/moveit_interfaces__rosidl_typesupport_fastrtps_c.dir/rosidl_typesupport_fastrtps_c/moveit_interfaces/msg/detail/detection_array__type_support_c.cpp.o[0m
[2.050s] [ 66%] Built target moveit_interfaces__rosidl_typesupport_c
[2.050s] [ 66%] [32mBuilding C object CMakeFiles/moveit_interfaces__rosidl_typesupport_introspection_c.dir/rosidl_typesupport_introspection_c/moveit_interfaces/srv/detail/box_position__type_support.c.o[0m
[2.059s] [ 68%] [32mBuilding C object CMakeFiles/moveit_interfaces__rosidl_typesupport_introspection_c.dir/rosidl_typesupport_introspection_c/moveit_interfaces/action/detail/conveyor__type_support.c.o[0m
[2.083s] [ 71%] [32mBuilding CXX object CMakeFiles/moveit_interfaces__rosidl_typesupport_fastrtps_c.dir/rosidl_typesupport_fastrtps_c/moveit_interfaces/srv/detail/box_position__type_support_c.cpp.o[0m
[2.084s] [ 71%] [32mBuilding CXX object CMakeFiles/moveit_interfaces__rosidl_typesupport_fastrtps_c.dir/rosidl_typesupport_fastrtps_c/moveit_interfaces/action/detail/conveyor__type_support_c.cpp.o[0m
[2.102s] [ 73%] [32m[1mLinking C shared library libmoveit_interfaces__rosidl_typesupport_introspection_c.so[0m
[2.108s] [ 74%] [32m[1mLinking CXX shared library libmoveit_interfaces__rosidl_typesupport_cpp.so[0m
[2.138s] [ 74%] Built target moveit_interfaces__rosidl_typesupport_introspection_c
[2.147s] [ 74%] Built target moveit_interfaces__rosidl_typesupport_cpp
[2.256s] [ 76%] [32m[1mLinking CXX shared library libmoveit_interfaces__rosidl_typesupport_introspection_cpp.so[0m
[2.313s] [ 76%] Built target moveit_interfaces__rosidl_typesupport_introspection_cpp
[2.334s] [ 77%] [32m[1mLinking CXX shared library libmoveit_interfaces__rosidl_typesupport_fastrtps_cpp.so[0m
[2.352s] [ 79%] [32m[1mLinking CXX shared library libmoveit_interfaces__rosidl_typesupport_fastrtps_c.so[0m
[2.391s] [ 79%] Built target moveit_interfaces__rosidl_typesupport_fastrtps_cpp
[2.404s] [ 79%] Built target moveit_interfaces__rosidl_typesupport_fastrtps_c
[2.420s] [ 79%] Built target moveit_interfaces
[2.439s] [ 80%] [34m[1mGenerating Python code for ROS interfaces[0m
[3.067s] [ 80%] Built target moveit_interfaces__py
[3.077s] [35m[1mConsolidate compiler generated dependencies of target moveit_interfaces__rosidl_generator_py[0m
[3.090s] [ 88%] [32mBuilding C object CMakeFiles/moveit_interfaces__rosidl_generator_py.dir/rosidl_generator_py/moveit_interfaces/msg/_detection_s.c.o[0m
[3.090s] [ 88%] [32mBuilding C object CMakeFiles/moveit_interfaces__rosidl_generator_py.dir/rosidl_generator_py/moveit_interfaces/srv/_box_position_s.c.o[0m
[3.090s] [ 88%] [32mBuilding C object CMakeFiles/moveit_interfaces__rosidl_generator_py.dir/rosidl_generator_py/moveit_interfaces/action/_conveyor_s.c.o[0m
[3.090s] [ 88%] [32mBuilding C object CMakeFiles/moveit_interfaces__rosidl_generator_py.dir/rosidl_generator_py/moveit_interfaces/msg/_detection_array_s.c.o[0m
[3.090s] [ 88%] [32mBuilding C object CMakeFiles/moveit_interfaces__rosidl_generator_py.dir/rosidl_generator_py/moveit_interfaces/msg/_multi_box_position_s.c.o[0m
[3.174s] [ 90%] [32m[1mLinking C shared library rosidl_generator_py/moveit_interfaces/libmoveit_interfaces__rosidl_generator_py.so[0m
[3.206s] [ 90%] Built target moveit_interfaces__rosidl_generator_py
[3.215s] [35m[1mConsolidate compiler generated dependencies of target moveit_interfaces__rosidl_typesupport_fastrtps_c__pyext[0m
[3.215s] [35m[1mConsolidate compiler generated dependencies of target moveit_interfaces__rosidl_typesupport_introspection_c__pyext[0m
[3.215s] [35m[1mConsolidate compiler generated dependencies of target moveit_interfaces__rosidl_typesupport_c__pyext[0m
[3.224s] [ 93%] [32mBuilding C object CMakeFiles/moveit_interfaces__rosidl_typesupport_introspection_c__pyext.dir/rosidl_generator_py/moveit_interfaces/_moveit_interfaces_s.ep.rosidl_typesupport_introspection_c.c.o[0m
[3.224s] [ 93%] [32mBuilding C object CMakeFiles/moveit_interfaces__rosidl_typesupport_fastrtps_c__pyext.dir/rosidl_generator_py/moveit_interfaces/_moveit_interfaces_s.ep.rosidl_typesupport_fastrtps_c.c.o[0m
[3.224s] [ 95%] [32mBuilding C object CMakeFiles/moveit_interfaces__rosidl_typesupport_c__pyext.dir/rosidl_generator_py/moveit_interfaces/_moveit_interfaces_s.ep.rosidl_typesupport_c.c.o[0m
[3.308s] [ 98%] [32m[1mLinking C shared library rosidl_generator_py/moveit_interfaces/moveit_interfaces_s__rosidl_typesupport_fastrtps_c.cpython-310-x86_64-linux-gnu.so[0m
[3.308s] [ 98%] [32m[1mLinking C shared library rosidl_generator_py/moveit_interfaces/moveit_interfaces_s__rosidl_typesupport_introspection_c.cpython-310-x86_64-linux-gnu.so[0m
[3.308s] [100%] [32m[1mLinking C shared library rosidl_generator_py/moveit_interfaces/moveit_interfaces_s__rosidl_typesupport_c.cpython-310-x86_64-linux-gnu.so[0m
[3.340s] [100%] Built target moveit_interfaces__rosidl_typesupport_introspection_c__pyext
[3.340s] [100%] Built target moveit_interfaces__rosidl_typesupport_c__pyext
[3.340s] [100%] Built target moveit_interfaces__rosidl_typesupport_fastrtps_c__pyext
[3.350s] Invoked command in '/home/g1/ff_ws/build/moveit_interfaces' returned '0': CMAKE_PREFIX_PATH=/opt/ros/humble /usr/bin/cmake --build /home/g1/ff_ws/build/moveit_interfaces -- -j16 -l16
[3.357s] Invoking command in '/home/g1/ff_ws/build/moveit_interfaces': CMAKE_PREFIX_PATH=/opt/ros/humble /usr/bin/cmake --install /home/g1/ff_ws/build/moveit_interfaces
[3.362s] -- Install configuration: ""
[3.363s] -- Execute custom install script
[3.363s] -- Up-to-date symlink: /home/g1/ff_ws/install/moveit_interfaces/share/ament_index/resource_index/rosidl_interfaces/moveit_interfaces
[3.363s] -- Up-to-date symlink: /home/g1/ff_ws/install/moveit_interfaces/include/moveit_interfaces/moveit_interfaces/action/conveyor.h
[3.363s] -- Up-to-date symlink: /home/g1/ff_ws/install/moveit_interfaces/include/moveit_interfaces/moveit_interfaces/action/detail/conveyor__functions.h
[3.363s] -- Up-to-date symlink: /home/g1/ff_ws/install/moveit_interfaces/include/moveit_interfaces/moveit_interfaces/action/detail/conveyor__struct.h
[3.364s] -- Up-to-date symlink: /home/g1/ff_ws/install/moveit_interfaces/include/moveit_interfaces/moveit_interfaces/action/detail/conveyor__type_support.h
[3.364s] -- Up-to-date symlink: /home/g1/ff_ws/install/moveit_interfaces/include/moveit_interfaces/moveit_interfaces/msg/detail/detection__functions.h
[3.364s] -- Up-to-date symlink: /home/g1/ff_ws/install/moveit_interfaces/include/moveit_interfaces/moveit_interfaces/msg/detail/detection__struct.h
[3.364s] -- Up-to-date symlink: /home/g1/ff_ws/install/moveit_interfaces/include/moveit_interfaces/moveit_interfaces/msg/detail/detection__type_support.h
[3.364s] -- Up-to-date symlink: /home/g1/ff_ws/install/moveit_interfaces/include/moveit_interfaces/moveit_interfaces/msg/detail/detection_array__functions.h
[3.364s] -- Up-to-date symlink: /home/g1/ff_ws/install/moveit_interfaces/include/moveit_interfaces/moveit_interfaces/msg/detail/detection_array__struct.h
[3.364s] -- Up-to-date symlink: /home/g1/ff_ws/install/moveit_interfaces/include/moveit_interfaces/moveit_interfaces/msg/detail/detection_array__type_support.h
[3.364s] -- Up-to-date symlink: /home/g1/ff_ws/install/moveit_interfaces/include/moveit_interfaces/moveit_interfaces/msg/detail/multi_box_position__functions.h
[3.364s] -- Up-to-date symlink: /home/g1/ff_ws/install/moveit_interfaces/include/moveit_interfaces/moveit_interfaces/msg/detail/multi_box_position__struct.h
[3.364s] -- Up-to-date symlink: /home/g1/ff_ws/install/moveit_interfaces/include/moveit_interfaces/moveit_interfaces/msg/detail/multi_box_position__type_support.h
[3.364s] -- Up-to-date symlink: /home/g1/ff_ws/install/moveit_interfaces/include/moveit_interfaces/moveit_interfaces/msg/detection.h
[3.364s] -- Up-to-date symlink: /home/g1/ff_ws/install/moveit_interfaces/include/moveit_interfaces/moveit_interfaces/msg/detection_array.h
[3.364s] -- Up-to-date symlink: /home/g1/ff_ws/install/moveit_interfaces/include/moveit_interfaces/moveit_interfaces/msg/multi_box_position.h
[3.364s] -- Up-to-date symlink: /home/g1/ff_ws/install/moveit_interfaces/include/moveit_interfaces/moveit_interfaces/msg/rosidl_generator_c__visibility_control.h
[3.364s] -- Up-to-date symlink: /home/g1/ff_ws/install/moveit_interfaces/include/moveit_interfaces/moveit_interfaces/srv/box_position.h
[3.364s] -- Up-to-date symlink: /home/g1/ff_ws/install/moveit_interfaces/include/moveit_interfaces/moveit_interfaces/srv/detail/box_position__functions.h
[3.365s] -- Up-to-date symlink: /home/g1/ff_ws/install/moveit_interfaces/include/moveit_interfaces/moveit_interfaces/srv/detail/box_position__struct.h
[3.365s] -- Up-to-date symlink: /home/g1/ff_ws/install/moveit_interfaces/include/moveit_interfaces/moveit_interfaces/srv/detail/box_position__type_support.h
[3.365s] -- Up-to-date symlink: /home/g1/ff_ws/install/moveit_interfaces/share/moveit_interfaces/environment/library_path.sh
[3.365s] -- Up-to-date symlink: /home/g1/ff_ws/install/moveit_interfaces/share/moveit_interfaces/environment/library_path.dsv
[3.365s] -- Up-to-date symlink: /home/g1/ff_ws/install/moveit_interfaces/include/moveit_interfaces/moveit_interfaces/action/detail/conveyor__rosidl_typesupport_fastrtps_c.h
[3.365s] -- Up-to-date symlink: /home/g1/ff_ws/install/moveit_interfaces/include/moveit_interfaces/moveit_interfaces/msg/detail/detection__rosidl_typesupport_fastrtps_c.h
[3.365s] -- Up-to-date symlink: /home/g1/ff_ws/install/moveit_interfaces/include/moveit_interfaces/moveit_interfaces/msg/detail/detection_array__rosidl_typesupport_fastrtps_c.h
[3.365s] -- Up-to-date symlink: /home/g1/ff_ws/install/moveit_interfaces/include/moveit_interfaces/moveit_interfaces/msg/detail/multi_box_position__rosidl_typesupport_fastrtps_c.h
[3.365s] -- Up-to-date symlink: /home/g1/ff_ws/install/moveit_interfaces/include/moveit_interfaces/moveit_interfaces/msg/rosidl_typesupport_fastrtps_c__visibility_control.h
[3.365s] -- Up-to-date symlink: /home/g1/ff_ws/install/moveit_interfaces/include/moveit_interfaces/moveit_interfaces/srv/detail/box_position__rosidl_typesupport_fastrtps_c.h
[3.366s] -- Up-to-date symlink: /home/g1/ff_ws/install/moveit_interfaces/include/moveit_interfaces/moveit_interfaces/action/conveyor.hpp
[3.366s] -- Up-to-date symlink: /home/g1/ff_ws/install/moveit_interfaces/include/moveit_interfaces/moveit_interfaces/action/detail/conveyor__builder.hpp
[3.366s] -- Up-to-date symlink: /home/g1/ff_ws/install/moveit_interfaces/include/moveit_interfaces/moveit_interfaces/action/detail/conveyor__struct.hpp
[3.366s] -- Up-to-date symlink: /home/g1/ff_ws/install/moveit_interfaces/include/moveit_interfaces/moveit_interfaces/action/detail/conveyor__traits.hpp
[3.366s] -- Up-to-date symlink: /home/g1/ff_ws/install/moveit_interfaces/include/moveit_interfaces/moveit_interfaces/action/detail/conveyor__type_support.hpp
[3.366s] -- Up-to-date symlink: /home/g1/ff_ws/install/moveit_interfaces/include/moveit_interfaces/moveit_interfaces/msg/detail/detection__builder.hpp
[3.366s] -- Up-to-date symlink: /home/g1/ff_ws/install/moveit_interfaces/include/moveit_interfaces/moveit_interfaces/msg/detail/detection__struct.hpp
[3.366s] -- Up-to-date symlink: /home/g1/ff_ws/install/moveit_interfaces/include/moveit_interfaces/moveit_interfaces/msg/detail/detection__traits.hpp
[3.366s] -- Up-to-date symlink: /home/g1/ff_ws/install/moveit_interfaces/include/moveit_interfaces/moveit_interfaces/msg/detail/detection__type_support.hpp
[3.366s] -- Up-to-date symlink: /home/g1/ff_ws/install/moveit_interfaces/include/moveit_interfaces/moveit_interfaces/msg/detail/detection_array__builder.hpp
[3.366s] -- Up-to-date symlink: /home/g1/ff_ws/install/moveit_interfaces/include/moveit_interfaces/moveit_interfaces/msg/detail/detection_array__struct.hpp
[3.367s] -- Up-to-date symlink: /home/g1/ff_ws/install/moveit_interfaces/include/moveit_interfaces/moveit_interfaces/msg/detail/detection_array__traits.hpp
[3.367s] -- Up-to-date symlink: /home/g1/ff_ws/install/moveit_interfaces/include/moveit_interfaces/moveit_interfaces/msg/detail/detection_array__type_support.hpp
[3.367s] -- Up-to-date symlink: /home/g1/ff_ws/install/moveit_interfaces/include/moveit_interfaces/moveit_interfaces/msg/detail/multi_box_position__builder.hpp
[3.367s] -- Up-to-date symlink: /home/g1/ff_ws/install/moveit_interfaces/include/moveit_interfaces/moveit_interfaces/msg/detail/multi_box_position__struct.hpp
[3.367s] -- Up-to-date symlink: /home/g1/ff_ws/install/moveit_interfaces/include/moveit_interfaces/moveit_interfaces/msg/detail/multi_box_position__traits.hpp
[3.367s] -- Up-to-date symlink: /home/g1/ff_ws/install/moveit_interfaces/include/moveit_interfaces/moveit_interfaces/msg/detail/multi_box_position__type_support.hpp
[3.367s] -- Up-to-date symlink: /home/g1/ff_ws/install/moveit_interfaces/include/moveit_interfaces/moveit_interfaces/msg/detection.hpp
[3.367s] -- Up-to-date symlink: /home/g1/ff_ws/install/moveit_interfaces/include/moveit_interfaces/moveit_interfaces/msg/detection_array.hpp
[3.367s] -- Up-to-date symlink: /home/g1/ff_ws/install/moveit_interfaces/include/moveit_interfaces/moveit_interfaces/msg/multi_box_position.hpp
[3.367s] -- Up-to-date symlink: /home/g1/ff_ws/install/moveit_interfaces/include/moveit_interfaces/moveit_interfaces/msg/rosidl_generator_cpp__visibility_control.hpp
[3.367s] -- Up-to-date symlink: /home/g1/ff_ws/install/moveit_interfaces/include/moveit_interfaces/moveit_interfaces/srv/box_position.hpp
[3.367s] -- Up-to-date symlink: /home/g1/ff_ws/install/moveit_interfaces/include/moveit_interfaces/moveit_interfaces/srv/detail/box_position__builder.hpp
[3.367s] -- Up-to-date symlink: /home/g1/ff_ws/install/moveit_interfaces/include/moveit_interfaces/moveit_interfaces/srv/detail/box_position__struct.hpp
[3.367s] -- Up-to-date symlink: /home/g1/ff_ws/install/moveit_interfaces/include/moveit_interfaces/moveit_interfaces/srv/detail/box_position__traits.hpp
[3.367s] -- Up-to-date symlink: /home/g1/ff_ws/install/moveit_interfaces/include/moveit_interfaces/moveit_interfaces/srv/detail/box_position__type_support.hpp
[3.368s] -- Up-to-date symlink: /home/g1/ff_ws/install/moveit_interfaces/include/moveit_interfaces/moveit_interfaces/action/detail/conveyor__rosidl_typesupport_fastrtps_cpp.hpp
[3.368s] -- Up-to-date symlink: /home/g1/ff_ws/install/moveit_interfaces/include/moveit_interfaces/moveit_interfaces/msg/detail/detection__rosidl_typesupport_fastrtps_cpp.hpp
[3.368s] -- Up-to-date symlink: /home/g1/ff_ws/install/moveit_interfaces/include/moveit_interfaces/moveit_interfaces/msg/detail/detection_array__rosidl_typesupport_fastrtps_cpp.hpp
[3.368s] -- Up-to-date symlink: /home/g1/ff_ws/install/moveit_interfaces/include/moveit_interfaces/moveit_interfaces/msg/detail/multi_box_position__rosidl_typesupport_fastrtps_cpp.hpp
[3.368s] -- Up-to-date symlink: /home/g1/ff_ws/install/moveit_interfaces/include/moveit_interfaces/moveit_interfaces/msg/rosidl_typesupport_fastrtps_cpp__visibility_control.h
[3.368s] -- Up-to-date symlink: /home/g1/ff_ws/install/moveit_interfaces/include/moveit_interfaces/moveit_interfaces/srv/detail/box_position__rosidl_typesupport_fastrtps_cpp.hpp
[3.368s] -- Up-to-date symlink: /home/g1/ff_ws/install/moveit_interfaces/include/moveit_interfaces/moveit_interfaces/action/detail/conveyor__rosidl_typesupport_introspection_c.h
[3.368s] -- Up-to-date symlink: /home/g1/ff_ws/install/moveit_interfaces/include/moveit_interfaces/moveit_interfaces/msg/detail/detection__rosidl_typesupport_introspection_c.h
[3.369s] -- Up-to-date symlink: /home/g1/ff_ws/install/moveit_interfaces/include/moveit_interfaces/moveit_interfaces/msg/detail/detection_array__rosidl_typesupport_introspection_c.h
[3.369s] -- Up-to-date symlink: /home/g1/ff_ws/install/moveit_interfaces/include/moveit_interfaces/moveit_interfaces/msg/detail/multi_box_position__rosidl_typesupport_introspection_c.h
[3.369s] -- Up-to-date symlink: /home/g1/ff_ws/install/moveit_interfaces/include/moveit_interfaces/moveit_interfaces/msg/rosidl_typesupport_introspection_c__visibility_control.h
[3.369s] -- Up-to-date symlink: /home/g1/ff_ws/install/moveit_interfaces/include/moveit_interfaces/moveit_interfaces/srv/detail/box_position__rosidl_typesupport_introspection_c.h
[3.369s] -- Up-to-date symlink: /home/g1/ff_ws/install/moveit_interfaces/include/moveit_interfaces/moveit_interfaces/action/detail/conveyor__rosidl_typesupport_introspection_cpp.hpp
[3.369s] -- Up-to-date symlink: /home/g1/ff_ws/install/moveit_interfaces/include/moveit_interfaces/moveit_interfaces/msg/detail/detection__rosidl_typesupport_introspection_cpp.hpp
[3.369s] -- Up-to-date symlink: /home/g1/ff_ws/install/moveit_interfaces/include/moveit_interfaces/moveit_interfaces/msg/detail/detection_array__rosidl_typesupport_introspection_cpp.hpp
[3.369s] -- Up-to-date symlink: /home/g1/ff_ws/install/moveit_interfaces/include/moveit_interfaces/moveit_interfaces/msg/detail/multi_box_position__rosidl_typesupport_introspection_cpp.hpp
[3.369s] -- Up-to-date symlink: /home/g1/ff_ws/install/moveit_interfaces/include/moveit_interfaces/moveit_interfaces/srv/detail/box_position__rosidl_typesupport_introspection_cpp.hpp
[3.369s] -- Up-to-date symlink: /home/g1/ff_ws/install/moveit_interfaces/share/moveit_interfaces/environment/pythonpath.sh
[3.369s] -- Up-to-date symlink: /home/g1/ff_ws/install/moveit_interfaces/share/moveit_interfaces/environment/pythonpath.dsv
[3.370s] -- Up-to-date symlink: /home/g1/ff_ws/install/moveit_interfaces/local/lib/python3.10/dist-packages/moveit_interfaces-0.0.0-py3.10.egg-info/PKG-INFO
[3.370s] -- Up-to-date symlink: /home/g1/ff_ws/install/moveit_interfaces/local/lib/python3.10/dist-packages/moveit_interfaces-0.0.0-py3.10.egg-info/SOURCES.txt
[3.370s] -- Up-to-date symlink: /home/g1/ff_ws/install/moveit_interfaces/local/lib/python3.10/dist-packages/moveit_interfaces-0.0.0-py3.10.egg-info/dependency_links.txt
[3.370s] -- Up-to-date symlink: /home/g1/ff_ws/install/moveit_interfaces/local/lib/python3.10/dist-packages/moveit_interfaces-0.0.0-py3.10.egg-info/top_level.txt
[3.370s] -- Up-to-date symlink: /home/g1/ff_ws/install/moveit_interfaces/local/lib/python3.10/dist-packages/moveit_interfaces/__init__.py
[3.370s] -- Up-to-date symlink: /home/g1/ff_ws/install/moveit_interfaces/local/lib/python3.10/dist-packages/moveit_interfaces/_moveit_interfaces_s.ep.rosidl_typesupport_c.c
[3.370s] -- Up-to-date symlink: /home/g1/ff_ws/install/moveit_interfaces/local/lib/python3.10/dist-packages/moveit_interfaces/_moveit_interfaces_s.ep.rosidl_typesupport_fastrtps_c.c
[3.370s] -- Up-to-date symlink: /home/g1/ff_ws/install/moveit_interfaces/local/lib/python3.10/dist-packages/moveit_interfaces/_moveit_interfaces_s.ep.rosidl_typesupport_introspection_c.c
[3.370s] -- Up-to-date symlink: /home/g1/ff_ws/install/moveit_interfaces/local/lib/python3.10/dist-packages/moveit_interfaces/action/__init__.py
[3.371s] -- Up-to-date symlink: /home/g1/ff_ws/install/moveit_interfaces/local/lib/python3.10/dist-packages/moveit_interfaces/action/_conveyor.py
[3.371s] -- Up-to-date symlink: /home/g1/ff_ws/install/moveit_interfaces/local/lib/python3.10/dist-packages/moveit_interfaces/action/_conveyor_s.c
[3.371s] -- Up-to-date symlink: /home/g1/ff_ws/install/moveit_interfaces/local/lib/python3.10/dist-packages/moveit_interfaces/libmoveit_interfaces__rosidl_generator_py.so
[3.371s] -- Up-to-date symlink: /home/g1/ff_ws/install/moveit_interfaces/local/lib/python3.10/dist-packages/moveit_interfaces/moveit_interfaces_s__rosidl_typesupport_c.cpython-310-x86_64-linux-gnu.so
[3.371s] -- Up-to-date symlink: /home/g1/ff_ws/install/moveit_interfaces/local/lib/python3.10/dist-packages/moveit_interfaces/moveit_interfaces_s__rosidl_typesupport_fastrtps_c.cpython-310-x86_64-linux-gnu.so
[3.371s] -- Up-to-date symlink: /home/g1/ff_ws/install/moveit_interfaces/local/lib/python3.10/dist-packages/moveit_interfaces/moveit_interfaces_s__rosidl_typesupport_introspection_c.cpython-310-x86_64-linux-gnu.so
[3.371s] -- Up-to-date symlink: /home/g1/ff_ws/install/moveit_interfaces/local/lib/python3.10/dist-packages/moveit_interfaces/msg/__init__.py
[3.371s] -- Up-to-date symlink: /home/g1/ff_ws/install/moveit_interfaces/local/lib/python3.10/dist-packages/moveit_interfaces/msg/_detection.py
[3.371s] -- Up-to-date symlink: /home/g1/ff_ws/install/moveit_interfaces/local/lib/python3.10/dist-packages/moveit_interfaces/msg/_detection_array.py
[3.371s] -- Up-to-date symlink: /home/g1/ff_ws/install/moveit_interfaces/local/lib/python3.10/dist-packages/moveit_interfaces/msg/_detection_array_s.c
[3.371s] -- Up-to-date symlink: /home/g1/ff_ws/install/moveit_interfaces/local/lib/python3.10/dist-packages/moveit_interfaces/msg/_detection_s.c
[3.371s] -- Up-to-date symlink: /home/g1/ff_ws/install/moveit_interfaces/local/lib/python3.10/dist-packages/moveit_interfaces/msg/_multi_box_position.py
[3.371s] -- Up-to-date symlink: /home/g1/ff_ws/install/moveit_interfaces/local/lib/python3.10/dist-packages/moveit_interfaces/msg/_multi_box_position_s.c
[3.371s] -- Up-to-date symlink: /home/g1/ff_ws/install/moveit_interfaces/local/lib/python3.10/dist-packages/moveit_interfaces/srv/__init__.py
[3.371s] -- Up-to-date symlink: /home/g1/ff_ws/install/moveit_interfaces/local/lib/python3.10/dist-packages/moveit_interfaces/srv/_box_position.py
[3.371s] -- Up-to-date symlink: /home/g1/ff_ws/install/moveit_interfaces/local/lib/python3.10/dist-packages/moveit_interfaces/srv/_box_position_s.c
[3.372s] -- Up-to-date symlink: /home/g1/ff_ws/install/moveit_interfaces/local/lib/python3.10/dist-packages/moveit_interfaces/moveit_interfaces_s__rosidl_typesupport_fastrtps_c.cpython-310-x86_64-linux-gnu.so
[3.372s] -- Up-to-date symlink: /home/g1/ff_ws/install/moveit_interfaces/local/lib/python3.10/dist-packages/moveit_interfaces/moveit_interfaces_s__rosidl_typesupport_introspection_c.cpython-310-x86_64-linux-gnu.so
[3.372s] -- Up-to-date symlink: /home/g1/ff_ws/install/moveit_interfaces/local/lib/python3.10/dist-packages/moveit_interfaces/moveit_interfaces_s__rosidl_typesupport_c.cpython-310-x86_64-linux-gnu.so
[3.372s] -- Up-to-date symlink: /home/g1/ff_ws/install/moveit_interfaces/share/moveit_interfaces/msg/MultiBoxPosition.idl
[3.372s] -- Up-to-date symlink: /home/g1/ff_ws/install/moveit_interfaces/share/moveit_interfaces/msg/Detection.idl
[3.372s] -- Up-to-date symlink: /home/g1/ff_ws/install/moveit_interfaces/share/moveit_interfaces/msg/DetectionArray.idl
[3.372s] -- Up-to-date symlink: /home/g1/ff_ws/install/moveit_interfaces/share/moveit_interfaces/srv/BoxPosition.idl
[3.372s] -- Up-to-date symlink: /home/g1/ff_ws/install/moveit_interfaces/share/moveit_interfaces/action/Conveyor.idl
[3.372s] -- Up-to-date symlink: /home/g1/ff_ws/install/moveit_interfaces/share/moveit_interfaces/msg/MultiBoxPosition.msg
[3.372s] -- Up-to-date symlink: /home/g1/ff_ws/install/moveit_interfaces/share/moveit_interfaces/msg/Detection.msg
[3.372s] -- Up-to-date symlink: /home/g1/ff_ws/install/moveit_interfaces/share/moveit_interfaces/msg/DetectionArray.msg
[3.373s] -- Up-to-date symlink: /home/g1/ff_ws/install/moveit_interfaces/share/moveit_interfaces/srv/BoxPosition.srv
[3.373s] -- Up-to-date symlink: /home/g1/ff_ws/install/moveit_interfaces/share/moveit_interfaces/srv/BoxPosition_Request.msg
[3.373s] -- Up-to-date symlink: /home/g1/ff_ws/install/moveit_interfaces/share/moveit_interfaces/srv/BoxPosition_Response.msg
[3.373s] -- Up-to-date symlink: /home/g1/ff_ws/install/moveit_interfaces/share/moveit_interfaces/action/Conveyor.action
[3.373s] -- Up-to-date symlink: /home/g1/ff_ws/install/moveit_interfaces/share/ament_index/resource_index/package_run_dependencies/moveit_interfaces
[3.373s] -- Up-to-date symlink: /home/g1/ff_ws/install/moveit_interfaces/share/ament_index/resource_index/parent_prefix_path/moveit_interfaces
[3.373s] -- Up-to-date symlink: /home/g1/ff_ws/install/moveit_interfaces/share/moveit_interfaces/environment/ament_prefix_path.sh
[3.373s] -- Up-to-date symlink: /home/g1/ff_ws/install/moveit_interfaces/share/moveit_interfaces/environment/ament_prefix_path.dsv
[3.373s] -- Up-to-date symlink: /home/g1/ff_ws/install/moveit_interfaces/share/moveit_interfaces/environment/path.sh
[3.373s] -- Up-to-date symlink: /home/g1/ff_ws/install/moveit_interfaces/share/moveit_interfaces/environment/path.dsv
[3.373s] -- Up-to-date symlink: /home/g1/ff_ws/install/moveit_interfaces/share/moveit_interfaces/local_setup.bash
[3.374s] -- Up-to-date symlink: /home/g1/ff_ws/install/moveit_interfaces/share/moveit_interfaces/local_setup.sh
[3.374s] -- Up-to-date symlink: /home/g1/ff_ws/install/moveit_interfaces/share/moveit_interfaces/local_setup.zsh
[3.374s] -- Up-to-date symlink: /home/g1/ff_ws/install/moveit_interfaces/share/moveit_interfaces/local_setup.dsv
[3.374s] -- Symlinking: /home/g1/ff_ws/install/moveit_interfaces/share/moveit_interfaces/package.dsv
[3.381s] -- Up-to-date symlink: /home/g1/ff_ws/install/moveit_interfaces/share/ament_index/resource_index/packages/moveit_interfaces
[3.381s] -- Up-to-date symlink: /home/g1/ff_ws/install/moveit_interfaces/share/moveit_interfaces/cmake/rosidl_cmake-extras.cmake
[3.381s] -- Up-to-date symlink: /home/g1/ff_ws/install/moveit_interfaces/share/moveit_interfaces/cmake/ament_cmake_export_dependencies-extras.cmake
[3.381s] -- Up-to-date symlink: /home/g1/ff_ws/install/moveit_interfaces/share/moveit_interfaces/cmake/ament_cmake_export_include_directories-extras.cmake
[3.382s] -- Up-to-date symlink: /home/g1/ff_ws/install/moveit_interfaces/share/moveit_interfaces/cmake/ament_cmake_export_libraries-extras.cmake
[3.382s] -- Up-to-date symlink: /home/g1/ff_ws/install/moveit_interfaces/share/moveit_interfaces/cmake/ament_cmake_export_targets-extras.cmake
[3.382s] -- Up-to-date symlink: /home/g1/ff_ws/install/moveit_interfaces/share/moveit_interfaces/cmake/rosidl_cmake_export_typesupport_targets-extras.cmake
[3.382s] -- Up-to-date symlink: /home/g1/ff_ws/install/moveit_interfaces/share/moveit_interfaces/cmake/rosidl_cmake_export_typesupport_libraries-extras.cmake
[3.382s] -- Up-to-date symlink: /home/g1/ff_ws/install/moveit_interfaces/share/moveit_interfaces/cmake/moveit_interfacesConfig.cmake
[3.382s] -- Up-to-date symlink: /home/g1/ff_ws/install/moveit_interfaces/share/moveit_interfaces/cmake/moveit_interfacesConfig-version.cmake
[3.382s] -- Up-to-date symlink: /home/g1/ff_ws/install/moveit_interfaces/share/moveit_interfaces/package.xml
[3.383s] -- Installing: /home/g1/ff_ws/install/moveit_interfaces/lib/libmoveit_interfaces__rosidl_generator_c.so
[3.383s] -- Set runtime path of "/home/g1/ff_ws/install/moveit_interfaces/lib/libmoveit_interfaces__rosidl_generator_c.so" to ""
[3.383s] -- Installing: /home/g1/ff_ws/install/moveit_interfaces/lib/libmoveit_interfaces__rosidl_typesupport_fastrtps_c.so
[3.383s] -- Set runtime path of "/home/g1/ff_ws/install/moveit_interfaces/lib/libmoveit_interfaces__rosidl_typesupport_fastrtps_c.so" to ""
[3.383s] -- Installing: /home/g1/ff_ws/install/moveit_interfaces/lib/libmoveit_interfaces__rosidl_typesupport_fastrtps_cpp.so
[3.384s] -- Set runtime path of "/home/g1/ff_ws/install/moveit_interfaces/lib/libmoveit_interfaces__rosidl_typesupport_fastrtps_cpp.so" to ""
[3.384s] -- Installing: /home/g1/ff_ws/install/moveit_interfaces/lib/libmoveit_interfaces__rosidl_typesupport_introspection_c.so
[3.384s] -- Set runtime path of "/home/g1/ff_ws/install/moveit_interfaces/lib/libmoveit_interfaces__rosidl_typesupport_introspection_c.so" to ""
[3.384s] -- Installing: /home/g1/ff_ws/install/moveit_interfaces/lib/libmoveit_interfaces__rosidl_typesupport_c.so
[3.385s] -- Set runtime path of "/home/g1/ff_ws/install/moveit_interfaces/lib/libmoveit_interfaces__rosidl_typesupport_c.so" to ""
[3.385s] -- Installing: /home/g1/ff_ws/install/moveit_interfaces/lib/libmoveit_interfaces__rosidl_typesupport_introspection_cpp.so
[3.385s] -- Set runtime path of "/home/g1/ff_ws/install/moveit_interfaces/lib/libmoveit_interfaces__rosidl_typesupport_introspection_cpp.so" to ""
[3.385s] -- Installing: /home/g1/ff_ws/install/moveit_interfaces/lib/libmoveit_interfaces__rosidl_typesupport_cpp.so
[3.386s] -- Set runtime path of "/home/g1/ff_ws/install/moveit_interfaces/lib/libmoveit_interfaces__rosidl_typesupport_cpp.so" to ""
[3.412s] Listing '/home/g1/ff_ws/install/moveit_interfaces/local/lib/python3.10/dist-packages/moveit_interfaces'...
[3.412s] Compiling '/home/g1/ff_ws/install/moveit_interfaces/local/lib/python3.10/dist-packages/moveit_interfaces/__init__.py'...
[3.413s] Listing '/home/g1/ff_ws/install/moveit_interfaces/local/lib/python3.10/dist-packages/moveit_interfaces/action'...
[3.413s] Compiling '/home/g1/ff_ws/install/moveit_interfaces/local/lib/python3.10/dist-packages/moveit_interfaces/action/__init__.py'...
[3.413s] Compiling '/home/g1/ff_ws/install/moveit_interfaces/local/lib/python3.10/dist-packages/moveit_interfaces/action/_conveyor.py'...
[3.413s] Listing '/home/g1/ff_ws/install/moveit_interfaces/local/lib/python3.10/dist-packages/moveit_interfaces/msg'...
[3.413s] Compiling '/home/g1/ff_ws/install/moveit_interfaces/local/lib/python3.10/dist-packages/moveit_interfaces/msg/__init__.py'...
[3.413s] Compiling '/home/g1/ff_ws/install/moveit_interfaces/local/lib/python3.10/dist-packages/moveit_interfaces/msg/_detection.py'...
[3.413s] Compiling '/home/g1/ff_ws/install/moveit_interfaces/local/lib/python3.10/dist-packages/moveit_interfaces/msg/_detection_array.py'...
[3.413s] Compiling '/home/g1/ff_ws/install/moveit_interfaces/local/lib/python3.10/dist-packages/moveit_interfaces/msg/_multi_box_position.py'...
[3.413s] Listing '/home/g1/ff_ws/install/moveit_interfaces/local/lib/python3.10/dist-packages/moveit_interfaces/srv'...
[3.413s] Compiling '/home/g1/ff_ws/install/moveit_interfaces/local/lib/python3.10/dist-packages/moveit_interfaces/srv/__init__.py'...
[3.413s] Compiling '/home/g1/ff_ws/install/moveit_interfaces/local/lib/python3.10/dist-packages/moveit_interfaces/srv/_box_position.py'...
[3.415s] -- Installing: /home/g1/ff_ws/install/moveit_interfaces/lib/libmoveit_interfaces__rosidl_generator_py.so
[3.416s] -- Set runtime path of "/home/g1/ff_ws/install/moveit_interfaces/lib/libmoveit_interfaces__rosidl_generator_py.so" to ""
[3.416s] -- Up-to-date: /home/g1/ff_ws/install/moveit_interfaces/share/moveit_interfaces/cmake/export_moveit_interfaces__rosidl_generator_cExport.cmake
[3.416s] -- Up-to-date: /home/g1/ff_ws/install/moveit_interfaces/share/moveit_interfaces/cmake/export_moveit_interfaces__rosidl_generator_cExport-noconfig.cmake
[3.416s] -- Up-to-date: /home/g1/ff_ws/install/moveit_interfaces/share/moveit_interfaces/cmake/export_moveit_interfaces__rosidl_typesupport_fastrtps_cExport.cmake
[3.416s] -- Up-to-date: /home/g1/ff_ws/install/moveit_interfaces/share/moveit_interfaces/cmake/export_moveit_interfaces__rosidl_typesupport_fastrtps_cExport-noconfig.cmake
[3.416s] -- Up-to-date: /home/g1/ff_ws/install/moveit_interfaces/share/moveit_interfaces/cmake/export_moveit_interfaces__rosidl_generator_cppExport.cmake
[3.417s] -- Up-to-date: /home/g1/ff_ws/install/moveit_interfaces/share/moveit_interfaces/cmake/export_moveit_interfaces__rosidl_typesupport_fastrtps_cppExport.cmake
[3.417s] -- Up-to-date: /home/g1/ff_ws/install/moveit_interfaces/share/moveit_interfaces/cmake/export_moveit_interfaces__rosidl_typesupport_fastrtps_cppExport-noconfig.cmake
[3.417s] -- Up-to-date: /home/g1/ff_ws/install/moveit_interfaces/share/moveit_interfaces/cmake/moveit_interfaces__rosidl_typesupport_introspection_cExport.cmake
[3.417s] -- Up-to-date: /home/g1/ff_ws/install/moveit_interfaces/share/moveit_interfaces/cmake/moveit_interfaces__rosidl_typesupport_introspection_cExport-noconfig.cmake
[3.417s] -- Up-to-date: /home/g1/ff_ws/install/moveit_interfaces/share/moveit_interfaces/cmake/moveit_interfaces__rosidl_typesupport_cExport.cmake
[3.417s] -- Up-to-date: /home/g1/ff_ws/install/moveit_interfaces/share/moveit_interfaces/cmake/moveit_interfaces__rosidl_typesupport_cExport-noconfig.cmake
[3.417s] -- Up-to-date: /home/g1/ff_ws/install/moveit_interfaces/share/moveit_interfaces/cmake/moveit_interfaces__rosidl_typesupport_introspection_cppExport.cmake
[3.417s] -- Up-to-date: /home/g1/ff_ws/install/moveit_interfaces/share/moveit_interfaces/cmake/moveit_interfaces__rosidl_typesupport_introspection_cppExport-noconfig.cmake
[3.417s] -- Up-to-date: /home/g1/ff_ws/install/moveit_interfaces/share/moveit_interfaces/cmake/moveit_interfaces__rosidl_typesupport_cppExport.cmake
[3.417s] -- Up-to-date: /home/g1/ff_ws/install/moveit_interfaces/share/moveit_interfaces/cmake/moveit_interfaces__rosidl_typesupport_cppExport-noconfig.cmake
[3.417s] -- Up-to-date: /home/g1/ff_ws/install/moveit_interfaces/share/moveit_interfaces/cmake/export_moveit_interfaces__rosidl_generator_pyExport.cmake
[3.417s] -- Up-to-date: /home/g1/ff_ws/install/moveit_interfaces/share/moveit_interfaces/cmake/export_moveit_interfaces__rosidl_generator_pyExport-noconfig.cmake
[3.421s] Invoked command in '/home/g1/ff_ws/build/moveit_interfaces' returned '0': CMAKE_PREFIX_PATH=/opt/ros/humble /usr/bin/cmake --install /home/g1/ff_ws/build/moveit_interfaces
