[0.739s] Invoking command in '/home/g1/ff_ws/build/moveit': PYTHONPATH=/home/g1/ff_ws/build/moveit/prefix_override:/usr/lib/python3/dist-packages/colcon_core/task/python/colcon_distutils_commands:/home/g1/ff_ws/install/moveit/lib/python3.10/site-packages:${PYTHONPATH} /usr/bin/python3 -W ignore:setup.py install is deprecated -W ignore:easy_install command is deprecated setup.py develop --editable --build-directory /home/g1/ff_ws/build/moveit/build --no-deps symlink_data
[0.940s] running develop
[1.085s] running egg_info
[1.105s] writing moveit.egg-info/PKG-INFO
[1.106s] writing dependency_links to moveit.egg-info/dependency_links.txt
[1.106s] writing entry points to moveit.egg-info/entry_points.txt
[1.106s] writing requirements to moveit.egg-info/requires.txt
[1.106s] writing top-level names to moveit.egg-info/top_level.txt
[1.130s] reading manifest file 'moveit.egg-info/SOURCES.txt'
[1.131s] writing manifest file 'moveit.egg-info/SOURCES.txt'
[1.142s] running build_ext
[1.142s] Creating /home/g1/ff_ws/install/moveit/lib/python3.10/site-packages/moveit.egg-link (link to .)
[1.143s] Installing box_draw script to /home/g1/ff_ws/install/moveit/lib/moveit
[1.143s] Installing box_send_goal script to /home/g1/ff_ws/install/moveit/lib/moveit
[1.143s] Installing check_box_color script to /home/g1/ff_ws/install/moveit/lib/moveit
[1.143s] Installing check_box_service script to /home/g1/ff_ws/install/moveit/lib/moveit
[1.143s] Installing check_box_service_beta script to /home/g1/ff_ws/install/moveit/lib/moveit
[1.143s] Installing pub_compress_image script to /home/g1/ff_ws/install/moveit/lib/moveit
[1.144s] Installing send_box_position script to /home/g1/ff_ws/install/moveit/lib/moveit
[1.144s] Installing sub_compress_image script to /home/g1/ff_ws/install/moveit/lib/moveit
[1.144s] Installing sub_img script to /home/g1/ff_ws/install/moveit/lib/moveit
[1.144s] Installing turtlebot3_box_pick_and_place script to /home/g1/ff_ws/install/moveit/lib/moveit
[1.144s] Installing turtlebot3_box_pick_and_place_beta script to /home/g1/ff_ws/install/moveit/lib/moveit
[1.144s] Installing turtlebot3_manipulation_xyz_test script to /home/g1/ff_ws/install/moveit/lib/moveit
[1.144s] 
[1.144s] Installed /home/g1/ff_ws/build/moveit
[1.144s] running symlink_data
[1.182s] Invoked command in '/home/g1/ff_ws/build/moveit' returned '0': PYTHONPATH=/home/g1/ff_ws/build/moveit/prefix_override:/usr/lib/python3/dist-packages/colcon_core/task/python/colcon_distutils_commands:/home/g1/ff_ws/install/moveit/lib/python3.10/site-packages:${PYTHONPATH} /usr/bin/python3 -W ignore:setup.py install is deprecated -W ignore:easy_install command is deprecated setup.py develop --editable --build-directory /home/g1/ff_ws/build/moveit/build --no-deps symlink_data
