[0.256s] Invoking command in '/home/g1/ff_ws/build/moveit_interfaces': CMAKE_PREFIX_PATH=${CMAKE_PREFIX_PATH}:/home/g1/ff_ws/install/moveit:/home/g1/ff_ws/install/conveyor_belt:/opt/ros/humble /usr/bin/cmake --build /home/g1/ff_ws/build/moveit_interfaces -- -j16 -l16
[0.281s] -- Found ament_cmake: 1.3.11 (/opt/ros/humble/share/ament_cmake/cmake)
[0.360s] -- Override CMake install command with custom implementation using symlinks instead of copying resources
[0.370s] -- Found builtin_interfaces: 1.2.1 (/opt/ros/humble/share/builtin_interfaces/cmake)
[0.390s] -- Found rosidl_generator_c: 3.1.6 (/opt/ros/humble/share/rosidl_generator_c/cmake)
[0.391s] -- Found rosidl_adapter: 3.1.6 (/opt/ros/humble/share/rosidl_adapter/cmake)
[0.396s] -- Found rosidl_generator_cpp: 3.1.6 (/opt/ros/humble/share/rosidl_generator_cpp/cmake)
[0.403s] -- Using all available rosidl_typesupport_c: rosidl_typesupport_fastrtps_c;rosidl_typesupport_introspection_c
[0.412s] -- Using all available rosidl_typesupport_cpp: rosidl_typesupport_fastrtps_cpp;rosidl_typesupport_introspection_cpp
[0.423s] -- Found rosidl_default_generators: 1.2.0 (/opt/ros/humble/share/rosidl_default_generators/cmake)
[0.428s] -- Found geometry_msgs: 4.2.4 (/opt/ros/humble/share/geometry_msgs/cmake)
[0.680s] -- Found ament_cmake_ros: 0.10.0 (/opt/ros/humble/share/ament_cmake_ros/cmake)
[0.934s] -- Using all available rosidl_typesupport_c: rosidl_typesupport_fastrtps_c;rosidl_typesupport_introspection_c
[1.036s] -- Using all available rosidl_typesupport_cpp: rosidl_typesupport_fastrtps_cpp;rosidl_typesupport_introspection_cpp
[1.049s] -- Found python_cmake_module: 0.10.0 (/opt/ros/humble/share/python_cmake_module/cmake)
[1.062s] -- Using PYTHON_EXECUTABLE: /usr/bin/python3
[1.062s] -- Using PYTHON_INCLUDE_DIRS: /usr/include/python3.10
[1.062s] -- Using PYTHON_LIBRARIES: /usr/lib/x86_64-linux-gnu/libpython3.10.so
[1.090s] -- Found ament_lint_auto: 0.12.11 (/opt/ros/humble/share/ament_lint_auto/cmake)
[1.105s] -- Added test 'lint_cmake' to check CMake code style
[1.106s] -- Added test 'xmllint' to check XML markup files
[1.109s] -- Configuring done
[1.150s] -- Generating done
[1.162s] -- Build files have been written to: /home/g1/ff_ws/build/moveit_interfaces
[1.187s] [  1%] [34m[1mGenerating C code for ROS interfaces[0m
[1.195s] [  3%] [34m[1mGenerating C++ code for ROS interfaces[0m
[1.202s] [  3%] Built target ament_cmake_python_symlink_moveit_interfaces
[1.334s] running egg_info
[1.344s] writing moveit_interfaces.egg-info/PKG-INFO
[1.344s] writing dependency_links to moveit_interfaces.egg-info/dependency_links.txt
[1.345s] writing top-level names to moveit_interfaces.egg-info/top_level.txt
[1.376s] reading manifest file 'moveit_interfaces.egg-info/SOURCES.txt'
[1.376s] writing manifest file 'moveit_interfaces.egg-info/SOURCES.txt'
[1.396s] [  3%] Built target ament_cmake_python_build_moveit_interfaces_egg
[1.579s] [35m[1mConsolidate compiler generated dependencies of target moveit_interfaces__rosidl_generator_c[0m
[1.583s] [  3%] Built target moveit_interfaces__cpp
[1.590s] [ 11%] [32mBuilding C object CMakeFiles/moveit_interfaces__rosidl_generator_c.dir/rosidl_generator_c/moveit_interfaces/msg/detail/multi_box_position__functions.c.o[0m
[1.590s] [ 11%] [32mBuilding C object CMakeFiles/moveit_interfaces__rosidl_generator_c.dir/rosidl_generator_c/moveit_interfaces/action/detail/conveyor__functions.c.o[0m
[1.590s] [ 11%] [32mBuilding C object CMakeFiles/moveit_interfaces__rosidl_generator_c.dir/rosidl_generator_c/moveit_interfaces/msg/detail/detection_array__functions.c.o[0m
[1.590s] [ 11%] [32mBuilding C object CMakeFiles/moveit_interfaces__rosidl_generator_c.dir/rosidl_generator_c/moveit_interfaces/msg/detail/detection__functions.c.o[0m
[1.590s] [ 11%] [32mBuilding C object CMakeFiles/moveit_interfaces__rosidl_generator_c.dir/rosidl_generator_c/moveit_interfaces/srv/detail/box_position__functions.c.o[0m
[1.590s] [ 12%] [34m[1mGenerating C++ type support dispatch for ROS interfaces[0m
[1.590s] [ 14%] [34m[1mGenerating C++ introspection for ROS interfaces[0m
[1.591s] [ 15%] [34m[1mGenerating C++ type support for eProsima Fast-RTPS[0m
[1.699s] [ 17%] [32m[1mLinking C shared library libmoveit_interfaces__rosidl_generator_c.so[0m
[1.739s] [ 17%] Built target moveit_interfaces__rosidl_generator_c
[1.747s] [ 22%] [34m[1mGenerating C introspection for ROS interfaces[0m
[1.748s] [ 22%] [34m[1mGenerating C type support for eProsima Fast-RTPS[0m
[1.748s] [ 22%] [34m[1mGenerating C type support dispatch for ROS interfaces[0m
[1.907s] [35m[1mConsolidate compiler generated dependencies of target moveit_interfaces__rosidl_typesupport_cpp[0m
[1.925s] [ 26%] [32mBuilding CXX object CMakeFiles/moveit_interfaces__rosidl_typesupport_cpp.dir/rosidl_typesupport_cpp/moveit_interfaces/msg/detection_array__type_support.cpp.o[0m
[1.925s] [ 26%] [32mBuilding CXX object CMakeFiles/moveit_interfaces__rosidl_typesupport_cpp.dir/rosidl_typesupport_cpp/moveit_interfaces/msg/multi_box_position__type_support.cpp.o[0m
[1.925s] [ 26%] [32mBuilding CXX object CMakeFiles/moveit_interfaces__rosidl_typesupport_cpp.dir/rosidl_typesupport_cpp/moveit_interfaces/action/conveyor__type_support.cpp.o[0m
[1.925s] [ 28%] [32mBuilding CXX object CMakeFiles/moveit_interfaces__rosidl_typesupport_cpp.dir/rosidl_typesupport_cpp/moveit_interfaces/msg/detection__type_support.cpp.o[0m
[1.926s] [ 30%] [32mBuilding CXX object CMakeFiles/moveit_interfaces__rosidl_typesupport_cpp.dir/rosidl_typesupport_cpp/moveit_interfaces/srv/box_position__type_support.cpp.o[0m
[1.966s] [35m[1mConsolidate compiler generated dependencies of target moveit_interfaces__rosidl_typesupport_introspection_cpp[0m
[1.986s] [ 33%] [32mBuilding CXX object CMakeFiles/moveit_interfaces__rosidl_typesupport_introspection_cpp.dir/rosidl_typesupport_introspection_cpp/moveit_interfaces/msg/detail/detection__type_support.cpp.o[0m
[1.987s] [ 33%] [32mBuilding CXX object CMakeFiles/moveit_interfaces__rosidl_typesupport_introspection_cpp.dir/rosidl_typesupport_introspection_cpp/moveit_interfaces/msg/detail/multi_box_position__type_support.cpp.o[0m
[2.000s] [ 36%] [32mBuilding CXX object CMakeFiles/moveit_interfaces__rosidl_typesupport_introspection_cpp.dir/rosidl_typesupport_introspection_cpp/moveit_interfaces/msg/detail/detection_array__type_support.cpp.o[0m
[2.000s] [ 36%] [32mBuilding CXX object CMakeFiles/moveit_interfaces__rosidl_typesupport_introspection_cpp.dir/rosidl_typesupport_introspection_cpp/moveit_interfaces/srv/detail/box_position__type_support.cpp.o[0m
[2.004s] [ 38%] [32mBuilding CXX object CMakeFiles/moveit_interfaces__rosidl_typesupport_introspection_cpp.dir/rosidl_typesupport_introspection_cpp/moveit_interfaces/action/detail/conveyor__type_support.cpp.o[0m
[2.010s] [35m[1mConsolidate compiler generated dependencies of target moveit_interfaces__rosidl_typesupport_fastrtps_cpp[0m
[2.031s] [ 39%] [32mBuilding CXX object CMakeFiles/moveit_interfaces__rosidl_typesupport_fastrtps_cpp.dir/rosidl_typesupport_fastrtps_cpp/moveit_interfaces/msg/detail/dds_fastrtps/detection__type_support.cpp.o[0m
[2.035s] [ 41%] [32mBuilding CXX object CMakeFiles/moveit_interfaces__rosidl_typesupport_fastrtps_cpp.dir/rosidl_typesupport_fastrtps_cpp/moveit_interfaces/msg/detail/dds_fastrtps/detection_array__type_support.cpp.o[0m
[2.040s] [ 42%] [32mBuilding CXX object CMakeFiles/moveit_interfaces__rosidl_typesupport_fastrtps_cpp.dir/rosidl_typesupport_fastrtps_cpp/moveit_interfaces/msg/detail/dds_fastrtps/multi_box_position__type_support.cpp.o[0m
[2.101s] [35m[1mConsolidate compiler generated dependencies of target moveit_interfaces__rosidl_typesupport_c[0m
[2.129s] [ 44%] [32mBuilding CXX object CMakeFiles/moveit_interfaces__rosidl_typesupport_c.dir/rosidl_typesupport_c/moveit_interfaces/msg/multi_box_position__type_support.cpp.o[0m
[2.192s] [ 46%] [32mBuilding CXX object CMakeFiles/moveit_interfaces__rosidl_typesupport_c.dir/rosidl_typesupport_c/moveit_interfaces/msg/detection__type_support.cpp.o[0m
[2.261s] [ 47%] [32mBuilding CXX object CMakeFiles/moveit_interfaces__rosidl_typesupport_c.dir/rosidl_typesupport_c/moveit_interfaces/msg/detection_array__type_support.cpp.o[0m
[2.294s] [ 49%] [32mBuilding CXX object CMakeFiles/moveit_interfaces__rosidl_typesupport_c.dir/rosidl_typesupport_c/moveit_interfaces/action/conveyor__type_support.cpp.o[0m
[2.295s] [ 50%] [32mBuilding CXX object CMakeFiles/moveit_interfaces__rosidl_typesupport_c.dir/rosidl_typesupport_c/moveit_interfaces/srv/box_position__type_support.cpp.o[0m
[2.320s] [ 52%] [32mBuilding CXX object CMakeFiles/moveit_interfaces__rosidl_typesupport_fastrtps_cpp.dir/rosidl_typesupport_fastrtps_cpp/moveit_interfaces/srv/detail/dds_fastrtps/box_position__type_support.cpp.o[0m
[2.325s] [ 53%] [32mBuilding CXX object CMakeFiles/moveit_interfaces__rosidl_typesupport_fastrtps_cpp.dir/rosidl_typesupport_fastrtps_cpp/moveit_interfaces/action/detail/dds_fastrtps/conveyor__type_support.cpp.o[0m
[2.352s] [35m[1mConsolidate compiler generated dependencies of target moveit_interfaces__rosidl_typesupport_fastrtps_c[0m
[2.356s] [35m[1mConsolidate compiler generated dependencies of target moveit_interfaces__rosidl_typesupport_introspection_c[0m
[2.376s] [ 55%] [32mBuilding CXX object CMakeFiles/moveit_interfaces__rosidl_typesupport_fastrtps_c.dir/rosidl_typesupport_fastrtps_c/moveit_interfaces/msg/detail/detection__type_support_c.cpp.o[0m
[2.380s] [ 57%] [32mBuilding C object CMakeFiles/moveit_interfaces__rosidl_typesupport_introspection_c.dir/rosidl_typesupport_introspection_c/moveit_interfaces/msg/detail/multi_box_position__type_support.c.o[0m
[2.385s] [ 58%] [32mBuilding C object CMakeFiles/moveit_interfaces__rosidl_typesupport_introspection_c.dir/rosidl_typesupport_introspection_c/moveit_interfaces/msg/detail/detection__type_support.c.o[0m
[2.385s] [ 60%] [32mBuilding CXX object CMakeFiles/moveit_interfaces__rosidl_typesupport_fastrtps_c.dir/rosidl_typesupport_fastrtps_c/moveit_interfaces/msg/detail/multi_box_position__type_support_c.cpp.o[0m
[2.399s] [ 61%] [32m[1mLinking CXX shared library libmoveit_interfaces__rosidl_typesupport_c.so[0m
[2.414s] [ 63%] [32mBuilding CXX object CMakeFiles/moveit_interfaces__rosidl_typesupport_fastrtps_c.dir/rosidl_typesupport_fastrtps_c/moveit_interfaces/msg/detail/detection_array__type_support_c.cpp.o[0m
[2.445s] [ 65%] [32mBuilding CXX object CMakeFiles/moveit_interfaces__rosidl_typesupport_fastrtps_c.dir/rosidl_typesupport_fastrtps_c/moveit_interfaces/srv/detail/box_position__type_support_c.cpp.o[0m
[2.447s] [ 66%] [32mBuilding C object CMakeFiles/moveit_interfaces__rosidl_typesupport_introspection_c.dir/rosidl_typesupport_introspection_c/moveit_interfaces/srv/detail/box_position__type_support.c.o[0m
[2.448s] [ 68%] [32mBuilding C object CMakeFiles/moveit_interfaces__rosidl_typesupport_introspection_c.dir/rosidl_typesupport_introspection_c/moveit_interfaces/msg/detail/detection_array__type_support.c.o[0m
[2.472s] [ 69%] [32m[1mLinking CXX shared library libmoveit_interfaces__rosidl_typesupport_cpp.so[0m
[2.494s] [ 71%] [32mBuilding CXX object CMakeFiles/moveit_interfaces__rosidl_typesupport_fastrtps_c.dir/rosidl_typesupport_fastrtps_c/moveit_interfaces/action/detail/conveyor__type_support_c.cpp.o[0m
[2.497s] [ 73%] [32mBuilding C object CMakeFiles/moveit_interfaces__rosidl_typesupport_introspection_c.dir/rosidl_typesupport_introspection_c/moveit_interfaces/action/detail/conveyor__type_support.c.o[0m
[2.498s] [ 73%] Built target moveit_interfaces__rosidl_typesupport_c
[2.554s] [ 74%] [32m[1mLinking C shared library libmoveit_interfaces__rosidl_typesupport_introspection_c.so[0m
[2.554s] [ 74%] Built target moveit_interfaces__rosidl_typesupport_cpp
[2.594s] [ 74%] Built target moveit_interfaces__rosidl_typesupport_introspection_c
[2.611s] [ 76%] [32m[1mLinking CXX shared library libmoveit_interfaces__rosidl_typesupport_introspection_cpp.so[0m
[2.722s] [ 76%] Built target moveit_interfaces__rosidl_typesupport_introspection_cpp
[2.792s] [ 77%] [32m[1mLinking CXX shared library libmoveit_interfaces__rosidl_typesupport_fastrtps_c.so[0m
[2.839s] [ 79%] [32m[1mLinking CXX shared library libmoveit_interfaces__rosidl_typesupport_fastrtps_cpp.so[0m
[2.857s] [ 79%] Built target moveit_interfaces__rosidl_typesupport_fastrtps_c
[2.900s] [ 79%] Built target moveit_interfaces__rosidl_typesupport_fastrtps_cpp
[2.919s] [ 79%] Built target moveit_interfaces
[2.939s] [ 80%] [34m[1mGenerating Python code for ROS interfaces[0m
[3.612s] [ 80%] Built target moveit_interfaces__py
[3.622s] [35m[1mConsolidate compiler generated dependencies of target moveit_interfaces__rosidl_generator_py[0m
[3.637s] [ 87%] [32mBuilding C object CMakeFiles/moveit_interfaces__rosidl_generator_py.dir/rosidl_generator_py/moveit_interfaces/action/_conveyor_s.c.o[0m
[3.637s] [ 87%] [32mBuilding C object CMakeFiles/moveit_interfaces__rosidl_generator_py.dir/rosidl_generator_py/moveit_interfaces/msg/_detection_s.c.o[0m
[3.637s] [ 88%] [32mBuilding C object CMakeFiles/moveit_interfaces__rosidl_generator_py.dir/rosidl_generator_py/moveit_interfaces/srv/_box_position_s.c.o[0m
[3.637s] [ 87%] [32mBuilding C object CMakeFiles/moveit_interfaces__rosidl_generator_py.dir/rosidl_generator_py/moveit_interfaces/msg/_detection_array_s.c.o[0m
[3.637s] [ 88%] [32mBuilding C object CMakeFiles/moveit_interfaces__rosidl_generator_py.dir/rosidl_generator_py/moveit_interfaces/msg/_multi_box_position_s.c.o[0m
[3.749s] [ 90%] [32m[1mLinking C shared library rosidl_generator_py/moveit_interfaces/libmoveit_interfaces__rosidl_generator_py.so[0m
[3.785s] [ 90%] Built target moveit_interfaces__rosidl_generator_py
[3.794s] [35m[1mConsolidate compiler generated dependencies of target moveit_interfaces__rosidl_typesupport_fastrtps_c__pyext[0m
[3.794s] [35m[1mConsolidate compiler generated dependencies of target moveit_interfaces__rosidl_typesupport_introspection_c__pyext[0m
[3.794s] [35m[1mConsolidate compiler generated dependencies of target moveit_interfaces__rosidl_typesupport_c__pyext[0m
[3.804s] [ 95%] [32mBuilding C object CMakeFiles/moveit_interfaces__rosidl_typesupport_introspection_c__pyext.dir/rosidl_generator_py/moveit_interfaces/_moveit_interfaces_s.ep.rosidl_typesupport_introspection_c.c.o[0m
[3.804s] [ 95%] [32mBuilding C object CMakeFiles/moveit_interfaces__rosidl_typesupport_fastrtps_c__pyext.dir/rosidl_generator_py/moveit_interfaces/_moveit_interfaces_s.ep.rosidl_typesupport_fastrtps_c.c.o[0m
[3.804s] [ 95%] [32mBuilding C object CMakeFiles/moveit_interfaces__rosidl_typesupport_c__pyext.dir/rosidl_generator_py/moveit_interfaces/_moveit_interfaces_s.ep.rosidl_typesupport_c.c.o[0m
[3.889s] [100%] [32m[1mLinking C shared library rosidl_generator_py/moveit_interfaces/moveit_interfaces_s__rosidl_typesupport_introspection_c.cpython-310-x86_64-linux-gnu.so[0m
[3.889s] [100%] [32m[1mLinking C shared library rosidl_generator_py/moveit_interfaces/moveit_interfaces_s__rosidl_typesupport_fastrtps_c.cpython-310-x86_64-linux-gnu.so[0m
[3.890s] [100%] [32m[1mLinking C shared library rosidl_generator_py/moveit_interfaces/moveit_interfaces_s__rosidl_typesupport_c.cpython-310-x86_64-linux-gnu.so[0m
[3.918s] [100%] Built target moveit_interfaces__rosidl_typesupport_fastrtps_c__pyext
[3.918s] [100%] Built target moveit_interfaces__rosidl_typesupport_introspection_c__pyext
[3.919s] [100%] Built target moveit_interfaces__rosidl_typesupport_c__pyext
[3.929s] Invoked command in '/home/g1/ff_ws/build/moveit_interfaces' returned '0': CMAKE_PREFIX_PATH=${CMAKE_PREFIX_PATH}:/home/g1/ff_ws/install/moveit:/home/g1/ff_ws/install/conveyor_belt:/opt/ros/humble /usr/bin/cmake --build /home/g1/ff_ws/build/moveit_interfaces -- -j16 -l16
[3.939s] Invoking command in '/home/g1/ff_ws/build/moveit_interfaces': CMAKE_PREFIX_PATH=${CMAKE_PREFIX_PATH}:/home/g1/ff_ws/install/moveit:/home/g1/ff_ws/install/conveyor_belt:/opt/ros/humble /usr/bin/cmake --install /home/g1/ff_ws/build/moveit_interfaces
[3.945s] -- Install configuration: ""
[3.945s] -- Execute custom install script
[3.946s] -- Up-to-date symlink: /home/g1/ff_ws/install/moveit_interfaces/share/ament_index/resource_index/rosidl_interfaces/moveit_interfaces
[3.946s] -- Up-to-date symlink: /home/g1/ff_ws/install/moveit_interfaces/include/moveit_interfaces/moveit_interfaces/action/conveyor.h
[3.946s] -- Up-to-date symlink: /home/g1/ff_ws/install/moveit_interfaces/include/moveit_interfaces/moveit_interfaces/action/detail/conveyor__functions.h
[3.946s] -- Up-to-date symlink: /home/g1/ff_ws/install/moveit_interfaces/include/moveit_interfaces/moveit_interfaces/action/detail/conveyor__struct.h
[3.946s] -- Up-to-date symlink: /home/g1/ff_ws/install/moveit_interfaces/include/moveit_interfaces/moveit_interfaces/action/detail/conveyor__type_support.h
[3.946s] -- Up-to-date symlink: /home/g1/ff_ws/install/moveit_interfaces/include/moveit_interfaces/moveit_interfaces/msg/detail/detection__functions.h
[3.946s] -- Up-to-date symlink: /home/g1/ff_ws/install/moveit_interfaces/include/moveit_interfaces/moveit_interfaces/msg/detail/detection__struct.h
[3.946s] -- Up-to-date symlink: /home/g1/ff_ws/install/moveit_interfaces/include/moveit_interfaces/moveit_interfaces/msg/detail/detection__type_support.h
[3.946s] -- Up-to-date symlink: /home/g1/ff_ws/install/moveit_interfaces/include/moveit_interfaces/moveit_interfaces/msg/detail/detection_array__functions.h
[3.946s] -- Up-to-date symlink: /home/g1/ff_ws/install/moveit_interfaces/include/moveit_interfaces/moveit_interfaces/msg/detail/detection_array__struct.h
[3.947s] -- Up-to-date symlink: /home/g1/ff_ws/install/moveit_interfaces/include/moveit_interfaces/moveit_interfaces/msg/detail/detection_array__type_support.h
[3.947s] -- Up-to-date symlink: /home/g1/ff_ws/install/moveit_interfaces/include/moveit_interfaces/moveit_interfaces/msg/detail/multi_box_position__functions.h
[3.947s] -- Up-to-date symlink: /home/g1/ff_ws/install/moveit_interfaces/include/moveit_interfaces/moveit_interfaces/msg/detail/multi_box_position__struct.h
[3.947s] -- Up-to-date symlink: /home/g1/ff_ws/install/moveit_interfaces/include/moveit_interfaces/moveit_interfaces/msg/detail/multi_box_position__type_support.h
[3.947s] -- Up-to-date symlink: /home/g1/ff_ws/install/moveit_interfaces/include/moveit_interfaces/moveit_interfaces/msg/detection.h
[3.947s] -- Up-to-date symlink: /home/g1/ff_ws/install/moveit_interfaces/include/moveit_interfaces/moveit_interfaces/msg/detection_array.h
[3.947s] -- Up-to-date symlink: /home/g1/ff_ws/install/moveit_interfaces/include/moveit_interfaces/moveit_interfaces/msg/multi_box_position.h
[3.947s] -- Up-to-date symlink: /home/g1/ff_ws/install/moveit_interfaces/include/moveit_interfaces/moveit_interfaces/msg/rosidl_generator_c__visibility_control.h
[3.947s] -- Up-to-date symlink: /home/g1/ff_ws/install/moveit_interfaces/include/moveit_interfaces/moveit_interfaces/srv/box_position.h
[3.947s] -- Up-to-date symlink: /home/g1/ff_ws/install/moveit_interfaces/include/moveit_interfaces/moveit_interfaces/srv/detail/box_position__functions.h
[3.947s] -- Up-to-date symlink: /home/g1/ff_ws/install/moveit_interfaces/include/moveit_interfaces/moveit_interfaces/srv/detail/box_position__struct.h
[3.947s] -- Up-to-date symlink: /home/g1/ff_ws/install/moveit_interfaces/include/moveit_interfaces/moveit_interfaces/srv/detail/box_position__type_support.h
[3.947s] -- Up-to-date symlink: /home/g1/ff_ws/install/moveit_interfaces/share/moveit_interfaces/environment/library_path.sh
[3.947s] -- Up-to-date symlink: /home/g1/ff_ws/install/moveit_interfaces/share/moveit_interfaces/environment/library_path.dsv
[3.948s] -- Up-to-date symlink: /home/g1/ff_ws/install/moveit_interfaces/include/moveit_interfaces/moveit_interfaces/action/detail/conveyor__rosidl_typesupport_fastrtps_c.h
[3.948s] -- Up-to-date symlink: /home/g1/ff_ws/install/moveit_interfaces/include/moveit_interfaces/moveit_interfaces/msg/detail/detection__rosidl_typesupport_fastrtps_c.h
[3.948s] -- Up-to-date symlink: /home/g1/ff_ws/install/moveit_interfaces/include/moveit_interfaces/moveit_interfaces/msg/detail/detection_array__rosidl_typesupport_fastrtps_c.h
[3.948s] -- Up-to-date symlink: /home/g1/ff_ws/install/moveit_interfaces/include/moveit_interfaces/moveit_interfaces/msg/detail/multi_box_position__rosidl_typesupport_fastrtps_c.h
[3.948s] -- Up-to-date symlink: /home/g1/ff_ws/install/moveit_interfaces/include/moveit_interfaces/moveit_interfaces/msg/rosidl_typesupport_fastrtps_c__visibility_control.h
[3.948s] -- Up-to-date symlink: /home/g1/ff_ws/install/moveit_interfaces/include/moveit_interfaces/moveit_interfaces/srv/detail/box_position__rosidl_typesupport_fastrtps_c.h
[3.948s] -- Up-to-date symlink: /home/g1/ff_ws/install/moveit_interfaces/include/moveit_interfaces/moveit_interfaces/action/conveyor.hpp
[3.949s] -- Up-to-date symlink: /home/g1/ff_ws/install/moveit_interfaces/include/moveit_interfaces/moveit_interfaces/action/detail/conveyor__builder.hpp
[3.949s] -- Up-to-date symlink: /home/g1/ff_ws/install/moveit_interfaces/include/moveit_interfaces/moveit_interfaces/action/detail/conveyor__struct.hpp
[3.949s] -- Up-to-date symlink: /home/g1/ff_ws/install/moveit_interfaces/include/moveit_interfaces/moveit_interfaces/action/detail/conveyor__traits.hpp
[3.949s] -- Up-to-date symlink: /home/g1/ff_ws/install/moveit_interfaces/include/moveit_interfaces/moveit_interfaces/action/detail/conveyor__type_support.hpp
[3.949s] -- Up-to-date symlink: /home/g1/ff_ws/install/moveit_interfaces/include/moveit_interfaces/moveit_interfaces/msg/detail/detection__builder.hpp
[3.949s] -- Up-to-date symlink: /home/g1/ff_ws/install/moveit_interfaces/include/moveit_interfaces/moveit_interfaces/msg/detail/detection__struct.hpp
[3.949s] -- Up-to-date symlink: /home/g1/ff_ws/install/moveit_interfaces/include/moveit_interfaces/moveit_interfaces/msg/detail/detection__traits.hpp
[3.949s] -- Up-to-date symlink: /home/g1/ff_ws/install/moveit_interfaces/include/moveit_interfaces/moveit_interfaces/msg/detail/detection__type_support.hpp
[3.949s] -- Up-to-date symlink: /home/g1/ff_ws/install/moveit_interfaces/include/moveit_interfaces/moveit_interfaces/msg/detail/detection_array__builder.hpp
[3.949s] -- Up-to-date symlink: /home/g1/ff_ws/install/moveit_interfaces/include/moveit_interfaces/moveit_interfaces/msg/detail/detection_array__struct.hpp
[3.949s] -- Up-to-date symlink: /home/g1/ff_ws/install/moveit_interfaces/include/moveit_interfaces/moveit_interfaces/msg/detail/detection_array__traits.hpp
[3.949s] -- Up-to-date symlink: /home/g1/ff_ws/install/moveit_interfaces/include/moveit_interfaces/moveit_interfaces/msg/detail/detection_array__type_support.hpp
[3.949s] -- Up-to-date symlink: /home/g1/ff_ws/install/moveit_interfaces/include/moveit_interfaces/moveit_interfaces/msg/detail/multi_box_position__builder.hpp
[3.949s] -- Up-to-date symlink: /home/g1/ff_ws/install/moveit_interfaces/include/moveit_interfaces/moveit_interfaces/msg/detail/multi_box_position__struct.hpp
[3.949s] -- Up-to-date symlink: /home/g1/ff_ws/install/moveit_interfaces/include/moveit_interfaces/moveit_interfaces/msg/detail/multi_box_position__traits.hpp
[3.950s] -- Up-to-date symlink: /home/g1/ff_ws/install/moveit_interfaces/include/moveit_interfaces/moveit_interfaces/msg/detail/multi_box_position__type_support.hpp
[3.950s] -- Up-to-date symlink: /home/g1/ff_ws/install/moveit_interfaces/include/moveit_interfaces/moveit_interfaces/msg/detection.hpp
[3.950s] -- Up-to-date symlink: /home/g1/ff_ws/install/moveit_interfaces/include/moveit_interfaces/moveit_interfaces/msg/detection_array.hpp
[3.950s] -- Up-to-date symlink: /home/g1/ff_ws/install/moveit_interfaces/include/moveit_interfaces/moveit_interfaces/msg/multi_box_position.hpp
[3.950s] -- Up-to-date symlink: /home/g1/ff_ws/install/moveit_interfaces/include/moveit_interfaces/moveit_interfaces/msg/rosidl_generator_cpp__visibility_control.hpp
[3.950s] -- Up-to-date symlink: /home/g1/ff_ws/install/moveit_interfaces/include/moveit_interfaces/moveit_interfaces/srv/box_position.hpp
[3.950s] -- Up-to-date symlink: /home/g1/ff_ws/install/moveit_interfaces/include/moveit_interfaces/moveit_interfaces/srv/detail/box_position__builder.hpp
[3.950s] -- Up-to-date symlink: /home/g1/ff_ws/install/moveit_interfaces/include/moveit_interfaces/moveit_interfaces/srv/detail/box_position__struct.hpp
[3.950s] -- Up-to-date symlink: /home/g1/ff_ws/install/moveit_interfaces/include/moveit_interfaces/moveit_interfaces/srv/detail/box_position__traits.hpp
[3.950s] -- Up-to-date symlink: /home/g1/ff_ws/install/moveit_interfaces/include/moveit_interfaces/moveit_interfaces/srv/detail/box_position__type_support.hpp
[3.951s] -- Up-to-date symlink: /home/g1/ff_ws/install/moveit_interfaces/include/moveit_interfaces/moveit_interfaces/action/detail/conveyor__rosidl_typesupport_fastrtps_cpp.hpp
[3.951s] -- Up-to-date symlink: /home/g1/ff_ws/install/moveit_interfaces/include/moveit_interfaces/moveit_interfaces/msg/detail/detection__rosidl_typesupport_fastrtps_cpp.hpp
[3.951s] -- Up-to-date symlink: /home/g1/ff_ws/install/moveit_interfaces/include/moveit_interfaces/moveit_interfaces/msg/detail/detection_array__rosidl_typesupport_fastrtps_cpp.hpp
[3.951s] -- Up-to-date symlink: /home/g1/ff_ws/install/moveit_interfaces/include/moveit_interfaces/moveit_interfaces/msg/detail/multi_box_position__rosidl_typesupport_fastrtps_cpp.hpp
[3.951s] -- Up-to-date symlink: /home/g1/ff_ws/install/moveit_interfaces/include/moveit_interfaces/moveit_interfaces/msg/rosidl_typesupport_fastrtps_cpp__visibility_control.h
[3.951s] -- Up-to-date symlink: /home/g1/ff_ws/install/moveit_interfaces/include/moveit_interfaces/moveit_interfaces/srv/detail/box_position__rosidl_typesupport_fastrtps_cpp.hpp
[3.951s] -- Up-to-date symlink: /home/g1/ff_ws/install/moveit_interfaces/include/moveit_interfaces/moveit_interfaces/action/detail/conveyor__rosidl_typesupport_introspection_c.h
[3.951s] -- Up-to-date symlink: /home/g1/ff_ws/install/moveit_interfaces/include/moveit_interfaces/moveit_interfaces/msg/detail/detection__rosidl_typesupport_introspection_c.h
[3.951s] -- Up-to-date symlink: /home/g1/ff_ws/install/moveit_interfaces/include/moveit_interfaces/moveit_interfaces/msg/detail/detection_array__rosidl_typesupport_introspection_c.h
[3.951s] -- Up-to-date symlink: /home/g1/ff_ws/install/moveit_interfaces/include/moveit_interfaces/moveit_interfaces/msg/detail/multi_box_position__rosidl_typesupport_introspection_c.h
[3.951s] -- Up-to-date symlink: /home/g1/ff_ws/install/moveit_interfaces/include/moveit_interfaces/moveit_interfaces/msg/rosidl_typesupport_introspection_c__visibility_control.h
[3.951s] -- Up-to-date symlink: /home/g1/ff_ws/install/moveit_interfaces/include/moveit_interfaces/moveit_interfaces/srv/detail/box_position__rosidl_typesupport_introspection_c.h
[3.952s] -- Up-to-date symlink: /home/g1/ff_ws/install/moveit_interfaces/include/moveit_interfaces/moveit_interfaces/action/detail/conveyor__rosidl_typesupport_introspection_cpp.hpp
[3.952s] -- Up-to-date symlink: /home/g1/ff_ws/install/moveit_interfaces/include/moveit_interfaces/moveit_interfaces/msg/detail/detection__rosidl_typesupport_introspection_cpp.hpp
[3.952s] -- Up-to-date symlink: /home/g1/ff_ws/install/moveit_interfaces/include/moveit_interfaces/moveit_interfaces/msg/detail/detection_array__rosidl_typesupport_introspection_cpp.hpp
[3.952s] -- Up-to-date symlink: /home/g1/ff_ws/install/moveit_interfaces/include/moveit_interfaces/moveit_interfaces/msg/detail/multi_box_position__rosidl_typesupport_introspection_cpp.hpp
[3.952s] -- Up-to-date symlink: /home/g1/ff_ws/install/moveit_interfaces/include/moveit_interfaces/moveit_interfaces/srv/detail/box_position__rosidl_typesupport_introspection_cpp.hpp
[3.952s] -- Up-to-date symlink: /home/g1/ff_ws/install/moveit_interfaces/share/moveit_interfaces/environment/pythonpath.sh
[3.952s] -- Up-to-date symlink: /home/g1/ff_ws/install/moveit_interfaces/share/moveit_interfaces/environment/pythonpath.dsv
[3.952s] -- Up-to-date symlink: /home/g1/ff_ws/install/moveit_interfaces/local/lib/python3.10/dist-packages/moveit_interfaces-0.0.0-py3.10.egg-info/PKG-INFO
[3.952s] -- Up-to-date symlink: /home/g1/ff_ws/install/moveit_interfaces/local/lib/python3.10/dist-packages/moveit_interfaces-0.0.0-py3.10.egg-info/SOURCES.txt
[3.952s] -- Up-to-date symlink: /home/g1/ff_ws/install/moveit_interfaces/local/lib/python3.10/dist-packages/moveit_interfaces-0.0.0-py3.10.egg-info/dependency_links.txt
[3.952s] -- Up-to-date symlink: /home/g1/ff_ws/install/moveit_interfaces/local/lib/python3.10/dist-packages/moveit_interfaces-0.0.0-py3.10.egg-info/top_level.txt
[3.953s] -- Up-to-date symlink: /home/g1/ff_ws/install/moveit_interfaces/local/lib/python3.10/dist-packages/moveit_interfaces/__init__.py
[3.953s] -- Up-to-date symlink: /home/g1/ff_ws/install/moveit_interfaces/local/lib/python3.10/dist-packages/moveit_interfaces/_moveit_interfaces_s.ep.rosidl_typesupport_c.c
[3.953s] -- Up-to-date symlink: /home/g1/ff_ws/install/moveit_interfaces/local/lib/python3.10/dist-packages/moveit_interfaces/_moveit_interfaces_s.ep.rosidl_typesupport_fastrtps_c.c
[3.953s] -- Up-to-date symlink: /home/g1/ff_ws/install/moveit_interfaces/local/lib/python3.10/dist-packages/moveit_interfaces/_moveit_interfaces_s.ep.rosidl_typesupport_introspection_c.c
[3.953s] -- Up-to-date symlink: /home/g1/ff_ws/install/moveit_interfaces/local/lib/python3.10/dist-packages/moveit_interfaces/action/__init__.py
[3.953s] -- Up-to-date symlink: /home/g1/ff_ws/install/moveit_interfaces/local/lib/python3.10/dist-packages/moveit_interfaces/action/_conveyor.py
[3.953s] -- Up-to-date symlink: /home/g1/ff_ws/install/moveit_interfaces/local/lib/python3.10/dist-packages/moveit_interfaces/action/_conveyor_s.c
[3.953s] -- Up-to-date symlink: /home/g1/ff_ws/install/moveit_interfaces/local/lib/python3.10/dist-packages/moveit_interfaces/libmoveit_interfaces__rosidl_generator_py.so
[3.953s] -- Up-to-date symlink: /home/g1/ff_ws/install/moveit_interfaces/local/lib/python3.10/dist-packages/moveit_interfaces/moveit_interfaces_s__rosidl_typesupport_c.cpython-310-x86_64-linux-gnu.so
[3.953s] -- Up-to-date symlink: /home/g1/ff_ws/install/moveit_interfaces/local/lib/python3.10/dist-packages/moveit_interfaces/moveit_interfaces_s__rosidl_typesupport_fastrtps_c.cpython-310-x86_64-linux-gnu.so
[3.954s] -- Up-to-date symlink: /home/g1/ff_ws/install/moveit_interfaces/local/lib/python3.10/dist-packages/moveit_interfaces/moveit_interfaces_s__rosidl_typesupport_introspection_c.cpython-310-x86_64-linux-gnu.so
[3.954s] -- Up-to-date symlink: /home/g1/ff_ws/install/moveit_interfaces/local/lib/python3.10/dist-packages/moveit_interfaces/msg/__init__.py
[3.954s] -- Up-to-date symlink: /home/g1/ff_ws/install/moveit_interfaces/local/lib/python3.10/dist-packages/moveit_interfaces/msg/_detection.py
[3.954s] -- Up-to-date symlink: /home/g1/ff_ws/install/moveit_interfaces/local/lib/python3.10/dist-packages/moveit_interfaces/msg/_detection_array.py
[3.954s] -- Up-to-date symlink: /home/g1/ff_ws/install/moveit_interfaces/local/lib/python3.10/dist-packages/moveit_interfaces/msg/_detection_array_s.c
[3.954s] -- Up-to-date symlink: /home/g1/ff_ws/install/moveit_interfaces/local/lib/python3.10/dist-packages/moveit_interfaces/msg/_detection_s.c
[3.954s] -- Up-to-date symlink: /home/g1/ff_ws/install/moveit_interfaces/local/lib/python3.10/dist-packages/moveit_interfaces/msg/_multi_box_position.py
[3.954s] -- Up-to-date symlink: /home/g1/ff_ws/install/moveit_interfaces/local/lib/python3.10/dist-packages/moveit_interfaces/msg/_multi_box_position_s.c
[3.954s] -- Up-to-date symlink: /home/g1/ff_ws/install/moveit_interfaces/local/lib/python3.10/dist-packages/moveit_interfaces/srv/__init__.py
[3.954s] -- Up-to-date symlink: /home/g1/ff_ws/install/moveit_interfaces/local/lib/python3.10/dist-packages/moveit_interfaces/srv/_box_position.py
[3.954s] -- Up-to-date symlink: /home/g1/ff_ws/install/moveit_interfaces/local/lib/python3.10/dist-packages/moveit_interfaces/srv/_box_position_s.c
[3.954s] -- Up-to-date symlink: /home/g1/ff_ws/install/moveit_interfaces/local/lib/python3.10/dist-packages/moveit_interfaces/moveit_interfaces_s__rosidl_typesupport_fastrtps_c.cpython-310-x86_64-linux-gnu.so
[3.954s] -- Up-to-date symlink: /home/g1/ff_ws/install/moveit_interfaces/local/lib/python3.10/dist-packages/moveit_interfaces/moveit_interfaces_s__rosidl_typesupport_introspection_c.cpython-310-x86_64-linux-gnu.so
[3.955s] -- Up-to-date symlink: /home/g1/ff_ws/install/moveit_interfaces/local/lib/python3.10/dist-packages/moveit_interfaces/moveit_interfaces_s__rosidl_typesupport_c.cpython-310-x86_64-linux-gnu.so
[3.955s] -- Up-to-date symlink: /home/g1/ff_ws/install/moveit_interfaces/share/moveit_interfaces/msg/MultiBoxPosition.idl
[3.955s] -- Up-to-date symlink: /home/g1/ff_ws/install/moveit_interfaces/share/moveit_interfaces/msg/Detection.idl
[3.955s] -- Up-to-date symlink: /home/g1/ff_ws/install/moveit_interfaces/share/moveit_interfaces/msg/DetectionArray.idl
[3.955s] -- Up-to-date symlink: /home/g1/ff_ws/install/moveit_interfaces/share/moveit_interfaces/srv/BoxPosition.idl
[3.955s] -- Up-to-date symlink: /home/g1/ff_ws/install/moveit_interfaces/share/moveit_interfaces/action/Conveyor.idl
[3.955s] -- Up-to-date symlink: /home/g1/ff_ws/install/moveit_interfaces/share/moveit_interfaces/msg/MultiBoxPosition.msg
[3.955s] -- Up-to-date symlink: /home/g1/ff_ws/install/moveit_interfaces/share/moveit_interfaces/msg/Detection.msg
[3.955s] -- Up-to-date symlink: /home/g1/ff_ws/install/moveit_interfaces/share/moveit_interfaces/msg/DetectionArray.msg
[3.955s] -- Up-to-date symlink: /home/g1/ff_ws/install/moveit_interfaces/share/moveit_interfaces/srv/BoxPosition.srv
[3.955s] -- Up-to-date symlink: /home/g1/ff_ws/install/moveit_interfaces/share/moveit_interfaces/srv/BoxPosition_Request.msg
[3.955s] -- Up-to-date symlink: /home/g1/ff_ws/install/moveit_interfaces/share/moveit_interfaces/srv/BoxPosition_Response.msg
[3.956s] -- Up-to-date symlink: /home/g1/ff_ws/install/moveit_interfaces/share/moveit_interfaces/action/Conveyor.action
[3.956s] -- Up-to-date symlink: /home/g1/ff_ws/install/moveit_interfaces/share/ament_index/resource_index/package_run_dependencies/moveit_interfaces
[3.956s] -- Up-to-date symlink: /home/g1/ff_ws/install/moveit_interfaces/share/ament_index/resource_index/parent_prefix_path/moveit_interfaces
[3.956s] -- Up-to-date symlink: /home/g1/ff_ws/install/moveit_interfaces/share/moveit_interfaces/environment/ament_prefix_path.sh
[3.956s] -- Up-to-date symlink: /home/g1/ff_ws/install/moveit_interfaces/share/moveit_interfaces/environment/ament_prefix_path.dsv
[3.956s] -- Up-to-date symlink: /home/g1/ff_ws/install/moveit_interfaces/share/moveit_interfaces/environment/path.sh
[3.956s] -- Up-to-date symlink: /home/g1/ff_ws/install/moveit_interfaces/share/moveit_interfaces/environment/path.dsv
[3.956s] -- Up-to-date symlink: /home/g1/ff_ws/install/moveit_interfaces/share/moveit_interfaces/local_setup.bash
[3.956s] -- Up-to-date symlink: /home/g1/ff_ws/install/moveit_interfaces/share/moveit_interfaces/local_setup.sh
[3.956s] -- Up-to-date symlink: /home/g1/ff_ws/install/moveit_interfaces/share/moveit_interfaces/local_setup.zsh
[3.956s] -- Up-to-date symlink: /home/g1/ff_ws/install/moveit_interfaces/share/moveit_interfaces/local_setup.dsv
[3.956s] -- Symlinking: /home/g1/ff_ws/install/moveit_interfaces/share/moveit_interfaces/package.dsv
[3.964s] -- Up-to-date symlink: /home/g1/ff_ws/install/moveit_interfaces/share/ament_index/resource_index/packages/moveit_interfaces
[3.964s] -- Up-to-date symlink: /home/g1/ff_ws/install/moveit_interfaces/share/moveit_interfaces/cmake/rosidl_cmake-extras.cmake
[3.964s] -- Up-to-date symlink: /home/g1/ff_ws/install/moveit_interfaces/share/moveit_interfaces/cmake/ament_cmake_export_dependencies-extras.cmake
[3.964s] -- Up-to-date symlink: /home/g1/ff_ws/install/moveit_interfaces/share/moveit_interfaces/cmake/ament_cmake_export_include_directories-extras.cmake
[3.965s] -- Up-to-date symlink: /home/g1/ff_ws/install/moveit_interfaces/share/moveit_interfaces/cmake/ament_cmake_export_libraries-extras.cmake
[3.965s] -- Up-to-date symlink: /home/g1/ff_ws/install/moveit_interfaces/share/moveit_interfaces/cmake/ament_cmake_export_targets-extras.cmake
[3.965s] -- Up-to-date symlink: /home/g1/ff_ws/install/moveit_interfaces/share/moveit_interfaces/cmake/rosidl_cmake_export_typesupport_targets-extras.cmake
[3.965s] -- Up-to-date symlink: /home/g1/ff_ws/install/moveit_interfaces/share/moveit_interfaces/cmake/rosidl_cmake_export_typesupport_libraries-extras.cmake
[3.965s] -- Up-to-date symlink: /home/g1/ff_ws/install/moveit_interfaces/share/moveit_interfaces/cmake/moveit_interfacesConfig.cmake
[3.965s] -- Up-to-date symlink: /home/g1/ff_ws/install/moveit_interfaces/share/moveit_interfaces/cmake/moveit_interfacesConfig-version.cmake
[3.965s] -- Up-to-date symlink: /home/g1/ff_ws/install/moveit_interfaces/share/moveit_interfaces/package.xml
[3.965s] -- Installing: /home/g1/ff_ws/install/moveit_interfaces/lib/libmoveit_interfaces__rosidl_generator_c.so
[3.965s] -- Set runtime path of "/home/g1/ff_ws/install/moveit_interfaces/lib/libmoveit_interfaces__rosidl_generator_c.so" to ""
[3.966s] -- Installing: /home/g1/ff_ws/install/moveit_interfaces/lib/libmoveit_interfaces__rosidl_typesupport_fastrtps_c.so
[3.966s] -- Set runtime path of "/home/g1/ff_ws/install/moveit_interfaces/lib/libmoveit_interfaces__rosidl_typesupport_fastrtps_c.so" to ""
[3.966s] -- Installing: /home/g1/ff_ws/install/moveit_interfaces/lib/libmoveit_interfaces__rosidl_typesupport_fastrtps_cpp.so
[3.966s] -- Set runtime path of "/home/g1/ff_ws/install/moveit_interfaces/lib/libmoveit_interfaces__rosidl_typesupport_fastrtps_cpp.so" to ""
[3.967s] -- Installing: /home/g1/ff_ws/install/moveit_interfaces/lib/libmoveit_interfaces__rosidl_typesupport_introspection_c.so
[3.967s] -- Set runtime path of "/home/g1/ff_ws/install/moveit_interfaces/lib/libmoveit_interfaces__rosidl_typesupport_introspection_c.so" to ""
[3.967s] -- Installing: /home/g1/ff_ws/install/moveit_interfaces/lib/libmoveit_interfaces__rosidl_typesupport_c.so
[3.967s] -- Set runtime path of "/home/g1/ff_ws/install/moveit_interfaces/lib/libmoveit_interfaces__rosidl_typesupport_c.so" to ""
[3.967s] -- Installing: /home/g1/ff_ws/install/moveit_interfaces/lib/libmoveit_interfaces__rosidl_typesupport_introspection_cpp.so
[3.968s] -- Set runtime path of "/home/g1/ff_ws/install/moveit_interfaces/lib/libmoveit_interfaces__rosidl_typesupport_introspection_cpp.so" to ""
[3.968s] -- Installing: /home/g1/ff_ws/install/moveit_interfaces/lib/libmoveit_interfaces__rosidl_typesupport_cpp.so
[3.968s] -- Set runtime path of "/home/g1/ff_ws/install/moveit_interfaces/lib/libmoveit_interfaces__rosidl_typesupport_cpp.so" to ""
[3.996s] Listing '/home/g1/ff_ws/install/moveit_interfaces/local/lib/python3.10/dist-packages/moveit_interfaces'...
[3.996s] Compiling '/home/g1/ff_ws/install/moveit_interfaces/local/lib/python3.10/dist-packages/moveit_interfaces/__init__.py'...
[3.996s] Listing '/home/g1/ff_ws/install/moveit_interfaces/local/lib/python3.10/dist-packages/moveit_interfaces/action'...
[3.996s] Compiling '/home/g1/ff_ws/install/moveit_interfaces/local/lib/python3.10/dist-packages/moveit_interfaces/action/__init__.py'...
[3.996s] Compiling '/home/g1/ff_ws/install/moveit_interfaces/local/lib/python3.10/dist-packages/moveit_interfaces/action/_conveyor.py'...
[3.996s] Listing '/home/g1/ff_ws/install/moveit_interfaces/local/lib/python3.10/dist-packages/moveit_interfaces/msg'...
[3.996s] Compiling '/home/g1/ff_ws/install/moveit_interfaces/local/lib/python3.10/dist-packages/moveit_interfaces/msg/__init__.py'...
[3.996s] Compiling '/home/g1/ff_ws/install/moveit_interfaces/local/lib/python3.10/dist-packages/moveit_interfaces/msg/_detection.py'...
[3.997s] Compiling '/home/g1/ff_ws/install/moveit_interfaces/local/lib/python3.10/dist-packages/moveit_interfaces/msg/_detection_array.py'...
[3.997s] Compiling '/home/g1/ff_ws/install/moveit_interfaces/local/lib/python3.10/dist-packages/moveit_interfaces/msg/_multi_box_position.py'...
[3.997s] Listing '/home/g1/ff_ws/install/moveit_interfaces/local/lib/python3.10/dist-packages/moveit_interfaces/srv'...
[3.997s] Compiling '/home/g1/ff_ws/install/moveit_interfaces/local/lib/python3.10/dist-packages/moveit_interfaces/srv/__init__.py'...
[3.997s] Compiling '/home/g1/ff_ws/install/moveit_interfaces/local/lib/python3.10/dist-packages/moveit_interfaces/srv/_box_position.py'...
[3.999s] -- Installing: /home/g1/ff_ws/install/moveit_interfaces/lib/libmoveit_interfaces__rosidl_generator_py.so
[4.000s] -- Set runtime path of "/home/g1/ff_ws/install/moveit_interfaces/lib/libmoveit_interfaces__rosidl_generator_py.so" to ""
[4.000s] -- Up-to-date: /home/g1/ff_ws/install/moveit_interfaces/share/moveit_interfaces/cmake/export_moveit_interfaces__rosidl_generator_cExport.cmake
[4.000s] -- Up-to-date: /home/g1/ff_ws/install/moveit_interfaces/share/moveit_interfaces/cmake/export_moveit_interfaces__rosidl_generator_cExport-noconfig.cmake
[4.000s] -- Up-to-date: /home/g1/ff_ws/install/moveit_interfaces/share/moveit_interfaces/cmake/export_moveit_interfaces__rosidl_typesupport_fastrtps_cExport.cmake
[4.000s] -- Up-to-date: /home/g1/ff_ws/install/moveit_interfaces/share/moveit_interfaces/cmake/export_moveit_interfaces__rosidl_typesupport_fastrtps_cExport-noconfig.cmake
[4.000s] -- Up-to-date: /home/g1/ff_ws/install/moveit_interfaces/share/moveit_interfaces/cmake/export_moveit_interfaces__rosidl_generator_cppExport.cmake
[4.000s] -- Up-to-date: /home/g1/ff_ws/install/moveit_interfaces/share/moveit_interfaces/cmake/export_moveit_interfaces__rosidl_typesupport_fastrtps_cppExport.cmake
[4.000s] -- Up-to-date: /home/g1/ff_ws/install/moveit_interfaces/share/moveit_interfaces/cmake/export_moveit_interfaces__rosidl_typesupport_fastrtps_cppExport-noconfig.cmake
[4.000s] -- Up-to-date: /home/g1/ff_ws/install/moveit_interfaces/share/moveit_interfaces/cmake/moveit_interfaces__rosidl_typesupport_introspection_cExport.cmake
[4.000s] -- Up-to-date: /home/g1/ff_ws/install/moveit_interfaces/share/moveit_interfaces/cmake/moveit_interfaces__rosidl_typesupport_introspection_cExport-noconfig.cmake
[4.000s] -- Up-to-date: /home/g1/ff_ws/install/moveit_interfaces/share/moveit_interfaces/cmake/moveit_interfaces__rosidl_typesupport_cExport.cmake
[4.001s] -- Up-to-date: /home/g1/ff_ws/install/moveit_interfaces/share/moveit_interfaces/cmake/moveit_interfaces__rosidl_typesupport_cExport-noconfig.cmake
[4.001s] -- Up-to-date: /home/g1/ff_ws/install/moveit_interfaces/share/moveit_interfaces/cmake/moveit_interfaces__rosidl_typesupport_introspection_cppExport.cmake
[4.001s] -- Up-to-date: /home/g1/ff_ws/install/moveit_interfaces/share/moveit_interfaces/cmake/moveit_interfaces__rosidl_typesupport_introspection_cppExport-noconfig.cmake
[4.001s] -- Up-to-date: /home/g1/ff_ws/install/moveit_interfaces/share/moveit_interfaces/cmake/moveit_interfaces__rosidl_typesupport_cppExport.cmake
[4.001s] -- Up-to-date: /home/g1/ff_ws/install/moveit_interfaces/share/moveit_interfaces/cmake/moveit_interfaces__rosidl_typesupport_cppExport-noconfig.cmake
[4.001s] -- Up-to-date: /home/g1/ff_ws/install/moveit_interfaces/share/moveit_interfaces/cmake/export_moveit_interfaces__rosidl_generator_pyExport.cmake
[4.001s] -- Up-to-date: /home/g1/ff_ws/install/moveit_interfaces/share/moveit_interfaces/cmake/export_moveit_interfaces__rosidl_generator_pyExport-noconfig.cmake
[4.004s] Invoked command in '/home/g1/ff_ws/build/moveit_interfaces' returned '0': CMAKE_PREFIX_PATH=${CMAKE_PREFIX_PATH}:/home/g1/ff_ws/install/moveit:/home/g1/ff_ws/install/conveyor_belt:/opt/ros/humble /usr/bin/cmake --install /home/g1/ff_ws/build/moveit_interfaces
