[0.261s] Invoking command in '/home/g1/ff_ws/build/moveit_interfaces': CMAKE_PREFIX_PATH=${CMAKE_PREFIX_PATH}:/home/g1/ff_ws/install/moveit:/home/g1/ff_ws/install/conveyor_belt:/opt/ros/humble /usr/bin/cmake --build /home/g1/ff_ws/build/moveit_interfaces -- -j16 -l16
[0.278s] -- Found ament_cmake: 1.3.11 (/opt/ros/humble/share/ament_cmake/cmake)
[0.351s] -- Override CMake install command with custom implementation using symlinks instead of copying resources
[0.355s] -- Found builtin_interfaces: 1.2.1 (/opt/ros/humble/share/builtin_interfaces/cmake)
[0.370s] -- Found rosidl_generator_c: 3.1.6 (/opt/ros/humble/share/rosidl_generator_c/cmake)
[0.371s] -- Found rosidl_adapter: 3.1.6 (/opt/ros/humble/share/rosidl_adapter/cmake)
[0.374s] -- Found rosidl_generator_cpp: 3.1.6 (/opt/ros/humble/share/rosidl_generator_cpp/cmake)
[0.379s] -- Using all available rosidl_typesupport_c: rosidl_typesupport_fastrtps_c;rosidl_typesupport_introspection_c
[0.385s] -- Using all available rosidl_typesupport_cpp: rosidl_typesupport_fastrtps_cpp;rosidl_typesupport_introspection_cpp
[0.391s] -- Found rosidl_default_generators: 1.2.0 (/opt/ros/humble/share/rosidl_default_generators/cmake)
[0.394s] -- Found geometry_msgs: 4.2.4 (/opt/ros/humble/share/geometry_msgs/cmake)
[0.510s] [31mCMake Error at /opt/ros/humble/share/rosidl_adapter/cmake/rosidl_adapt_interfaces.cmake:59 (message):
[0.510s]   execute_process(/usr/bin/python3 -m rosidl_adapter --package-name
[0.510s]   moveit_interfaces --arguments-file
[0.510s]   /home/g1/ff_ws/build/moveit_interfaces/rosidl_adapter__arguments__moveit_interfaces.json
[0.510s]   --output-dir
[0.510s]   /home/g1/ff_ws/build/moveit_interfaces/rosidl_adapter/moveit_interfaces
[0.510s]   --output-file
[0.510s]   /home/g1/ff_ws/build/moveit_interfaces/rosidl_adapter/moveit_interfaces.idls)
[0.510s]   returned error code 1:
[0.510s] 
[0.510s]   Error with: moveit_interfaces Detection Detection.msg
[0.510s] 
[0.510s]   Traceback (most recent call last):
[0.510s] 
[0.510s]     File "/usr/lib/python3.10/runpy.py", line 196, in _run_module_as_main
[0.510s]       return _run_code(code, main_globals, None,
[0.510s]     File "/usr/lib/python3.10/runpy.py", line 86, in _run_code
[0.510s]       exec(code, run_globals)
[0.510s]     File "/opt/ros/humble/local/lib/python3.10/dist-packages/rosidl_adapter/__main__.py", line 19, in <module>
[0.510s]       sys.exit(main())
[0.510s]     File "/opt/ros/humble/local/lib/python3.10/dist-packages/rosidl_adapter/main.py", line 53, in main
[0.510s]       abs_idl_file = convert_to_idl(
[0.510s]     File "/opt/ros/humble/local/lib/python3.10/dist-packages/rosidl_adapter/__init__.py", line 19, in convert_to_idl
[0.510s]       return convert_msg_to_idl(
[0.510s]     File "/opt/ros/humble/local/lib/python3.10/dist-packages/rosidl_adapter/msg/__init__.py", line 28, in convert_msg_to_idl
[0.511s]       msg = parse_message_string(package_name, input_file.stem, content)
[0.511s]     File "/opt/ros/humble/local/lib/python3.10/dist-packages/rosidl_adapter/parser.py", line 510, in parse_message_string
[0.511s]       raise InvalidFieldDefinition(line)
[0.511s] 
[0.511s]   rosidl_adapter.parser.InvalidFieldDefinition: Detection.msg
[0.511s] 
[0.511s] Call Stack (most recent call first):
[0.511s]   /opt/ros/humble/share/rosidl_cmake/cmake/rosidl_generate_interfaces.cmake:130 (rosidl_adapt_interfaces)
[0.511s]   CMakeLists.txt:29 (rosidl_generate_interfaces)
[0.511s] 
[0.511s] [0m
[0.511s] -- Configuring incomplete, errors occurred!
[0.511s] See also "/home/g1/ff_ws/build/moveit_interfaces/CMakeFiles/CMakeOutput.log".
[0.515s] gmake: *** [Makefile:1179: cmake_check_build_system] Error 1
[0.517s] Invoked command in '/home/g1/ff_ws/build/moveit_interfaces' returned '2': CMAKE_PREFIX_PATH=${CMAKE_PREFIX_PATH}:/home/g1/ff_ws/install/moveit:/home/g1/ff_ws/install/conveyor_belt:/opt/ros/humble /usr/bin/cmake --build /home/g1/ff_ws/build/moveit_interfaces -- -j16 -l16
