[0.588s] Invoking command in '/home/g1/ff_ws/build/moveit': PYTHONPATH=/home/g1/ff_ws/build/moveit/prefix_override:/usr/lib/python3/dist-packages/colcon_core/task/python/colcon_distutils_commands:/home/g1/ff_ws/install/moveit/lib/python3.10/site-packages:${PYTHONPATH} /usr/bin/python3 -W ignore:setup.py install is deprecated -W ignore:easy_install command is deprecated setup.py develop --editable --build-directory /home/g1/ff_ws/build/moveit/build --no-deps symlink_data
[0.785s] running develop
[0.928s] running egg_info
[0.950s] writing moveit.egg-info/PKG-INFO
[0.951s] writing dependency_links to moveit.egg-info/dependency_links.txt
[0.951s] writing entry points to moveit.egg-info/entry_points.txt
[0.951s] writing requirements to moveit.egg-info/requires.txt
[0.951s] writing top-level names to moveit.egg-info/top_level.txt
[0.972s] reading manifest file 'moveit.egg-info/SOURCES.txt'
[0.973s] writing manifest file 'moveit.egg-info/SOURCES.txt'
[0.984s] running build_ext
[0.984s] Creating /home/g1/ff_ws/install/moveit/lib/python3.10/site-packages/moveit.egg-link (link to .)
[0.985s] Installing box_system_action_client script to /home/g1/ff_ws/install/moveit/lib/moveit
[0.985s] Installing check_box_color script to /home/g1/ff_ws/install/moveit/lib/moveit
[0.985s] Installing check_box_service script to /home/g1/ff_ws/install/moveit/lib/moveit
[0.985s] Installing check_box_service_ver2 script to /home/g1/ff_ws/install/moveit/lib/moveit
[0.986s] Installing pub_compress_image script to /home/g1/ff_ws/install/moveit/lib/moveit
[0.986s] Installing send_box_position script to /home/g1/ff_ws/install/moveit/lib/moveit
[0.986s] Installing sub_compress_image script to /home/g1/ff_ws/install/moveit/lib/moveit
[0.986s] Installing sub_img script to /home/g1/ff_ws/install/moveit/lib/moveit
[0.986s] Installing turtlebot3_box_pick_and_place script to /home/g1/ff_ws/install/moveit/lib/moveit
[0.986s] Installing turtlebot3_manipulation_xyz_test script to /home/g1/ff_ws/install/moveit/lib/moveit
[0.986s] 
[0.986s] Installed /home/g1/ff_ws/build/moveit
[0.986s] running symlink_data
[1.035s] Invoked command in '/home/g1/ff_ws/build/moveit' returned '0': PYTHONPATH=/home/g1/ff_ws/build/moveit/prefix_override:/usr/lib/python3/dist-packages/colcon_core/task/python/colcon_distutils_commands:/home/g1/ff_ws/install/moveit/lib/python3.10/site-packages:${PYTHONPATH} /usr/bin/python3 -W ignore:setup.py install is deprecated -W ignore:easy_install command is deprecated setup.py develop --editable --build-directory /home/g1/ff_ws/build/moveit/build --no-deps symlink_data
