[0.613s] Invoking command in '/home/g1/ff_ws/build/moveit': PYTHONPATH=/home/g1/ff_ws/build/moveit/prefix_override:/usr/lib/python3/dist-packages/colcon_core/task/python/colcon_distutils_commands:/home/g1/ff_ws/install/moveit/lib/python3.10/site-packages:${PYTHONPATH} /usr/bin/python3 -W ignore:setup.py install is deprecated -W ignore:easy_install command is deprecated setup.py develop --editable --build-directory /home/g1/ff_ws/build/moveit/build --no-deps symlink_data
[0.812s] running develop
[0.959s] running egg_info
[0.977s] writing moveit.egg-info/PKG-INFO
[0.977s] writing dependency_links to moveit.egg-info/dependency_links.txt
[0.977s] writing entry points to moveit.egg-info/entry_points.txt
[0.977s] writing requirements to moveit.egg-info/requires.txt
[0.977s] writing top-level names to moveit.egg-info/top_level.txt
[0.999s] reading manifest file 'moveit.egg-info/SOURCES.txt'
[1.000s] writing manifest file 'moveit.egg-info/SOURCES.txt'
[1.011s] running build_ext
[1.011s] Creating /home/g1/ff_ws/install/moveit/lib/python3.10/site-packages/moveit.egg-link (link to .)
[1.012s] Installing box_draw script to /home/g1/ff_ws/install/moveit/lib/moveit
[1.012s] Installing box_send_goal script to /home/g1/ff_ws/install/moveit/lib/moveit
[1.012s] Installing check_box_color script to /home/g1/ff_ws/install/moveit/lib/moveit
[1.012s] Installing check_box_service script to /home/g1/ff_ws/install/moveit/lib/moveit
[1.012s] Installing check_box_service_beta script to /home/g1/ff_ws/install/moveit/lib/moveit
[1.012s] Installing pub_compress_image script to /home/g1/ff_ws/install/moveit/lib/moveit
[1.012s] Installing send_box_position script to /home/g1/ff_ws/install/moveit/lib/moveit
[1.012s] Installing sub_compress_image script to /home/g1/ff_ws/install/moveit/lib/moveit
[1.013s] Installing sub_img script to /home/g1/ff_ws/install/moveit/lib/moveit
[1.013s] Installing turtlebot3_box_pick_and_place script to /home/g1/ff_ws/install/moveit/lib/moveit
[1.013s] Installing turtlebot3_box_pick_and_place_beta script to /home/g1/ff_ws/install/moveit/lib/moveit
[1.013s] Installing turtlebot3_manipulation_xyz_test script to /home/g1/ff_ws/install/moveit/lib/moveit
[1.013s] 
[1.013s] Installed /home/g1/ff_ws/build/moveit
[1.013s] running symlink_data
[1.044s] Invoked command in '/home/g1/ff_ws/build/moveit' returned '0': PYTHONPATH=/home/g1/ff_ws/build/moveit/prefix_override:/usr/lib/python3/dist-packages/colcon_core/task/python/colcon_distutils_commands:/home/g1/ff_ws/install/moveit/lib/python3.10/site-packages:${PYTHONPATH} /usr/bin/python3 -W ignore:setup.py install is deprecated -W ignore:easy_install command is deprecated setup.py develop --editable --build-directory /home/g1/ff_ws/build/moveit/build --no-deps symlink_data
