[0.716s] Invoking command in '/home/g1/ff_ws/build/get_img': PYTHONPATH=/home/g1/ff_ws/build/get_img/prefix_override:/usr/lib/python3/dist-packages/colcon_core/task/python/colcon_distutils_commands:/home/g1/ff_ws/install/get_img/lib/python3.10/site-packages:${PYTHONPATH} /usr/bin/python3 -W ignore:setup.py install is deprecated -W ignore:easy_install command is deprecated setup.py develop --editable --build-directory /home/g1/ff_ws/build/get_img/build --no-deps symlink_data
[0.840s] /home/g1/.local/lib/python3.10/site-packages/setuptools/_distutils/dist.py:261: UserWarning: Unknown distribution option: 'tests_require'
[0.840s]   warnings.warn(msg)
[0.960s] running develop
[1.124s] running egg_info
[1.136s] creating get_img.egg-info
[1.136s] writing get_img.egg-info/PKG-INFO
[1.136s] writing dependency_links to get_img.egg-info/dependency_links.txt
[1.136s] writing entry points to get_img.egg-info/entry_points.txt
[1.137s] writing requirements to get_img.egg-info/requires.txt
[1.137s] writing top-level names to get_img.egg-info/top_level.txt
[1.137s] writing manifest file 'get_img.egg-info/SOURCES.txt'
[1.172s] reading manifest file 'get_img.egg-info/SOURCES.txt'
[1.173s] writing manifest file 'get_img.egg-info/SOURCES.txt'
[1.186s] running build_ext
[1.186s] Creating /home/g1/ff_ws/install/get_img/lib/python3.10/site-packages/get-img.egg-link (link to .)
[1.187s] Installing pub_img script to /home/g1/ff_ws/install/get_img/lib/get_img
[1.187s] Installing sub_img script to /home/g1/ff_ws/install/get_img/lib/get_img
[1.187s] 
[1.187s] Installed /home/g1/ff_ws/build/get_img
[1.187s] running symlink_data
[1.187s] creating /home/g1/ff_ws/install/get_img/share/ament_index/resource_index/packages
[1.188s] symbolically linking /home/g1/ff_ws/build/get_img/resource/get_img -> /home/g1/ff_ws/install/get_img/share/ament_index/resource_index/packages
[1.188s] symbolically linking /home/g1/ff_ws/build/get_img/package.xml -> /home/g1/ff_ws/install/get_img/share/get_img
[1.251s] Invoked command in '/home/g1/ff_ws/build/get_img' returned '0': PYTHONPATH=/home/g1/ff_ws/build/get_img/prefix_override:/usr/lib/python3/dist-packages/colcon_core/task/python/colcon_distutils_commands:/home/g1/ff_ws/install/get_img/lib/python3.10/site-packages:${PYTHONPATH} /usr/bin/python3 -W ignore:setup.py install is deprecated -W ignore:easy_install command is deprecated setup.py develop --editable --build-directory /home/g1/ff_ws/build/get_img/build --no-deps symlink_data
