[0.276s] Invoking command in '/home/g1/ff_ws/build/moveit_interfaces': CMAKE_PREFIX_PATH=${CMAKE_PREFIX_PATH}:/home/g1/ff_ws/install/moveit:/home/g1/ff_ws/install/conveyor_belt:/opt/ros/humble /usr/bin/cmake --build /home/g1/ff_ws/build/moveit_interfaces -- -j16 -l16
[0.296s] -- Found ament_cmake: 1.3.11 (/opt/ros/humble/share/ament_cmake/cmake)
[0.368s] -- Override CMake install command with custom implementation using symlinks instead of copying resources
[0.373s] -- Found builtin_interfaces: 1.2.1 (/opt/ros/humble/share/builtin_interfaces/cmake)
[0.387s] -- Found rosidl_generator_c: 3.1.6 (/opt/ros/humble/share/rosidl_generator_c/cmake)
[0.388s] -- Found rosidl_adapter: 3.1.6 (/opt/ros/humble/share/rosidl_adapter/cmake)
[0.393s] -- Found rosidl_generator_cpp: 3.1.6 (/opt/ros/humble/share/rosidl_generator_cpp/cmake)
[0.398s] -- Using all available rosidl_typesupport_c: rosidl_typesupport_fastrtps_c;rosidl_typesupport_introspection_c
[0.404s] -- Using all available rosidl_typesupport_cpp: rosidl_typesupport_fastrtps_cpp;rosidl_typesupport_introspection_cpp
[0.410s] -- Found rosidl_default_generators: 1.2.0 (/opt/ros/humble/share/rosidl_default_generators/cmake)
[0.414s] -- Found geometry_msgs: 4.2.4 (/opt/ros/humble/share/geometry_msgs/cmake)
[0.532s] [31mCMake Error at /opt/ros/humble/share/rosidl_adapter/cmake/rosidl_adapt_interfaces.cmake:59 (message):
[0.532s]   execute_process(/usr/bin/python3 -m rosidl_adapter --package-name
[0.532s]   moveit_interfaces --arguments-file
[0.532s]   /home/g1/ff_ws/build/moveit_interfaces/rosidl_adapter__arguments__moveit_interfaces.json
[0.532s]   --output-dir
[0.532s]   /home/g1/ff_ws/build/moveit_interfaces/rosidl_adapter/moveit_interfaces
[0.532s]   --output-file
[0.532s]   /home/g1/ff_ws/build/moveit_interfaces/rosidl_adapter/moveit_interfaces.idls)
[0.532s]   returned error code 1:
[0.532s] 
[0.532s]   Error with: moveit_interfaces Detection Detection.msg
[0.532s] 
[0.533s]   Traceback (most recent call last):
[0.533s] 
[0.533s]     File "/usr/lib/python3.10/runpy.py", line 196, in _run_module_as_main
[0.533s]       return _run_code(code, main_globals, None,
[0.533s]     File "/usr/lib/python3.10/runpy.py", line 86, in _run_code
[0.533s]       exec(code, run_globals)
[0.533s]     File "/opt/ros/humble/local/lib/python3.10/dist-packages/rosidl_adapter/__main__.py", line 19, in <module>
[0.533s]       sys.exit(main())
[0.533s]     File "/opt/ros/humble/local/lib/python3.10/dist-packages/rosidl_adapter/main.py", line 53, in main
[0.533s]       abs_idl_file = convert_to_idl(
[0.533s]     File "/opt/ros/humble/local/lib/python3.10/dist-packages/rosidl_adapter/__init__.py", line 19, in convert_to_idl
[0.533s]       return convert_msg_to_idl(
[0.533s]     File "/opt/ros/humble/local/lib/python3.10/dist-packages/rosidl_adapter/msg/__init__.py", line 28, in convert_msg_to_idl
[0.533s]       msg = parse_message_string(package_name, input_file.stem, content)
[0.533s]     File "/opt/ros/humble/local/lib/python3.10/dist-packages/rosidl_adapter/parser.py", line 510, in parse_message_string
[0.533s]       raise InvalidFieldDefinition(line)
[0.534s] 
[0.534s]   rosidl_adapter.parser.InvalidFieldDefinition: Detection.msg
[0.534s] 
[0.534s] Call Stack (most recent call first):
[0.534s]   /opt/ros/humble/share/rosidl_cmake/cmake/rosidl_generate_interfaces.cmake:130 (rosidl_adapt_interfaces)
[0.534s]   CMakeLists.txt:29 (rosidl_generate_interfaces)
[0.534s] 
[0.534s] [0m
[0.534s] -- Configuring incomplete, errors occurred!
[0.534s] See also "/home/g1/ff_ws/build/moveit_interfaces/CMakeFiles/CMakeOutput.log".
[0.538s] gmake: *** [Makefile:1179: cmake_check_build_system] Error 1
[0.540s] Invoked command in '/home/g1/ff_ws/build/moveit_interfaces' returned '2': CMAKE_PREFIX_PATH=${CMAKE_PREFIX_PATH}:/home/g1/ff_ws/install/moveit:/home/g1/ff_ws/install/conveyor_belt:/opt/ros/humble /usr/bin/cmake --build /home/g1/ff_ws/build/moveit_interfaces -- -j16 -l16
