running develop
running egg_info
creating moveit.egg-info
writing moveit.egg-info/PKG-INFO
writing dependency_links to moveit.egg-info/dependency_links.txt
writing entry points to moveit.egg-info/entry_points.txt
writing requirements to moveit.egg-info/requires.txt
writing top-level names to moveit.egg-info/top_level.txt
writing manifest file 'moveit.egg-info/SOURCES.txt'
reading manifest file 'moveit.egg-info/SOURCES.txt'
writing manifest file 'moveit.egg-info/SOURCES.txt'
running build_ext
Creating /home/g1/ff_ws/install/moveit/lib/python3.10/site-packages/moveit.egg-link (link to .)
Installing box_draw script to /home/g1/ff_ws/install/moveit/lib/moveit
Installing box_send_goal script to /home/g1/ff_ws/install/moveit/lib/moveit
Installing check_box_color script to /home/g1/ff_ws/install/moveit/lib/moveit
Installing check_box_service script to /home/g1/ff_ws/install/moveit/lib/moveit
Installing check_box_service_beta script to /home/g1/ff_ws/install/moveit/lib/moveit
Installing pub_compress_image script to /home/g1/ff_ws/install/moveit/lib/moveit
Installing send_box_position script to /home/g1/ff_ws/install/moveit/lib/moveit
Installing sub_compress_image script to /home/g1/ff_ws/install/moveit/lib/moveit
Installing sub_img script to /home/g1/ff_ws/install/moveit/lib/moveit
Installing turtlebot3_box_pick_and_place script to /home/g1/ff_ws/install/moveit/lib/moveit
Installing turtlebot3_box_pick_and_place_beta script to /home/g1/ff_ws/install/moveit/lib/moveit
Installing turtlebot3_manipulation_xyz_test script to /home/g1/ff_ws/install/moveit/lib/moveit

Installed /home/g1/ff_ws/build/moveit
running symlink_data
creating /home/g1/ff_ws/install/moveit/share/ament_index/resource_index/packages
symbolically linking /home/g1/ff_ws/build/moveit/resource/moveit -> /home/g1/ff_ws/install/moveit/share/ament_index/resource_index/packages
symbolically linking /home/g1/ff_ws/build/moveit/package.xml -> /home/g1/ff_ws/install/moveit/share/moveit
