[0.083s] DEBUG:colcon:Command line arguments: ['/usr/bin/colcon', 'build', '--symlink-install']
[0.083s] DEBUG:colcon:Parsed command line arguments: Namespace(log_base=None, log_level=None, verb_name='build', build_base='build', install_base='install', merge_install=False, symlink_install=True, test_result_base=None, continue_on_error=False, executor='parallel', parallel_workers=16, event_handlers=None, ignore_user_meta=False, metas=['./colcon.meta'], base_paths=['.'], packages_ignore=None, packages_ignore_regex=None, paths=None, packages_up_to=None, packages_up_to_regex=None, packages_above=None, packages_above_and_dependencies=None, packages_above_depth=None, packages_select_by_dep=None, packages_skip_by_dep=None, packages_skip_up_to=None, packages_select_build_failed=False, packages_skip_build_finished=False, packages_select_test_failures=False, packages_skip_test_passed=False, packages_select=None, packages_skip=None, packages_select_regex=None, packages_skip_regex=None, packages_start=None, packages_end=None, allow_overriding=[], cmake_args=None, cmake_target=None, cmake_target_skip_unavailable=False, cmake_clean_cache=False, cmake_clean_first=False, cmake_force_configure=False, ament_cmake_args=None, catkin_cmake_args=None, catkin_skip_building_tests=False, mixin_files=None, mixin=None, verb_parser=<colcon_mixin.mixin.mixin_argument.MixinArgumentDecorator object at 0x70d0968d3460>, verb_extension=<colcon_core.verb.build.BuildVerb object at 0x70d0968d2ec0>, main=<bound method BuildVerb.main of <colcon_core.verb.build.BuildVerb object at 0x70d0968d2ec0>>, mixin_verb=('build',))
[0.102s] Level 1:colcon.colcon_core.package_discovery:discover_packages(colcon_meta) check parameters
[0.102s] Level 1:colcon.colcon_core.package_discovery:discover_packages(recursive) check parameters
[0.103s] Level 1:colcon.colcon_core.package_discovery:discover_packages(ignore) check parameters
[0.103s] Level 1:colcon.colcon_core.package_discovery:discover_packages(path) check parameters
[0.103s] Level 1:colcon.colcon_core.package_discovery:discover_packages(colcon_meta) discover
[0.103s] Level 1:colcon.colcon_core.package_discovery:discover_packages(recursive) discover
[0.103s] INFO:colcon.colcon_core.package_discovery:Crawling recursively for packages in '/home/g1/ff_ws'
[0.103s] Level 1:colcon.colcon_core.package_identification:_identify(.) by extensions ['ignore', 'ignore_ament_install']
[0.103s] Level 1:colcon.colcon_core.package_identification:_identify(.) by extension 'ignore'
[0.103s] Level 1:colcon.colcon_core.package_identification:_identify(.) by extension 'ignore_ament_install'
[0.103s] Level 1:colcon.colcon_core.package_identification:_identify(.) by extensions ['colcon_pkg']
[0.103s] Level 1:colcon.colcon_core.package_identification:_identify(.) by extension 'colcon_pkg'
[0.103s] Level 1:colcon.colcon_core.package_identification:_identify(.) by extensions ['colcon_meta']
[0.103s] Level 1:colcon.colcon_core.package_identification:_identify(.) by extension 'colcon_meta'
[0.103s] Level 1:colcon.colcon_core.package_identification:_identify(.) by extensions ['ros']
[0.103s] Level 1:colcon.colcon_core.package_identification:_identify(.) by extension 'ros'
[0.119s] Level 1:colcon.colcon_core.package_identification:_identify(.) by extensions ['cmake', 'python']
[0.120s] Level 1:colcon.colcon_core.package_identification:_identify(.) by extension 'cmake'
[0.120s] Level 1:colcon.colcon_core.package_identification:_identify(.) by extension 'python'
[0.120s] Level 1:colcon.colcon_core.package_identification:_identify(.) by extensions ['python_setup_py']
[0.120s] Level 1:colcon.colcon_core.package_identification:_identify(.) by extension 'python_setup_py'
[0.120s] Level 1:colcon.colcon_core.package_identification:_identify(build) by extensions ['ignore', 'ignore_ament_install']
[0.120s] Level 1:colcon.colcon_core.package_identification:_identify(build) by extension 'ignore'
[0.120s] Level 1:colcon.colcon_core.package_identification:_identify(build) ignored
[0.120s] Level 1:colcon.colcon_core.package_identification:_identify(install) by extensions ['ignore', 'ignore_ament_install']
[0.120s] Level 1:colcon.colcon_core.package_identification:_identify(install) by extension 'ignore'
[0.120s] Level 1:colcon.colcon_core.package_identification:_identify(install) ignored
[0.120s] Level 1:colcon.colcon_core.package_identification:_identify(log) by extensions ['ignore', 'ignore_ament_install']
[0.120s] Level 1:colcon.colcon_core.package_identification:_identify(log) by extension 'ignore'
[0.120s] Level 1:colcon.colcon_core.package_identification:_identify(log) ignored
[0.120s] Level 1:colcon.colcon_core.package_identification:_identify(runs) by extensions ['ignore', 'ignore_ament_install']
[0.120s] Level 1:colcon.colcon_core.package_identification:_identify(runs) by extension 'ignore'
[0.120s] Level 1:colcon.colcon_core.package_identification:_identify(runs) by extension 'ignore_ament_install'
[0.120s] Level 1:colcon.colcon_core.package_identification:_identify(runs) by extensions ['colcon_pkg']
[0.120s] Level 1:colcon.colcon_core.package_identification:_identify(runs) by extension 'colcon_pkg'
[0.120s] Level 1:colcon.colcon_core.package_identification:_identify(runs) by extensions ['colcon_meta']
[0.120s] Level 1:colcon.colcon_core.package_identification:_identify(runs) by extension 'colcon_meta'
[0.120s] Level 1:colcon.colcon_core.package_identification:_identify(runs) by extensions ['ros']
[0.120s] Level 1:colcon.colcon_core.package_identification:_identify(runs) by extension 'ros'
[0.120s] Level 1:colcon.colcon_core.package_identification:_identify(runs) by extensions ['cmake', 'python']
[0.120s] Level 1:colcon.colcon_core.package_identification:_identify(runs) by extension 'cmake'
[0.120s] Level 1:colcon.colcon_core.package_identification:_identify(runs) by extension 'python'
[0.120s] Level 1:colcon.colcon_core.package_identification:_identify(runs) by extensions ['python_setup_py']
[0.120s] Level 1:colcon.colcon_core.package_identification:_identify(runs) by extension 'python_setup_py'
[0.120s] Level 1:colcon.colcon_core.package_identification:_identify(runs/detect) by extensions ['ignore', 'ignore_ament_install']
[0.121s] Level 1:colcon.colcon_core.package_identification:_identify(runs/detect) by extension 'ignore'
[0.121s] Level 1:colcon.colcon_core.package_identification:_identify(runs/detect) by extension 'ignore_ament_install'
[0.121s] Level 1:colcon.colcon_core.package_identification:_identify(runs/detect) by extensions ['colcon_pkg']
[0.121s] Level 1:colcon.colcon_core.package_identification:_identify(runs/detect) by extension 'colcon_pkg'
[0.121s] Level 1:colcon.colcon_core.package_identification:_identify(runs/detect) by extensions ['colcon_meta']
[0.121s] Level 1:colcon.colcon_core.package_identification:_identify(runs/detect) by extension 'colcon_meta'
[0.121s] Level 1:colcon.colcon_core.package_identification:_identify(runs/detect) by extensions ['ros']
[0.121s] Level 1:colcon.colcon_core.package_identification:_identify(runs/detect) by extension 'ros'
[0.121s] Level 1:colcon.colcon_core.package_identification:_identify(runs/detect) by extensions ['cmake', 'python']
[0.121s] Level 1:colcon.colcon_core.package_identification:_identify(runs/detect) by extension 'cmake'
[0.121s] Level 1:colcon.colcon_core.package_identification:_identify(runs/detect) by extension 'python'
[0.121s] Level 1:colcon.colcon_core.package_identification:_identify(runs/detect) by extensions ['python_setup_py']
[0.121s] Level 1:colcon.colcon_core.package_identification:_identify(runs/detect) by extension 'python_setup_py'
[0.121s] Level 1:colcon.colcon_core.package_identification:_identify(runs/detect/train) by extensions ['ignore', 'ignore_ament_install']
[0.121s] Level 1:colcon.colcon_core.package_identification:_identify(runs/detect/train) by extension 'ignore'
[0.121s] Level 1:colcon.colcon_core.package_identification:_identify(runs/detect/train) by extension 'ignore_ament_install'
[0.121s] Level 1:colcon.colcon_core.package_identification:_identify(runs/detect/train) by extensions ['colcon_pkg']
[0.121s] Level 1:colcon.colcon_core.package_identification:_identify(runs/detect/train) by extension 'colcon_pkg'
[0.121s] Level 1:colcon.colcon_core.package_identification:_identify(runs/detect/train) by extensions ['colcon_meta']
[0.121s] Level 1:colcon.colcon_core.package_identification:_identify(runs/detect/train) by extension 'colcon_meta'
[0.121s] Level 1:colcon.colcon_core.package_identification:_identify(runs/detect/train) by extensions ['ros']
[0.121s] Level 1:colcon.colcon_core.package_identification:_identify(runs/detect/train) by extension 'ros'
[0.121s] Level 1:colcon.colcon_core.package_identification:_identify(runs/detect/train) by extensions ['cmake', 'python']
[0.121s] Level 1:colcon.colcon_core.package_identification:_identify(runs/detect/train) by extension 'cmake'
[0.121s] Level 1:colcon.colcon_core.package_identification:_identify(runs/detect/train) by extension 'python'
[0.121s] Level 1:colcon.colcon_core.package_identification:_identify(runs/detect/train) by extensions ['python_setup_py']
[0.121s] Level 1:colcon.colcon_core.package_identification:_identify(runs/detect/train) by extension 'python_setup_py'
[0.121s] Level 1:colcon.colcon_core.package_identification:_identify(runs/detect/train/weights) by extensions ['ignore', 'ignore_ament_install']
[0.121s] Level 1:colcon.colcon_core.package_identification:_identify(runs/detect/train/weights) by extension 'ignore'
[0.121s] Level 1:colcon.colcon_core.package_identification:_identify(runs/detect/train/weights) by extension 'ignore_ament_install'
[0.121s] Level 1:colcon.colcon_core.package_identification:_identify(runs/detect/train/weights) by extensions ['colcon_pkg']
[0.121s] Level 1:colcon.colcon_core.package_identification:_identify(runs/detect/train/weights) by extension 'colcon_pkg'
[0.121s] Level 1:colcon.colcon_core.package_identification:_identify(runs/detect/train/weights) by extensions ['colcon_meta']
[0.121s] Level 1:colcon.colcon_core.package_identification:_identify(runs/detect/train/weights) by extension 'colcon_meta'
[0.121s] Level 1:colcon.colcon_core.package_identification:_identify(runs/detect/train/weights) by extensions ['ros']
[0.121s] Level 1:colcon.colcon_core.package_identification:_identify(runs/detect/train/weights) by extension 'ros'
[0.121s] Level 1:colcon.colcon_core.package_identification:_identify(runs/detect/train/weights) by extensions ['cmake', 'python']
[0.121s] Level 1:colcon.colcon_core.package_identification:_identify(runs/detect/train/weights) by extension 'cmake'
[0.121s] Level 1:colcon.colcon_core.package_identification:_identify(runs/detect/train/weights) by extension 'python'
[0.121s] Level 1:colcon.colcon_core.package_identification:_identify(runs/detect/train/weights) by extensions ['python_setup_py']
[0.121s] Level 1:colcon.colcon_core.package_identification:_identify(runs/detect/train/weights) by extension 'python_setup_py'
[0.121s] Level 1:colcon.colcon_core.package_identification:_identify(src) by extensions ['ignore', 'ignore_ament_install']
[0.121s] Level 1:colcon.colcon_core.package_identification:_identify(src) by extension 'ignore'
[0.121s] Level 1:colcon.colcon_core.package_identification:_identify(src) by extension 'ignore_ament_install'
[0.121s] Level 1:colcon.colcon_core.package_identification:_identify(src) by extensions ['colcon_pkg']
[0.121s] Level 1:colcon.colcon_core.package_identification:_identify(src) by extension 'colcon_pkg'
[0.121s] Level 1:colcon.colcon_core.package_identification:_identify(src) by extensions ['colcon_meta']
[0.121s] Level 1:colcon.colcon_core.package_identification:_identify(src) by extension 'colcon_meta'
[0.121s] Level 1:colcon.colcon_core.package_identification:_identify(src) by extensions ['ros']
[0.121s] Level 1:colcon.colcon_core.package_identification:_identify(src) by extension 'ros'
[0.121s] Level 1:colcon.colcon_core.package_identification:_identify(src) by extensions ['cmake', 'python']
[0.121s] Level 1:colcon.colcon_core.package_identification:_identify(src) by extension 'cmake'
[0.121s] Level 1:colcon.colcon_core.package_identification:_identify(src) by extension 'python'
[0.122s] Level 1:colcon.colcon_core.package_identification:_identify(src) by extensions ['python_setup_py']
[0.122s] Level 1:colcon.colcon_core.package_identification:_identify(src) by extension 'python_setup_py'
[0.122s] Level 1:colcon.colcon_core.package_identification:_identify(src/conveyor_belt) by extensions ['ignore', 'ignore_ament_install']
[0.122s] Level 1:colcon.colcon_core.package_identification:_identify(src/conveyor_belt) by extension 'ignore'
[0.122s] Level 1:colcon.colcon_core.package_identification:_identify(src/conveyor_belt) by extension 'ignore_ament_install'
[0.122s] Level 1:colcon.colcon_core.package_identification:_identify(src/conveyor_belt) by extensions ['colcon_pkg']
[0.122s] Level 1:colcon.colcon_core.package_identification:_identify(src/conveyor_belt) by extension 'colcon_pkg'
[0.122s] Level 1:colcon.colcon_core.package_identification:_identify(src/conveyor_belt) by extensions ['colcon_meta']
[0.122s] Level 1:colcon.colcon_core.package_identification:_identify(src/conveyor_belt) by extension 'colcon_meta'
[0.122s] Level 1:colcon.colcon_core.package_identification:_identify(src/conveyor_belt) by extensions ['ros']
[0.122s] Level 1:colcon.colcon_core.package_identification:_identify(src/conveyor_belt) by extension 'ros'
[0.124s] DEBUG:colcon.colcon_core.package_identification:Package 'src/conveyor_belt' with type 'ros.ament_python' and name 'conveyor_belt'
[0.124s] Level 1:colcon.colcon_core.package_identification:_identify(src/moveit) by extensions ['ignore', 'ignore_ament_install']
[0.124s] Level 1:colcon.colcon_core.package_identification:_identify(src/moveit) by extension 'ignore'
[0.124s] Level 1:colcon.colcon_core.package_identification:_identify(src/moveit) by extension 'ignore_ament_install'
[0.124s] Level 1:colcon.colcon_core.package_identification:_identify(src/moveit) by extensions ['colcon_pkg']
[0.124s] Level 1:colcon.colcon_core.package_identification:_identify(src/moveit) by extension 'colcon_pkg'
[0.124s] Level 1:colcon.colcon_core.package_identification:_identify(src/moveit) by extensions ['colcon_meta']
[0.124s] Level 1:colcon.colcon_core.package_identification:_identify(src/moveit) by extension 'colcon_meta'
[0.124s] Level 1:colcon.colcon_core.package_identification:_identify(src/moveit) by extensions ['ros']
[0.124s] Level 1:colcon.colcon_core.package_identification:_identify(src/moveit) by extension 'ros'
[0.125s] DEBUG:colcon.colcon_core.package_identification:Package 'src/moveit' with type 'ros.ament_python' and name 'moveit'
[0.125s] Level 1:colcon.colcon_core.package_identification:_identify(src/moveit_interfaces) by extensions ['ignore', 'ignore_ament_install']
[0.125s] Level 1:colcon.colcon_core.package_identification:_identify(src/moveit_interfaces) by extension 'ignore'
[0.125s] Level 1:colcon.colcon_core.package_identification:_identify(src/moveit_interfaces) by extension 'ignore_ament_install'
[0.125s] Level 1:colcon.colcon_core.package_identification:_identify(src/moveit_interfaces) by extensions ['colcon_pkg']
[0.125s] Level 1:colcon.colcon_core.package_identification:_identify(src/moveit_interfaces) by extension 'colcon_pkg'
[0.125s] Level 1:colcon.colcon_core.package_identification:_identify(src/moveit_interfaces) by extensions ['colcon_meta']
[0.125s] Level 1:colcon.colcon_core.package_identification:_identify(src/moveit_interfaces) by extension 'colcon_meta'
[0.125s] Level 1:colcon.colcon_core.package_identification:_identify(src/moveit_interfaces) by extensions ['ros']
[0.125s] Level 1:colcon.colcon_core.package_identification:_identify(src/moveit_interfaces) by extension 'ros'
[0.125s] DEBUG:colcon.colcon_core.package_identification:Package 'src/moveit_interfaces' with type 'ros.ament_cmake' and name 'moveit_interfaces'
[0.125s] Level 1:colcon.colcon_core.package_discovery:discover_packages(recursive) using defaults
[0.125s] Level 1:colcon.colcon_core.package_discovery:discover_packages(ignore) discover
[0.125s] Level 1:colcon.colcon_core.package_discovery:discover_packages(ignore) using defaults
[0.125s] Level 1:colcon.colcon_core.package_discovery:discover_packages(path) discover
[0.125s] Level 1:colcon.colcon_core.package_discovery:discover_packages(path) using defaults
[0.135s] Level 1:colcon.colcon_core.package_discovery:discover_packages(prefix_path) check parameters
[0.135s] Level 1:colcon.colcon_core.package_discovery:discover_packages(prefix_path) discover
[0.136s] DEBUG:colcon.colcon_installed_package_information.package_discovery:Found 3 installed packages in /home/g1/ff_ws/install
[0.137s] DEBUG:colcon.colcon_installed_package_information.package_discovery:Found 310 installed packages in /opt/ros/humble
[0.138s] Level 1:colcon.colcon_core.package_discovery:discover_packages(prefix_path) using defaults
[0.165s] Level 5:colcon.colcon_core.verb:set package 'conveyor_belt' build argument 'cmake_args' from command line to 'None'
[0.165s] Level 5:colcon.colcon_core.verb:set package 'conveyor_belt' build argument 'cmake_target' from command line to 'None'
[0.165s] Level 5:colcon.colcon_core.verb:set package 'conveyor_belt' build argument 'cmake_target_skip_unavailable' from command line to 'False'
[0.165s] Level 5:colcon.colcon_core.verb:set package 'conveyor_belt' build argument 'cmake_clean_cache' from command line to 'False'
[0.165s] Level 5:colcon.colcon_core.verb:set package 'conveyor_belt' build argument 'cmake_clean_first' from command line to 'False'
[0.165s] Level 5:colcon.colcon_core.verb:set package 'conveyor_belt' build argument 'cmake_force_configure' from command line to 'False'
[0.165s] Level 5:colcon.colcon_core.verb:set package 'conveyor_belt' build argument 'ament_cmake_args' from command line to 'None'
[0.165s] Level 5:colcon.colcon_core.verb:set package 'conveyor_belt' build argument 'catkin_cmake_args' from command line to 'None'
[0.165s] Level 5:colcon.colcon_core.verb:set package 'conveyor_belt' build argument 'catkin_skip_building_tests' from command line to 'False'
[0.165s] DEBUG:colcon.colcon_core.verb:Building package 'conveyor_belt' with the following arguments: {'ament_cmake_args': None, 'build_base': '/home/g1/ff_ws/build/conveyor_belt', 'catkin_cmake_args': None, 'catkin_skip_building_tests': False, 'cmake_args': None, 'cmake_clean_cache': False, 'cmake_clean_first': False, 'cmake_force_configure': False, 'cmake_target': None, 'cmake_target_skip_unavailable': False, 'install_base': '/home/g1/ff_ws/install/conveyor_belt', 'merge_install': False, 'path': '/home/g1/ff_ws/src/conveyor_belt', 'symlink_install': True, 'test_result_base': None}
[0.165s] Level 5:colcon.colcon_core.verb:set package 'moveit' build argument 'cmake_args' from command line to 'None'
[0.165s] Level 5:colcon.colcon_core.verb:set package 'moveit' build argument 'cmake_target' from command line to 'None'
[0.165s] Level 5:colcon.colcon_core.verb:set package 'moveit' build argument 'cmake_target_skip_unavailable' from command line to 'False'
[0.165s] Level 5:colcon.colcon_core.verb:set package 'moveit' build argument 'cmake_clean_cache' from command line to 'False'
[0.165s] Level 5:colcon.colcon_core.verb:set package 'moveit' build argument 'cmake_clean_first' from command line to 'False'
[0.165s] Level 5:colcon.colcon_core.verb:set package 'moveit' build argument 'cmake_force_configure' from command line to 'False'
[0.165s] Level 5:colcon.colcon_core.verb:set package 'moveit' build argument 'ament_cmake_args' from command line to 'None'
[0.165s] Level 5:colcon.colcon_core.verb:set package 'moveit' build argument 'catkin_cmake_args' from command line to 'None'
[0.165s] Level 5:colcon.colcon_core.verb:set package 'moveit' build argument 'catkin_skip_building_tests' from command line to 'False'
[0.165s] DEBUG:colcon.colcon_core.verb:Building package 'moveit' with the following arguments: {'ament_cmake_args': None, 'build_base': '/home/g1/ff_ws/build/moveit', 'catkin_cmake_args': None, 'catkin_skip_building_tests': False, 'cmake_args': None, 'cmake_clean_cache': False, 'cmake_clean_first': False, 'cmake_force_configure': False, 'cmake_target': None, 'cmake_target_skip_unavailable': False, 'install_base': '/home/g1/ff_ws/install/moveit', 'merge_install': False, 'path': '/home/g1/ff_ws/src/moveit', 'symlink_install': True, 'test_result_base': None}
[0.165s] Level 5:colcon.colcon_core.verb:set package 'moveit_interfaces' build argument 'cmake_args' from command line to 'None'
[0.165s] Level 5:colcon.colcon_core.verb:set package 'moveit_interfaces' build argument 'cmake_target' from command line to 'None'
[0.165s] Level 5:colcon.colcon_core.verb:set package 'moveit_interfaces' build argument 'cmake_target_skip_unavailable' from command line to 'False'
[0.165s] Level 5:colcon.colcon_core.verb:set package 'moveit_interfaces' build argument 'cmake_clean_cache' from command line to 'False'
[0.165s] Level 5:colcon.colcon_core.verb:set package 'moveit_interfaces' build argument 'cmake_clean_first' from command line to 'False'
[0.165s] Level 5:colcon.colcon_core.verb:set package 'moveit_interfaces' build argument 'cmake_force_configure' from command line to 'False'
[0.165s] Level 5:colcon.colcon_core.verb:set package 'moveit_interfaces' build argument 'ament_cmake_args' from command line to 'None'
[0.165s] Level 5:colcon.colcon_core.verb:set package 'moveit_interfaces' build argument 'catkin_cmake_args' from command line to 'None'
[0.165s] Level 5:colcon.colcon_core.verb:set package 'moveit_interfaces' build argument 'catkin_skip_building_tests' from command line to 'False'
[0.165s] DEBUG:colcon.colcon_core.verb:Building package 'moveit_interfaces' with the following arguments: {'ament_cmake_args': None, 'build_base': '/home/g1/ff_ws/build/moveit_interfaces', 'catkin_cmake_args': None, 'catkin_skip_building_tests': False, 'cmake_args': None, 'cmake_clean_cache': False, 'cmake_clean_first': False, 'cmake_force_configure': False, 'cmake_target': None, 'cmake_target_skip_unavailable': False, 'install_base': '/home/g1/ff_ws/install/moveit_interfaces', 'merge_install': False, 'path': '/home/g1/ff_ws/src/moveit_interfaces', 'symlink_install': True, 'test_result_base': None}
[0.165s] INFO:colcon.colcon_core.executor:Executing jobs using 'parallel' executor
[0.166s] DEBUG:colcon.colcon_parallel_executor.executor.parallel:run_until_complete
[0.166s] INFO:colcon.colcon_ros.task.ament_python.build:Building ROS package in '/home/g1/ff_ws/src/conveyor_belt' with build type 'ament_python'
[0.166s] Level 1:colcon.colcon_core.shell:create_environment_hook('conveyor_belt', 'ament_prefix_path')
[0.168s] INFO:colcon.colcon_core.plugin_system:Skipping extension 'colcon_core.shell.bat': Not used on non-Windows systems
[0.168s] INFO:colcon.colcon_core.shell:Creating environment hook '/home/g1/ff_ws/install/conveyor_belt/share/conveyor_belt/hook/ament_prefix_path.ps1'
[0.168s] INFO:colcon.colcon_core.shell:Creating environment descriptor '/home/g1/ff_ws/install/conveyor_belt/share/conveyor_belt/hook/ament_prefix_path.dsv'
[0.168s] INFO:colcon.colcon_core.shell:Creating environment hook '/home/g1/ff_ws/install/conveyor_belt/share/conveyor_belt/hook/ament_prefix_path.sh'
[0.169s] INFO:colcon.colcon_core.shell:Skip shell extension 'powershell' for command environment: Not usable outside of PowerShell
[0.169s] DEBUG:colcon.colcon_core.shell:Skip shell extension 'dsv' for command environment
[0.171s] INFO:colcon.colcon_ros.task.ament_python.build:Building ROS package in '/home/g1/ff_ws/src/moveit' with build type 'ament_python'
[0.171s] Level 1:colcon.colcon_core.shell:create_environment_hook('moveit', 'ament_prefix_path')
[0.171s] INFO:colcon.colcon_core.shell:Creating environment hook '/home/g1/ff_ws/install/moveit/share/moveit/hook/ament_prefix_path.ps1'
[0.171s] INFO:colcon.colcon_core.shell:Creating environment descriptor '/home/g1/ff_ws/install/moveit/share/moveit/hook/ament_prefix_path.dsv'
[0.172s] INFO:colcon.colcon_core.shell:Creating environment hook '/home/g1/ff_ws/install/moveit/share/moveit/hook/ament_prefix_path.sh'
[0.172s] INFO:colcon.colcon_core.shell:Skip shell extension 'powershell' for command environment: Not usable outside of PowerShell
[0.172s] DEBUG:colcon.colcon_core.shell:Skip shell extension 'dsv' for command environment
[0.174s] INFO:colcon.colcon_ros.task.ament_cmake.build:Building ROS package in '/home/g1/ff_ws/src/moveit_interfaces' with build type 'ament_cmake'
[0.174s] INFO:colcon.colcon_cmake.task.cmake.build:Building CMake package in '/home/g1/ff_ws/src/moveit_interfaces'
[0.174s] INFO:colcon.colcon_core.shell:Skip shell extension 'powershell' for command environment: Not usable outside of PowerShell
[0.174s] DEBUG:colcon.colcon_core.shell:Skip shell extension 'dsv' for command environment
[0.300s] INFO:colcon.colcon_core.task.python.build:Building Python package in '/home/g1/ff_ws/src/conveyor_belt'
[0.301s] INFO:colcon.colcon_core.shell:Skip shell extension 'powershell' for command environment: Not usable outside of PowerShell
[0.301s] DEBUG:colcon.colcon_core.shell:Skip shell extension 'dsv' for command environment
[0.429s] INFO:colcon.colcon_core.task.python.build:Building Python package in '/home/g1/ff_ws/src/moveit'
[0.430s] INFO:colcon.colcon_core.shell:Skip shell extension 'powershell' for command environment: Not usable outside of PowerShell
[0.430s] DEBUG:colcon.colcon_core.shell:Skip shell extension 'dsv' for command environment
[0.438s] DEBUG:colcon.colcon_core.event_handler.log_command:Invoking command in '/home/g1/ff_ws/build/moveit_interfaces': CMAKE_PREFIX_PATH=${CMAKE_PREFIX_PATH}:/home/g1/ff_ws/install/moveit:/home/g1/ff_ws/install/conveyor_belt:/opt/ros/humble /usr/bin/cmake --build /home/g1/ff_ws/build/moveit_interfaces -- -j16 -l16
[0.790s] DEBUG:colcon.colcon_core.event_handler.log_command:Invoking command in '/home/g1/ff_ws/build/conveyor_belt': PYTHONPATH=/home/g1/ff_ws/build/conveyor_belt/prefix_override:/usr/lib/python3/dist-packages/colcon_core/task/python/colcon_distutils_commands:/home/g1/ff_ws/install/conveyor_belt/lib/python3.10/site-packages:${PYTHONPATH} /usr/bin/python3 -W ignore:setup.py install is deprecated -W ignore:easy_install command is deprecated setup.py develop --editable --build-directory /home/g1/ff_ws/build/conveyor_belt/build --no-deps symlink_data
[0.792s] DEBUG:colcon.colcon_core.event_handler.log_command:Invoking command in '/home/g1/ff_ws/build/moveit': PYTHONPATH=/home/g1/ff_ws/build/moveit/prefix_override:/usr/lib/python3/dist-packages/colcon_core/task/python/colcon_distutils_commands:/home/g1/ff_ws/install/moveit/lib/python3.10/site-packages:${PYTHONPATH} /usr/bin/python3 -W ignore:setup.py install is deprecated -W ignore:easy_install command is deprecated setup.py develop --editable --build-directory /home/g1/ff_ws/build/moveit/build --no-deps symlink_data
[1.239s] Level 1:colcon.colcon_core.shell:create_environment_hook('conveyor_belt', 'pythonpath_develop')
[1.239s] INFO:colcon.colcon_core.shell:Creating environment hook '/home/g1/ff_ws/build/conveyor_belt/share/conveyor_belt/hook/pythonpath_develop.ps1'
[1.240s] DEBUG:colcon.colcon_core.event_handler.log_command:Invoked command in '/home/g1/ff_ws/build/conveyor_belt' returned '0': PYTHONPATH=/home/g1/ff_ws/build/conveyor_belt/prefix_override:/usr/lib/python3/dist-packages/colcon_core/task/python/colcon_distutils_commands:/home/g1/ff_ws/install/conveyor_belt/lib/python3.10/site-packages:${PYTHONPATH} /usr/bin/python3 -W ignore:setup.py install is deprecated -W ignore:easy_install command is deprecated setup.py develop --editable --build-directory /home/g1/ff_ws/build/conveyor_belt/build --no-deps symlink_data
[1.240s] INFO:colcon.colcon_core.shell:Creating environment descriptor '/home/g1/ff_ws/build/conveyor_belt/share/conveyor_belt/hook/pythonpath_develop.dsv'
[1.240s] INFO:colcon.colcon_core.shell:Creating environment hook '/home/g1/ff_ws/build/conveyor_belt/share/conveyor_belt/hook/pythonpath_develop.sh'
[1.242s] Level 1:colcon.colcon_core.environment:checking '/home/g1/ff_ws/install/conveyor_belt' for CMake module files
[1.242s] Level 1:colcon.colcon_core.environment:checking '/home/g1/ff_ws/install/conveyor_belt' for CMake config files
[1.243s] Level 1:colcon.colcon_core.environment:checking '/home/g1/ff_ws/install/conveyor_belt/lib'
[1.243s] Level 1:colcon.colcon_core.environment:checking '/home/g1/ff_ws/install/conveyor_belt/bin'
[1.243s] Level 1:colcon.colcon_core.environment:checking '/home/g1/ff_ws/install/conveyor_belt/lib/pkgconfig/conveyor_belt.pc'
[1.243s] Level 1:colcon.colcon_core.environment:checking '/home/g1/ff_ws/install/conveyor_belt/lib/python3.10/site-packages'
[1.243s] Level 1:colcon.colcon_core.shell:create_environment_hook('conveyor_belt', 'pythonpath')
[1.243s] INFO:colcon.colcon_core.shell:Creating environment hook '/home/g1/ff_ws/install/conveyor_belt/share/conveyor_belt/hook/pythonpath.ps1'
[1.244s] INFO:colcon.colcon_core.shell:Creating environment descriptor '/home/g1/ff_ws/install/conveyor_belt/share/conveyor_belt/hook/pythonpath.dsv'
[1.244s] INFO:colcon.colcon_core.shell:Creating environment hook '/home/g1/ff_ws/install/conveyor_belt/share/conveyor_belt/hook/pythonpath.sh'
[1.244s] Level 1:colcon.colcon_core.environment:checking '/home/g1/ff_ws/install/conveyor_belt/bin'
[1.244s] Level 1:colcon.colcon_core.environment:create_environment_scripts_only(conveyor_belt)
[1.245s] INFO:colcon.colcon_core.shell:Creating package script '/home/g1/ff_ws/install/conveyor_belt/share/conveyor_belt/package.ps1'
[1.245s] INFO:colcon.colcon_core.shell:Creating package descriptor '/home/g1/ff_ws/install/conveyor_belt/share/conveyor_belt/package.dsv'
[1.245s] INFO:colcon.colcon_core.shell:Creating package script '/home/g1/ff_ws/install/conveyor_belt/share/conveyor_belt/package.sh'
[1.246s] INFO:colcon.colcon_core.shell:Creating package script '/home/g1/ff_ws/install/conveyor_belt/share/conveyor_belt/package.bash'
[1.246s] INFO:colcon.colcon_core.shell:Creating package script '/home/g1/ff_ws/install/conveyor_belt/share/conveyor_belt/package.zsh'
[1.246s] Level 1:colcon.colcon_core.environment:create_file_with_runtime_dependencies(/home/g1/ff_ws/install/conveyor_belt/share/colcon-core/packages/conveyor_belt)
[1.247s] Level 1:colcon.colcon_core.shell:create_environment_hook('moveit', 'pythonpath_develop')
[1.247s] INFO:colcon.colcon_core.shell:Creating environment hook '/home/g1/ff_ws/build/moveit/share/moveit/hook/pythonpath_develop.ps1'
[1.248s] INFO:colcon.colcon_core.shell:Creating environment descriptor '/home/g1/ff_ws/build/moveit/share/moveit/hook/pythonpath_develop.dsv'
[1.248s] INFO:colcon.colcon_core.shell:Creating environment hook '/home/g1/ff_ws/build/moveit/share/moveit/hook/pythonpath_develop.sh'
[1.248s] DEBUG:colcon.colcon_core.event_handler.log_command:Invoked command in '/home/g1/ff_ws/build/moveit' returned '0': PYTHONPATH=/home/g1/ff_ws/build/moveit/prefix_override:/usr/lib/python3/dist-packages/colcon_core/task/python/colcon_distutils_commands:/home/g1/ff_ws/install/moveit/lib/python3.10/site-packages:${PYTHONPATH} /usr/bin/python3 -W ignore:setup.py install is deprecated -W ignore:easy_install command is deprecated setup.py develop --editable --build-directory /home/g1/ff_ws/build/moveit/build --no-deps symlink_data
[1.249s] Level 1:colcon.colcon_core.environment:checking '/home/g1/ff_ws/install/moveit' for CMake module files
[1.249s] Level 1:colcon.colcon_core.environment:checking '/home/g1/ff_ws/install/moveit' for CMake config files
[1.249s] Level 1:colcon.colcon_core.environment:checking '/home/g1/ff_ws/install/moveit/lib'
[1.249s] Level 1:colcon.colcon_core.environment:checking '/home/g1/ff_ws/install/moveit/bin'
[1.249s] Level 1:colcon.colcon_core.environment:checking '/home/g1/ff_ws/install/moveit/lib/pkgconfig/moveit.pc'
[1.249s] Level 1:colcon.colcon_core.environment:checking '/home/g1/ff_ws/install/moveit/lib/python3.10/site-packages'
[1.249s] Level 1:colcon.colcon_core.shell:create_environment_hook('moveit', 'pythonpath')
[1.249s] INFO:colcon.colcon_core.shell:Creating environment hook '/home/g1/ff_ws/install/moveit/share/moveit/hook/pythonpath.ps1'
[1.250s] INFO:colcon.colcon_core.shell:Creating environment descriptor '/home/g1/ff_ws/install/moveit/share/moveit/hook/pythonpath.dsv'
[1.250s] INFO:colcon.colcon_core.shell:Creating environment hook '/home/g1/ff_ws/install/moveit/share/moveit/hook/pythonpath.sh'
[1.250s] Level 1:colcon.colcon_core.environment:checking '/home/g1/ff_ws/install/moveit/bin'
[1.250s] Level 1:colcon.colcon_core.environment:create_environment_scripts_only(moveit)
[1.250s] INFO:colcon.colcon_core.shell:Creating package script '/home/g1/ff_ws/install/moveit/share/moveit/package.ps1'
[1.251s] INFO:colcon.colcon_core.shell:Creating package descriptor '/home/g1/ff_ws/install/moveit/share/moveit/package.dsv'
[1.251s] INFO:colcon.colcon_core.shell:Creating package script '/home/g1/ff_ws/install/moveit/share/moveit/package.sh'
[1.251s] INFO:colcon.colcon_core.shell:Creating package script '/home/g1/ff_ws/install/moveit/share/moveit/package.bash'
[1.251s] INFO:colcon.colcon_core.shell:Creating package script '/home/g1/ff_ws/install/moveit/share/moveit/package.zsh'
[1.251s] Level 1:colcon.colcon_core.environment:create_file_with_runtime_dependencies(/home/g1/ff_ws/install/moveit/share/colcon-core/packages/moveit)
[3.687s] DEBUG:colcon.colcon_core.event_handler.log_command:Invoked command in '/home/g1/ff_ws/build/moveit_interfaces' returned '0': CMAKE_PREFIX_PATH=${CMAKE_PREFIX_PATH}:/home/g1/ff_ws/install/moveit:/home/g1/ff_ws/install/conveyor_belt:/opt/ros/humble /usr/bin/cmake --build /home/g1/ff_ws/build/moveit_interfaces -- -j16 -l16
[3.695s] DEBUG:colcon.colcon_core.event_handler.log_command:Invoking command in '/home/g1/ff_ws/build/moveit_interfaces': CMAKE_PREFIX_PATH=${CMAKE_PREFIX_PATH}:/home/g1/ff_ws/install/moveit:/home/g1/ff_ws/install/conveyor_belt:/opt/ros/humble /usr/bin/cmake --install /home/g1/ff_ws/build/moveit_interfaces
[3.763s] Level 1:colcon.colcon_core.environment:create_environment_scripts_only(moveit_interfaces)
[3.764s] Level 1:colcon.colcon_core.environment:checking '/home/g1/ff_ws/install/moveit_interfaces' for CMake module files
[3.764s] DEBUG:colcon.colcon_core.event_handler.log_command:Invoked command in '/home/g1/ff_ws/build/moveit_interfaces' returned '0': CMAKE_PREFIX_PATH=${CMAKE_PREFIX_PATH}:/home/g1/ff_ws/install/moveit:/home/g1/ff_ws/install/conveyor_belt:/opt/ros/humble /usr/bin/cmake --install /home/g1/ff_ws/build/moveit_interfaces
[3.765s] Level 1:colcon.colcon_core.environment:checking '/home/g1/ff_ws/install/moveit_interfaces' for CMake config files
[3.765s] Level 1:colcon.colcon_core.shell:create_environment_hook('moveit_interfaces', 'cmake_prefix_path')
[3.765s] INFO:colcon.colcon_core.shell:Creating environment hook '/home/g1/ff_ws/install/moveit_interfaces/share/moveit_interfaces/hook/cmake_prefix_path.ps1'
[3.766s] INFO:colcon.colcon_core.shell:Creating environment descriptor '/home/g1/ff_ws/install/moveit_interfaces/share/moveit_interfaces/hook/cmake_prefix_path.dsv'
[3.766s] INFO:colcon.colcon_core.shell:Creating environment hook '/home/g1/ff_ws/install/moveit_interfaces/share/moveit_interfaces/hook/cmake_prefix_path.sh'
[3.767s] Level 1:colcon.colcon_core.environment:checking '/home/g1/ff_ws/install/moveit_interfaces/lib'
[3.767s] Level 1:colcon.colcon_core.shell:create_environment_hook('moveit_interfaces', 'ld_library_path_lib')
[3.768s] INFO:colcon.colcon_core.shell:Creating environment hook '/home/g1/ff_ws/install/moveit_interfaces/share/moveit_interfaces/hook/ld_library_path_lib.ps1'
[3.768s] INFO:colcon.colcon_core.shell:Creating environment descriptor '/home/g1/ff_ws/install/moveit_interfaces/share/moveit_interfaces/hook/ld_library_path_lib.dsv'
[3.769s] INFO:colcon.colcon_core.shell:Creating environment hook '/home/g1/ff_ws/install/moveit_interfaces/share/moveit_interfaces/hook/ld_library_path_lib.sh'
[3.769s] Level 1:colcon.colcon_core.environment:checking '/home/g1/ff_ws/install/moveit_interfaces/bin'
[3.769s] Level 1:colcon.colcon_core.environment:checking '/home/g1/ff_ws/install/moveit_interfaces/lib/pkgconfig/moveit_interfaces.pc'
[3.770s] Level 1:colcon.colcon_core.environment:checking '/home/g1/ff_ws/install/moveit_interfaces/lib/python3.10/site-packages'
[3.770s] Level 1:colcon.colcon_core.environment:checking '/home/g1/ff_ws/install/moveit_interfaces/bin'
[3.771s] INFO:colcon.colcon_core.shell:Creating package script '/home/g1/ff_ws/install/moveit_interfaces/share/moveit_interfaces/package.ps1'
[3.771s] INFO:colcon.colcon_core.shell:Creating package descriptor '/home/g1/ff_ws/install/moveit_interfaces/share/moveit_interfaces/package.dsv'
[3.772s] INFO:colcon.colcon_core.shell:Creating package script '/home/g1/ff_ws/install/moveit_interfaces/share/moveit_interfaces/package.sh'
[3.772s] INFO:colcon.colcon_core.shell:Creating package script '/home/g1/ff_ws/install/moveit_interfaces/share/moveit_interfaces/package.bash'
[3.773s] INFO:colcon.colcon_core.shell:Creating package script '/home/g1/ff_ws/install/moveit_interfaces/share/moveit_interfaces/package.zsh'
[3.773s] Level 1:colcon.colcon_core.environment:create_file_with_runtime_dependencies(/home/g1/ff_ws/install/moveit_interfaces/share/colcon-core/packages/moveit_interfaces)
[3.774s] Level 1:colcon.colcon_core.environment:create_environment_scripts_only(moveit_interfaces)
[3.775s] Level 1:colcon.colcon_core.environment:checking '/home/g1/ff_ws/install/moveit_interfaces' for CMake module files
[3.776s] Level 1:colcon.colcon_core.environment:checking '/home/g1/ff_ws/install/moveit_interfaces' for CMake config files
[3.777s] Level 1:colcon.colcon_core.shell:create_environment_hook('moveit_interfaces', 'cmake_prefix_path')
[3.777s] INFO:colcon.colcon_core.shell:Creating environment hook '/home/g1/ff_ws/install/moveit_interfaces/share/moveit_interfaces/hook/cmake_prefix_path.ps1'
[3.777s] INFO:colcon.colcon_core.shell:Creating environment descriptor '/home/g1/ff_ws/install/moveit_interfaces/share/moveit_interfaces/hook/cmake_prefix_path.dsv'
[3.778s] INFO:colcon.colcon_core.shell:Creating environment hook '/home/g1/ff_ws/install/moveit_interfaces/share/moveit_interfaces/hook/cmake_prefix_path.sh'
[3.779s] Level 1:colcon.colcon_core.environment:checking '/home/g1/ff_ws/install/moveit_interfaces/lib'
[3.779s] Level 1:colcon.colcon_core.shell:create_environment_hook('moveit_interfaces', 'ld_library_path_lib')
[3.779s] INFO:colcon.colcon_core.shell:Creating environment hook '/home/g1/ff_ws/install/moveit_interfaces/share/moveit_interfaces/hook/ld_library_path_lib.ps1'
[3.780s] INFO:colcon.colcon_core.shell:Creating environment descriptor '/home/g1/ff_ws/install/moveit_interfaces/share/moveit_interfaces/hook/ld_library_path_lib.dsv'
[3.780s] INFO:colcon.colcon_core.shell:Creating environment hook '/home/g1/ff_ws/install/moveit_interfaces/share/moveit_interfaces/hook/ld_library_path_lib.sh'
[3.781s] Level 1:colcon.colcon_core.environment:checking '/home/g1/ff_ws/install/moveit_interfaces/bin'
[3.781s] Level 1:colcon.colcon_core.environment:checking '/home/g1/ff_ws/install/moveit_interfaces/lib/pkgconfig/moveit_interfaces.pc'
[3.781s] Level 1:colcon.colcon_core.environment:checking '/home/g1/ff_ws/install/moveit_interfaces/lib/python3.10/site-packages'
[3.781s] Level 1:colcon.colcon_core.environment:checking '/home/g1/ff_ws/install/moveit_interfaces/bin'
[3.782s] INFO:colcon.colcon_core.shell:Creating package script '/home/g1/ff_ws/install/moveit_interfaces/share/moveit_interfaces/package.ps1'
[3.783s] INFO:colcon.colcon_core.shell:Creating package descriptor '/home/g1/ff_ws/install/moveit_interfaces/share/moveit_interfaces/package.dsv'
[3.783s] INFO:colcon.colcon_core.shell:Creating package script '/home/g1/ff_ws/install/moveit_interfaces/share/moveit_interfaces/package.sh'
[3.784s] INFO:colcon.colcon_core.shell:Creating package script '/home/g1/ff_ws/install/moveit_interfaces/share/moveit_interfaces/package.bash'
[3.784s] INFO:colcon.colcon_core.shell:Creating package script '/home/g1/ff_ws/install/moveit_interfaces/share/moveit_interfaces/package.zsh'
[3.785s] Level 1:colcon.colcon_core.environment:create_file_with_runtime_dependencies(/home/g1/ff_ws/install/moveit_interfaces/share/colcon-core/packages/moveit_interfaces)
[3.785s] DEBUG:colcon.colcon_parallel_executor.executor.parallel:closing loop
[3.786s] DEBUG:colcon.colcon_parallel_executor.executor.parallel:loop closed
[3.786s] DEBUG:colcon.colcon_parallel_executor.executor.parallel:run_until_complete finished with '0'
[3.786s] DEBUG:colcon.colcon_core.event_reactor:joining thread
[3.794s] INFO:colcon.colcon_core.plugin_system:Skipping extension 'colcon_notification.desktop_notification.terminal_notifier': Not used on non-Darwin systems
[3.794s] INFO:colcon.colcon_core.plugin_system:Skipping extension 'colcon_notification.desktop_notification.win32': Not used on non-Windows systems
[3.794s] INFO:colcon.colcon_notification.desktop_notification:Sending desktop notification using 'notify2'
[3.811s] DEBUG:colcon.colcon_core.event_reactor:joined thread
[3.812s] INFO:colcon.colcon_core.shell:Creating prefix script '/home/g1/ff_ws/install/local_setup.ps1'
[3.813s] INFO:colcon.colcon_core.shell:Creating prefix util module '/home/g1/ff_ws/install/_local_setup_util_ps1.py'
[3.815s] INFO:colcon.colcon_core.shell:Creating prefix chain script '/home/g1/ff_ws/install/setup.ps1'
[3.817s] INFO:colcon.colcon_core.shell:Creating prefix script '/home/g1/ff_ws/install/local_setup.sh'
[3.818s] INFO:colcon.colcon_core.shell:Creating prefix util module '/home/g1/ff_ws/install/_local_setup_util_sh.py'
[3.819s] INFO:colcon.colcon_core.shell:Creating prefix chain script '/home/g1/ff_ws/install/setup.sh'
[3.821s] INFO:colcon.colcon_core.shell:Creating prefix script '/home/g1/ff_ws/install/local_setup.bash'
[3.822s] INFO:colcon.colcon_core.shell:Creating prefix chain script '/home/g1/ff_ws/install/setup.bash'
[3.824s] INFO:colcon.colcon_core.shell:Creating prefix script '/home/g1/ff_ws/install/local_setup.zsh'
[3.825s] INFO:colcon.colcon_core.shell:Creating prefix chain script '/home/g1/ff_ws/install/setup.zsh'
